1: 0 2: 1033 3: 0 
=== Logging started: 9/1/2022  3:28:06 ===
Message type: 0, Argument: 1033, 0
Message type: 1, Argument: Python 3.10.6 Utility Scripts (64-bit)
Action 3:28:06: INSTALL. 
Action start 3:28:06: INSTALL.
1: 0 2: 1033 3: 0 
1: 0 2: 1033 3: 0 
=== Logging started: 9/1/2022  3:28:06 ===
Message type: 0, Argument: 1033, 0
Message type: 1, Argument: Python 3.10.6 Utility Scripts (64-bit)
Action 3:28:06: INSTALL. 
Action start 3:28:06: INSTALL.
1: Python 3.10.6 Utility Scripts (64-bit) 2: {1D60E386-848D-45D1-BB0A-7E26A3E32011} 
Action 3:28:06: FindRelatedProducts. Searching for related applications
Action start 3:28:06: FindRelatedProducts.
Action ended 3:28:06: FindRelatedProducts. Return value 1.
Action 3:28:06: AppSearch. Searching for installed applications
Action start 3:28:06: AppSearch.
Property: TARGETDIR, Signature: PythonExe_Directory
Action ended 3:28:06: AppSearch. Return value 1.
Action 3:28:06: LaunchConditions. Evaluating launch conditions
Action start 3:28:06: LaunchConditions.
Action ended 3:28:06: LaunchConditions. Return value 1.
Action 3:28:06: ValidateProductID. 
Action start 3:28:06: ValidateProductID.
Action ended 3:28:06: ValidateProductID. Return value 1.
Action 3:28:06: CostInitialize. Computing space requirements
Action start 3:28:06: CostInitialize.
Action ended 3:28:06: CostInitialize. Return value 1.
Action 3:28:06: FileCost. Computing space requirements
Action start 3:28:06: FileCost.
Action ended 3:28:06: FileCost. Return value 1.
Action 3:28:06: CostFinalize. Computing space requirements
Action start 3:28:06: CostFinalize.
Action ended 3:28:06: CostFinalize. Return value 1.
Action 3:28:06: InstallValidate. Validating install
Action start 3:28:06: InstallValidate.
Action ended 3:28:06: InstallValidate. Return value 1.
Action 3:28:06: InstallInitialize. 
Action start 3:28:06: InstallInitialize.
Action ended 3:28:06: InstallInitialize. Return value 1.
Action 3:28:06: ProcessComponents. Updating component registration
Action start 3:28:06: ProcessComponents.
Action ended 3:28:06: ProcessComponents. Return value 1.
Action 3:28:06: UnpublishFeatures. Unpublishing Product Features
Action start 3:28:06: UnpublishFeatures.
Action ended 3:28:06: UnpublishFeatures. Return value 1.
Action 3:28:06: RemoveRegistryValues. Removing system registry values
Action start 3:28:06: RemoveRegistryValues.
Action ended 3:28:06: RemoveRegistryValues. Return value 1.
Action 3:28:06: RemoveFiles. Removing files
Action start 3:28:06: RemoveFiles.
Action ended 3:28:06: RemoveFiles. Return value 1.
Action 3:28:06: RemoveFolders. Removing folders
Action start 3:28:06: RemoveFolders.
Action ended 3:28:06: RemoveFolders. Return value 1.
Action 3:28:06: CreateFolders. Creating folders
Action start 3:28:06: CreateFolders.
Action ended 3:28:06: CreateFolders. Return value 1.
Action 3:28:06: InstallFiles. Copying new files
Action start 3:28:06: InstallFiles.
Action ended 3:28:06: InstallFiles. Return value 1.
Action 3:28:06: WriteRegistryValues. Writing system registry values
Action start 3:28:06: WriteRegistryValues.
Action ended 3:28:06: WriteRegistryValues. Return value 1.
Action 3:28:06: RegisterUser. Registering user
Action start 3:28:06: RegisterUser.
Action ended 3:28:06: RegisterUser. Return value 1.
Action 3:28:06: RegisterProduct. Registering product
Action start 3:28:06: RegisterProduct.
Action ended 3:28:06: RegisterProduct. Return value 1.
Action 3:28:06: PublishFeatures. Publishing Product Features
Action start 3:28:06: PublishFeatures.
Action ended 3:28:06: PublishFeatures. Return value 1.
Action 3:28:06: PublishProduct. Publishing product information
Action start 3:28:06: PublishProduct.
Action ended 3:28:06: PublishProduct. Return value 1.
Action 3:28:06: InstallFinalize. 
Action start 3:28:06: InstallFinalize.
Action 3:28:06: ProcessComponents. Updating component registration
Action start 3:28:06: ProcessComponents.
1: {1D60E386-848D-45D1-BB0A-7E26A3E32011} 2: {6127D232-6912-51B9-BC20-BF27512DF96C} 3: C:\users\root\AppData\Local\Programs\Python\Python310\Tools\scripts\abitype.py 
1: {1D60E386-848D-45D1-BB0A-7E26A3E32011} 2: {3B4F89C5-19E0-5235-9D86-2EFC939768EE} 3: C:\users\root\AppData\Local\Programs\Python\Python310\Tools\scripts\analyze_dxp.py 
1: {1D60E386-848D-45D1-BB0A-7E26A3E32011} 2: {CB50C27C-C234-57E3-ADE3-A24F1599D838} 3: C:\users\root\AppData\Local\Programs\Python\Python310\Tools\scripts\byext.py 
1: {1D60E386-848D-45D1-BB0A-7E26A3E32011} 2: {F9C8EF39-B48C-5AB1-9AC8-2DF4AF6F8387} 3: C:\users\root\AppData\Local\Programs\Python\Python310\Tools\scripts\byteyears.py 
1: {1D60E386-848D-45D1-BB0A-7E26A3E32011} 2: {961EE586-2A94-522C-B19F-84C834FB6B85} 3: C:\users\root\AppData\Local\Programs\Python\Python310\Tools\scripts\checkpip.py 
1: {1D60E386-848D-45D1-BB0A-7E26A3E32011} 2: {7DCDBB11-D5ED-5F89-83E2-7CAEFDE664CE} 3: C:\users\root\AppData\Local\Programs\Python\Python310\Tools\scripts\cleanfuture.py 
1: {1D60E386-848D-45D1-BB0A-7E26A3E32011} 2: {24BB435D-CD96-5489-A349-739E8E10D274} 3: C:\users\root\AppData\Local\Programs\Python\Python310\Tools\scripts\combinerefs.py 
1: {1D60E386-848D-45D1-BB0A-7E26A3E32011} 2: {CE41DCFD-BB39-54F6-8AC7-B238EA496F78} 3: C:\users\root\AppData\Local\Programs\Python\Python310\Tools\scripts\copytime.py 
1: {1D60E386-848D-45D1-BB0A-7E26A3E32011} 2: {1F4518B4-CE4A-5F0A-9D12-FCE074C08C70} 3: C:\users\root\AppData\Local\Programs\Python\Python310\Tools\scripts\crlf.py 
1: {1D60E386-848D-45D1-BB0A-7E26A3E32011} 2: {AA5C3917-3611-5C06-8C2F-5C8AC6626335} 3: C:\users\root\AppData\Local\Programs\Python\Python310\Tools\scripts\db2pickle.py 
1: {1D60E386-848D-45D1-BB0A-7E26A3E32011} 2: {F0828FB1-12F1-5864-B057-AD1B00330791} 3: C:\users\root\AppData\Local\Programs\Python\Python310\Tools\scripts\diff.py 
1: {1D60E386-848D-45D1-BB0A-7E26A3E32011} 2: {255B8975-4D0B-5DF7-964D-E1B79FEBEAB7} 3: C:\users\root\AppData\Local\Programs\Python\Python310\Tools\scripts\dutree.py 
1: {1D60E386-848D-45D1-BB0A-7E26A3E32011} 2: {973F018C-E04E-5F62-921B-6E0C236A47EF} 3: C:\users\root\AppData\Local\Programs\Python\Python310\Tools\scripts\eptags.py 
1: {1D60E386-848D-45D1-BB0A-7E26A3E32011} 2: {F94EB9D5-A118-53DA-8B6E-E74E7DBE2E71} 3: C:\users\root\AppData\Local\Programs\Python\Python310\Tools\scripts\find-uname.py 
1: {1D60E386-848D-45D1-BB0A-7E26A3E32011} 2: {46E3D0B9-107D-526C-864F-9DB5BA1B0364} 3: C:\users\root\AppData\Local\Programs\Python\Python310\Tools\scripts\finddiv.py 
1: {1D60E386-848D-45D1-BB0A-7E26A3E32011} 2: {8CA7A393-5E06-5987-8824-59F39A250EB5} 3: C:\users\root\AppData\Local\Programs\Python\Python310\Tools\scripts\findlinksto.py 
1: {1D60E386-848D-45D1-BB0A-7E26A3E32011} 2: {704C7680-33C2-5BC2-9C28-9A33274C05E5} 3: C:\users\root\AppData\Local\Programs\Python\Python310\Tools\scripts\findnocoding.py 
1: {1D60E386-848D-45D1-BB0A-7E26A3E32011} 2: {B55FAD22-2249-5093-9277-9CB6137EF1E0} 3: C:\users\root\AppData\Local\Programs\Python\Python310\Tools\scripts\find_recursionlimit.py 
1: {1D60E386-848D-45D1-BB0A-7E26A3E32011} 2: {80367809-C541-589D-932C-D7A97FD2A46F} 3: C:\users\root\AppData\Local\Programs\Python\Python310\Tools\scripts\fixcid.py 
1: {1D60E386-848D-45D1-BB0A-7E26A3E32011} 2: {588A174C-903E-548A-8D8D-38E5C032FFE0} 3: C:\users\root\AppData\Local\Programs\Python\Python310\Tools\scripts\fixdiv.py 
1: {1D60E386-848D-45D1-BB0A-7E26A3E32011} 2: {12851DB8-0378-574A-9F22-EA3B32510A51} 3: C:\users\root\AppData\Local\Programs\Python\Python310\Tools\scripts\fixheader.py 
1: {1D60E386-848D-45D1-BB0A-7E26A3E32011} 2: {2392F30C-BFAB-59C6-91D3-B1A7FC9EDF99} 3: C:\users\root\AppData\Local\Programs\Python\Python310\Tools\scripts\fixnotice.py 
1: {1D60E386-848D-45D1-BB0A-7E26A3E32011} 2: {94832949-9C1C-5482-A0A9-5049171C588D} 3: C:\users\root\AppData\Local\Programs\Python\Python310\Tools\scripts\fixps.py 
1: {1D60E386-848D-45D1-BB0A-7E26A3E32011} 2: {F802D15D-477C-5CC7-8684-1C56A8773971} 3: C:\users\root\AppData\Local\Programs\Python\Python310\Tools\scripts\generate_opcode_h.py 
1: {1D60E386-848D-45D1-BB0A-7E26A3E32011} 2: {AC9AA9BC-1B95-59EE-B65B-41B672287E96} 3: C:\users\root\AppData\Local\Programs\Python\Python310\Tools\scripts\generate_stdlib_module_names.py 
1: {1D60E386-848D-45D1-BB0A-7E26A3E32011} 2: {7A97824F-3583-540F-96A3-596A11CFEC58} 3: C:\users\root\AppData\Local\Programs\Python\Python310\Tools\scripts\generate_token.py 
1: {1D60E386-848D-45D1-BB0A-7E26A3E32011} 2: {20C1BB18-EF1E-5F32-BB9F-EAEA0E3F4061} 3: C:\users\root\AppData\Local\Programs\Python\Python310\Tools\scripts\get-remote-certificate.py 
1: {1D60E386-848D-45D1-BB0A-7E26A3E32011} 2: {61D653B1-40EA-5F3E-9599-44A8B2BFE5A9} 3: C:\users\root\AppData\Local\Programs\Python\Python310\Tools\scripts\google.py 
1: {1D60E386-848D-45D1-BB0A-7E26A3E32011} 2: {84D74B41-D2B3-58C1-8A48-30FCB6418C69} 3: C:\users\root\AppData\Local\Programs\Python\Python310\Tools\scripts\gprof2html.py 
1: {1D60E386-848D-45D1-BB0A-7E26A3E32011} 2: {179828FC-839C-50E5-880F-66A39EB24CE3} 3: C:\users\root\AppData\Local\Programs\Python\Python310\Tools\scripts\highlight.py 
1: {1D60E386-848D-45D1-BB0A-7E26A3E32011} 2: {84FFD85A-C4E3-578A-803C-A53DC25BFF2C} 3: C:\users\root\AppData\Local\Programs\Python\Python310\Tools\scripts\ifdef.py 
1: {1D60E386-848D-45D1-BB0A-7E26A3E32011} 2: {3FA9786E-ED1B-512A-861E-0EA9E31C46F3} 3: C:\users\root\AppData\Local\Programs\Python\Python310\Tools\scripts\import_diagnostics.py 
1: {1D60E386-848D-45D1-BB0A-7E26A3E32011} 2: {F9E004B6-0921-53C5-9CB3-FFE3BE9168D9} 3: C:\users\root\AppData\Local\Programs\Python\Python310\Tools\scripts\lfcr.py 
1: {1D60E386-848D-45D1-BB0A-7E26A3E32011} 2: {468BDDE7-5C78-5F07-94DC-EADD60072340} 3: C:\users\root\AppData\Local\Programs\Python\Python310\Tools\scripts\linktree.py 
1: {1D60E386-848D-45D1-BB0A-7E26A3E32011} 2: {E75C6F7F-8E7D-5A8D-861D-1A5C6F15A087} 3: C:\users\root\AppData\Local\Programs\Python\Python310\Tools\scripts\lll.py 
1: {1D60E386-848D-45D1-BB0A-7E26A3E32011} 2: {16AC8FDA-2CA2-5957-A9AA-2B77310C4412} 3: C:\users\root\AppData\Local\Programs\Python\Python310\Tools\scripts\mailerdaemon.py 
1: {1D60E386-848D-45D1-BB0A-7E26A3E32011} 2: {14E1ACA2-6D25-5A50-9D3B-D3AAE91C3596} 3: C:\users\root\AppData\Local\Programs\Python\Python310\Tools\scripts\make_ctype.py 
1: {1D60E386-848D-45D1-BB0A-7E26A3E32011} 2: {2EFB45A0-DC2F-56F8-AB70-E378BAECCCE2} 3: C:\users\root\AppData\Local\Programs\Python\Python310\Tools\scripts\md5sum.py 
1: {1D60E386-848D-45D1-BB0A-7E26A3E32011} 2: {D245FFA6-8E8A-5F15-9A2C-63F4D9258878} 3: C:\users\root\AppData\Local\Programs\Python\Python310\Tools\scripts\mkreal.py 
1: {1D60E386-848D-45D1-BB0A-7E26A3E32011} 2: {4CCB58D0-82F9-537C-9AF1-F73844F0AE57} 3: C:\users\root\AppData\Local\Programs\Python\Python310\Tools\scripts\ndiff.py 
1: {1D60E386-848D-45D1-BB0A-7E26A3E32011} 2: {B0D8B950-7732-5DB5-BE69-60413918BF0C} 3: C:\users\root\AppData\Local\Programs\Python\Python310\Tools\scripts\nm2def.py 
1: {1D60E386-848D-45D1-BB0A-7E26A3E32011} 2: {F11C4DA5-8058-5A10-AADE-589552068530} 3: C:\users\root\AppData\Local\Programs\Python\Python310\Tools\scripts\objgraph.py 
1: {1D60E386-848D-45D1-BB0A-7E26A3E32011} 2: {E0E0206D-7ED0-5BCC-A6AA-BCE5C43F04A9} 3: C:\users\root\AppData\Local\Programs\Python\Python310\Tools\scripts\parseentities.py 
1: {1D60E386-848D-45D1-BB0A-7E26A3E32011} 2: {5EB42006-3F3D-5EB5-B093-E063B0485C8F} 3: C:\users\root\AppData\Local\Programs\Python\Python310\Tools\scripts\parse_html5_entities.py 
1: {1D60E386-848D-45D1-BB0A-7E26A3E32011} 2: {EBDD4147-5058-5677-BD37-EAA92FC5457F} 3: C:\users\root\AppData\Local\Programs\Python\Python310\Tools\scripts\patchcheck.py 
1: {1D60E386-848D-45D1-BB0A-7E26A3E32011} 2: {78EB3CE5-8740-5B71-8712-080FCC0C5369} 3: C:\users\root\AppData\Local\Programs\Python\Python310\Tools\scripts\pathfix.py 
1: {1D60E386-848D-45D1-BB0A-7E26A3E32011} 2: {2A0FC6EA-3242-52A3-AA78-1CD1AAE6153F} 3: C:\users\root\AppData\Local\Programs\Python\Python310\Tools\scripts\pdeps.py 
1: {1D60E386-848D-45D1-BB0A-7E26A3E32011} 2: {DBFB6F21-B1EC-5959-B69F-3652AA4CEDFE} 3: C:\users\root\AppData\Local\Programs\Python\Python310\Tools\scripts\pep384_macrocheck.py 
1: {1D60E386-848D-45D1-BB0A-7E26A3E32011} 2: {14CAA238-D398-5F8D-B8ED-36F137EADD36} 3: C:\users\root\AppData\Local\Programs\Python\Python310\Tools\scripts\pickle2db.py 
1: {1D60E386-848D-45D1-BB0A-7E26A3E32011} 2: {0F3F64E8-FC00-54C4-9630-1A06540D9892} 3: C:\users\root\AppData\Local\Programs\Python\Python310\Tools\scripts\pindent.py 
1: {1D60E386-848D-45D1-BB0A-7E26A3E32011} 2: {D4A33BAE-2D2D-57BF-A14C-DE1E686B747C} 3: C:\users\root\AppData\Local\Programs\Python\Python310\Tools\scripts\ptags.py 
1: {1D60E386-848D-45D1-BB0A-7E26A3E32011} 2: {F87F8760-4FCF-52A8-B71F-FC173CF9DF27} 3: C:\users\root\AppData\Local\Programs\Python\Python310\Tools\scripts\pysource.py 
1: {1D60E386-848D-45D1-BB0A-7E26A3E32011} 2: {8BD2E93C-9508-5310-AB0A-41D0B1E30E16} 3: C:\users\root\AppData\Local\Programs\Python\Python310\Tools\scripts\reindent-rst.py 
1: {1D60E386-848D-45D1-BB0A-7E26A3E32011} 2: {4B870B9F-5B7C-546C-B9E0-8EC66D40BF9B} 3: C:\users\root\AppData\Local\Programs\Python\Python310\Tools\scripts\reindent.py 
1: {1D60E386-848D-45D1-BB0A-7E26A3E32011} 2: {7B810D92-320B-5395-9426-DD47A75694CE} 3: C:\users\root\AppData\Local\Programs\Python\Python310\Tools\scripts\rgrep.py 
1: {1D60E386-848D-45D1-BB0A-7E26A3E32011} 2: {205748D7-F24B-5B0C-A62D-0F463E422C03} 3: C:\users\root\AppData\Local\Programs\Python\Python310\Tools\scripts\run_tests.py 
1: {1D60E386-848D-45D1-BB0A-7E26A3E32011} 2: {9E3B2C31-B050-5A14-9D44-F9E66707B6B0} 3: C:\users\root\AppData\Local\Programs\Python\Python310\Tools\scripts\serve.py 
1: {1D60E386-848D-45D1-BB0A-7E26A3E32011} 2: {4DC97C43-0E8C-58AA-A159-1C6167CCA2CF} 3: C:\users\root\AppData\Local\Programs\Python\Python310\Tools\scripts\smelly.py 
1: {1D60E386-848D-45D1-BB0A-7E26A3E32011} 2: {30A70265-D85B-5716-8D97-CF2A38041090} 3: C:\users\root\AppData\Local\Programs\Python\Python310\Tools\scripts\stable_abi.py 
1: {1D60E386-848D-45D1-BB0A-7E26A3E32011} 2: {67355683-29C4-50CE-AC4D-DDD709A6650F} 3: C:\users\root\AppData\Local\Programs\Python\Python310\Tools\scripts\suff.py 
1: {1D60E386-848D-45D1-BB0A-7E26A3E32011} 2: {7E4D6B0A-E107-524F-B81C-4CB5A94F41E7} 3: C:\users\root\AppData\Local\Programs\Python\Python310\Tools\scripts\texi2html.py 
1: {1D60E386-848D-45D1-BB0A-7E26A3E32011} 2: {10720F5C-6BEA-5B4A-BB0A-4936365FD4E6} 3: C:\users\root\AppData\Local\Programs\Python\Python310\Tools\scripts\untabify.py 
1: {1D60E386-848D-45D1-BB0A-7E26A3E32011} 2: {258C917F-D4A9-5942-96BE-8FBCC40800C3} 3: C:\users\root\AppData\Local\Programs\Python\Python310\Tools\scripts\update_file.py 
1: {1D60E386-848D-45D1-BB0A-7E26A3E32011} 2: {5A3D35C0-08CB-5F28-9DB4-6C5C9AB355E5} 3: C:\users\root\AppData\Local\Programs\Python\Python310\Tools\scripts\var_access_benchmark.py 
1: {1D60E386-848D-45D1-BB0A-7E26A3E32011} 2: {2547F133-F8E8-5738-A95C-EF5955349BD7} 3: C:\users\root\AppData\Local\Programs\Python\Python310\Tools\scripts\verify_ensurepip_wheels.py 
1: {1D60E386-848D-45D1-BB0A-7E26A3E32011} 2: {664D0780-1681-5522-BFE6-D4410900F566} 3: C:\users\root\AppData\Local\Programs\Python\Python310\Tools\scripts\which.py 
1: {1D60E386-848D-45D1-BB0A-7E26A3E32011} 2: {849F84CE-4202-505C-AC6E-C7C2089F9811} 3: C:\users\root\AppData\Local\Programs\Python\Python310\Tools\scripts\win_add2path.py 
1: {1D60E386-848D-45D1-BB0A-7E26A3E32011} 2: {18583BA1-B1A0-5E5C-AE18-0D63AD23B93E} 3: C:\users\root\AppData\Local\Programs\Python\Python310\Tools\i18n\makelocalealias.py 
1: {1D60E386-848D-45D1-BB0A-7E26A3E32011} 2: {FBCE9A99-DA28-5C41-A0AF-61DE1014FB90} 3: C:\users\root\AppData\Local\Programs\Python\Python310\Tools\i18n\msgfmt.py 
1: {1D60E386-848D-45D1-BB0A-7E26A3E32011} 2: {C4640AEF-54F8-5DB3-8A0B-345393427D5F} 3: C:\users\root\AppData\Local\Programs\Python\Python310\Tools\i18n\pygettext.py 
1: {1D60E386-848D-45D1-BB0A-7E26A3E32011} 2: {09ABDE31-2FEE-5790-9C64-E8D968669BFE} 3: C:\users\root\AppData\Local\Programs\Python\Python310\Tools\pynche\ChipViewer.py 
1: {1D60E386-848D-45D1-BB0A-7E26A3E32011} 2: {03849352-C8A0-5B74-9174-A42D5F18AE6A} 3: C:\users\root\AppData\Local\Programs\Python\Python310\Tools\pynche\ColorDB.py 
1: {1D60E386-848D-45D1-BB0A-7E26A3E32011} 2: {26CF817C-7C3A-5922-893E-8957F64C0584} 3: C:\users\root\AppData\Local\Programs\Python\Python310\Tools\pynche\DetailsViewer.py 
1: {1D60E386-848D-45D1-BB0A-7E26A3E32011} 2: {FDE4190A-5079-58CF-8F68-007485F885AF} 3: C:\users\root\AppData\Local\Programs\Python\Python310\Tools\pynche\ListViewer.py 
1: {1D60E386-848D-45D1-BB0A-7E26A3E32011} 2: {CCF366F8-F9BF-5E07-8889-E230009E01BA} 3: C:\users\root\AppData\Local\Programs\Python\Python310\Tools\pynche\Main.py 
1: {1D60E386-848D-45D1-BB0A-7E26A3E32011} 2: {2DF993B8-9DB3-5F39-B71C-BF6CF32AE524} 3: C:\users\root\AppData\Local\Programs\Python\Python310\Tools\pynche\pyColorChooser.py 
1: {1D60E386-848D-45D1-BB0A-7E26A3E32011} 2: {A9041987-247C-5320-AE60-6F20DD6030A0} 3: C:\users\root\AppData\Local\Programs\Python\Python310\Tools\pynche\PyncheWidget.py 
1: {1D60E386-848D-45D1-BB0A-7E26A3E32011} 2: {6610BE74-D3CA-5AFB-856A-F1FF7683EB18} 3: C:\users\root\AppData\Local\Programs\Python\Python310\Tools\pynche\StripViewer.py 
1: {1D60E386-848D-45D1-BB0A-7E26A3E32011} 2: {0C398FBF-C481-5CB6-A086-BAB2EED56F21} 3: C:\users\root\AppData\Local\Programs\Python\Python310\Tools\pynche\Switchboard.py 
1: {1D60E386-848D-45D1-BB0A-7E26A3E32011} 2: {FE329699-52AC-5EC4-AFF5-F8EDB83245FA} 3: C:\users\root\AppData\Local\Programs\Python\Python310\Tools\pynche\TextViewer.py 
1: {1D60E386-848D-45D1-BB0A-7E26A3E32011} 2: {3E0076C3-11FC-5ACD-B190-1683D6EA75BD} 3: C:\users\root\AppData\Local\Programs\Python\Python310\Tools\pynche\TypeinViewer.py 
1: {1D60E386-848D-45D1-BB0A-7E26A3E32011} 2: {EA82F4C1-F806-5AF1-BC0B-2595D2173556} 3: C:\users\root\AppData\Local\Programs\Python\Python310\Tools\pynche\__init__.py 
1: {1D60E386-848D-45D1-BB0A-7E26A3E32011} 2: {F50B4514-ADE3-5EB7-B116-ABF7B4CFA620} 3: C:\users\root\AppData\Local\Programs\Python\Python310\Tools\pynche\pynche.pyw 
1: {1D60E386-848D-45D1-BB0A-7E26A3E32011} 2: {EA2960BC-B466-5FAB-98BE-9B287F3BCCE1} 3: C:\users\root\AppData\Local\Programs\Python\Python310\Tools\pynche\html40colors.txt 
1: {1D60E386-848D-45D1-BB0A-7E26A3E32011} 2: {A9E975D4-0C63-5780-BCAC-9C3458C34799} 3: C:\users\root\AppData\Local\Programs\Python\Python310\Tools\pynche\namedcolors.txt 
1: {1D60E386-848D-45D1-BB0A-7E26A3E32011} 2: {EA77C7A3-83B2-515F-854B-3C082E7B4EEC} 3: C:\users\root\AppData\Local\Programs\Python\Python310\Tools\pynche\webcolors.txt 
1: {1D60E386-848D-45D1-BB0A-7E26A3E32011} 2: {B9FA1A9E-9CE5-5E33-AC9E-1B97C6EDA3C8} 3: C:\users\root\AppData\Local\Programs\Python\Python310\Tools\pynche\websafe.txt 
1: {1D60E386-848D-45D1-BB0A-7E26A3E32011} 2: {CBDA5A62-1873-5446-A7F0-44E87CA8F3B9} 3: C:\users\root\AppData\Local\Programs\Python\Python310\Tools\pynche\X\rgb.txt 
1: {1D60E386-848D-45D1-BB0A-7E26A3E32011} 2: {7334525D-D6D8-56A3-842E-F6F1B31CCB15} 3: C:\users\root\AppData\Local\Programs\Python\Python310\Tools\pynche\X\xlicense.txt 
1: {1D60E386-848D-45D1-BB0A-7E26A3E32011} 2: {66A3716A-2181-5805-8F75-ABB9373C8D7A} 3: C:\users\root\AppData\Local\Programs\Python\Python310\Tools\demo\beer.py 
1: {1D60E386-848D-45D1-BB0A-7E26A3E32011} 2: {3D4ABAE5-CC26-5B34-9558-4658ADA291FA} 3: C:\users\root\AppData\Local\Programs\Python\Python310\Tools\demo\eiffel.py 
1: {1D60E386-848D-45D1-BB0A-7E26A3E32011} 2: {91005593-F252-5135-8CBC-DBB988E17E7E} 3: C:\users\root\AppData\Local\Programs\Python\Python310\Tools\demo\hanoi.py 
1: {1D60E386-848D-45D1-BB0A-7E26A3E32011} 2: {4201A2DD-E516-5F84-8853-40E853AB32CE} 3: C:\users\root\AppData\Local\Programs\Python\Python310\Tools\demo\life.py 
1: {1D60E386-848D-45D1-BB0A-7E26A3E32011} 2: {50EDEE8F-0910-583A-B3B6-0934E8CC9D54} 3: C:\users\root\AppData\Local\Programs\Python\Python310\Tools\demo\markov.py 
1: {1D60E386-848D-45D1-BB0A-7E26A3E32011} 2: {A88A78F6-7C86-5083-9D5F-CBFBD98D8E73} 3: C:\users\root\AppData\Local\Programs\Python\Python310\Tools\demo\mcast.py 
1: {1D60E386-848D-45D1-BB0A-7E26A3E32011} 2: {B056075B-D597-57DE-BC67-721BFB425631} 3: C:\users\root\AppData\Local\Programs\Python\Python310\Tools\demo\queens.py 
1: {1D60E386-848D-45D1-BB0A-7E26A3E32011} 2: {71DDA2FF-75B4-55BF-88CA-1C362524A462} 3: C:\users\root\AppData\Local\Programs\Python\Python310\Tools\demo\redemo.py 
1: {1D60E386-848D-45D1-BB0A-7E26A3E32011} 2: {A3B3F23B-BDB8-5E50-A5F4-A1DE7376ECD8} 3: C:\users\root\AppData\Local\Programs\Python\Python310\Tools\demo\rpython.py 
1: {1D60E386-848D-45D1-BB0A-7E26A3E32011} 2: {B9A6842A-906F-53A7-AA5A-C75BD380ED70} 3: C:\users\root\AppData\Local\Programs\Python\Python310\Tools\demo\rpythond.py 
1: {1D60E386-848D-45D1-BB0A-7E26A3E32011} 2: {036E61AF-58AC-593F-902B-02E3A9BBC52D} 3: C:\users\root\AppData\Local\Programs\Python\Python310\Tools\demo\sortvisu.py 
1: {1D60E386-848D-45D1-BB0A-7E26A3E32011} 2: {035F3F73-BE03-59A8-A005-54786E72C9F3} 3: C:\users\root\AppData\Local\Programs\Python\Python310\Tools\demo\spreadsheet.py 
1: {1D60E386-848D-45D1-BB0A-7E26A3E32011} 2: {803B5A31-878D-532E-843E-06C8486026B3} 3: C:\users\root\AppData\Local\Programs\Python\Python310\Tools\demo\vector.py 
1: {1D60E386-848D-45D1-BB0A-7E26A3E32011} 2: {2E6A707A-11E6-11ED-808F-000D3A305281} 3: C:\users\root\AppData\Local\Programs\Python\Python310\ 
1: {1D60E386-848D-45D1-BB0A-7E26A3E32011} 2: {2CA6E6EF-BEE2-5994-9CF6-FD32438EC930} 3: C:\users\root\AppData\Local\Programs\Python\Python310\Tools\scripts\2to3.py 
1: {1D60E386-848D-45D1-BB0A-7E26A3E32011} 2: {476536A1-A52B-58D9-AB8D-7FBEFD4F38C8} 3: C:\users\root\AppData\Local\Programs\Python\Python310\Tools\scripts\pydoc3.py 
1: {1D60E386-848D-45D1-BB0A-7E26A3E32011} 2: {6EC8C477-A649-543F-8C42-06BEDF929B77} 3: C:\users\root\AppData\Local\Programs\Python\Python310\DLLs\python_tools.cat 
1: {1D60E386-848D-45D1-BB0A-7E26A3E32011} 2: {55E465C4-7613-55A6-8DC1-D3CF921CB2D9} 3: -1:\Software\Python\PythonCore\3.10\InstalledFeatures\tools 
Action ended 3:28:06: ProcessComponents. Return value 1.
Action 3:28:06: UnpublishFeatures. Unpublishing Product Features
Action start 3:28:06: UnpublishFeatures.
Action ended 3:28:06: UnpublishFeatures. Return value 1.
Action 3:28:06: RemoveRegistryValues. Removing system registry values
Action start 3:28:06: RemoveRegistryValues.
Action ended 3:28:06: RemoveRegistryValues. Return value 1.
Action 3:28:06: RemoveFiles. Removing files
Action start 3:28:06: RemoveFiles.
File: python_tools.cat, Directory: Catalogs
File: beer.py, Directory: Tools_demo
File: eiffel.py, Directory: Tools_demo
File: hanoi.py, Directory: Tools_demo
File: life.py, Directory: Tools_demo
File: markov.py, Directory: Tools_demo
File: mcast.py, Directory: Tools_demo
File: queens.py, Directory: Tools_demo
File: redemo.py, Directory: Tools_demo
File: rpython.py, Directory: Tools_demo
File: rpythond.py, Directory: Tools_demo
File: sortvisu.py, Directory: Tools_demo
File: spreadsheet.py, Directory: Tools_demo
File: vector.py, Directory: Tools_demo
File: makelocalealias.py, Directory: Tools_i18n
File: msgfmt.py, Directory: Tools_i18n
File: pygettext.py, Directory: Tools_i18n
File: __init__.py, Directory: Tools_pynche
File: ChipViewer.py, Directory: Tools_pynche
File: ColorDB.py, Directory: Tools_pynche
File: DetailsViewer.py, Directory: Tools_pynche
File: html40colors.txt, Directory: Tools_pynche
File: ListViewer.py, Directory: Tools_pynche
File: Main.py, Directory: Tools_pynche
File: namedcolors.txt, Directory: Tools_pynche
File: pyColorChooser.py, Directory: Tools_pynche
File: pynche.pyw, Directory: Tools_pynche
File: PyncheWidget.py, Directory: Tools_pynche
File: StripViewer.py, Directory: Tools_pynche
File: Switchboard.py, Directory: Tools_pynche
File: TextViewer.py, Directory: Tools_pynche
File: TypeinViewer.py, Directory: Tools_pynche
File: webcolors.txt, Directory: Tools_pynche
File: websafe.txt, Directory: Tools_pynche
File: rgb.txt, Directory: Tools_pynche_X
File: xlicense.txt, Directory: Tools_pynche_X
File: 2to3.py, Directory: Tools_scripts
File: abitype.py, Directory: Tools_scripts
File: analyze_dxp.py, Directory: Tools_scripts
File: byext.py, Directory: Tools_scripts
File: byteyears.py, Directory: Tools_scripts
File: checkpip.py, Directory: Tools_scripts
File: cleanfuture.py, Directory: Tools_scripts
File: combinerefs.py, Directory: Tools_scripts
File: copytime.py, Directory: Tools_scripts
File: crlf.py, Directory: Tools_scripts
File: db2pickle.py, Directory: Tools_scripts
File: diff.py, Directory: Tools_scripts
File: dutree.py, Directory: Tools_scripts
File: eptags.py, Directory: Tools_scripts
File: find_recursionlimit.py, Directory: Tools_scripts
File: find-uname.py, Directory: Tools_scripts
File: finddiv.py, Directory: Tools_scripts
File: findlinksto.py, Directory: Tools_scripts
File: findnocoding.py, Directory: Tools_scripts
File: fixcid.py, Directory: Tools_scripts
File: fixdiv.py, Directory: Tools_scripts
File: fixheader.py, Directory: Tools_scripts
File: fixnotice.py, Directory: Tools_scripts
File: fixps.py, Directory: Tools_scripts
File: generate_opcode_h.py, Directory: Tools_scripts
File: generate_stdlib_module_names.py, Directory: Tools_scripts
File: generate_token.py, Directory: Tools_scripts
File: get-remote-certificate.py, Directory: Tools_scripts
File: google.py, Directory: Tools_scripts
File: gprof2html.py, Directory: Tools_scripts
File: highlight.py, Directory: Tools_scripts
File: ifdef.py, Directory: Tools_scripts
File: import_diagnostics.py, Directory: Tools_scripts
File: lfcr.py, Directory: Tools_scripts
File: linktree.py, Directory: Tools_scripts
File: lll.py, Directory: Tools_scripts
File: mailerdaemon.py, Directory: Tools_scripts
File: make_ctype.py, Directory: Tools_scripts
File: md5sum.py, Directory: Tools_scripts
File: mkreal.py, Directory: Tools_scripts
File: ndiff.py, Directory: Tools_scripts
File: nm2def.py, Directory: Tools_scripts
File: objgraph.py, Directory: Tools_scripts
File: parse_html5_entities.py, Directory: Tools_scripts
File: parseentities.py, Directory: Tools_scripts
File: patchcheck.py, Directory: Tools_scripts
File: pathfix.py, Directory: Tools_scripts
File: pdeps.py, Directory: Tools_scripts
File: pep384_macrocheck.py, Directory: Tools_scripts
File: pickle2db.py, Directory: Tools_scripts
File: pindent.py, Directory: Tools_scripts
File: ptags.py, Directory: Tools_scripts
File: pydoc3.py, Directory: Tools_scripts
File: pysource.py, Directory: Tools_scripts
File: reindent.py, Directory: Tools_scripts
File: reindent-rst.py, Directory: Tools_scripts
File: rgrep.py, Directory: Tools_scripts
File: run_tests.py, Directory: Tools_scripts
File: serve.py, Directory: Tools_scripts
File: smelly.py, Directory: Tools_scripts
File: stable_abi.py, Directory: Tools_scripts
File: suff.py, Directory: Tools_scripts
File: texi2html.py, Directory: Tools_scripts
File: untabify.py, Directory: Tools_scripts
File: update_file.py, Directory: Tools_scripts
File: var_access_benchmark.py, Directory: Tools_scripts
File: verify_ensurepip_wheels.py, Directory: Tools_scripts
File: which.py, Directory: Tools_scripts
File: win_add2path.py, Directory: Tools_scripts
Action ended 3:28:06: RemoveFiles. Return value 1.
Action 3:28:06: RemoveFolders. Removing folders
Action start 3:28:06: RemoveFolders.
Action ended 3:28:06: RemoveFolders. Return value 1.
Action 3:28:06: CreateFolders. Creating folders
Action start 3:28:06: CreateFolders.
Folder: Tools_demo___pycache__
Folder: Tools_scripts___pycache__
Folder: Tools_pynche___pycache__
Folder: Tools_i18n___pycache__
Action ended 3:28:06: CreateFolders. Return value 1.
Action 3:28:06: InstallFiles. Copying new files
Action start 3:28:06: InstallFiles.
File: python_tools.cat,  Directory: Catalogs,  Size: 29780
File: beer.py,  Directory: Tools_demo,  Size: 591
File: eiffel.py,  Directory: Tools_demo,  Size: 4057
File: hanoi.py,  Directory: Tools_demo,  Size: 4765
File: life.py,  Directory: Tools_demo,  Size: 9249
File: markov.py,  Directory: Tools_demo,  Size: 3816
File: mcast.py,  Directory: Tools_demo,  Size: 2305
File: queens.py,  Directory: Tools_demo,  Size: 2355
File: redemo.py,  Directory: Tools_demo,  Size: 5920
File: rpython.py,  Directory: Tools_demo,  Size: 848
File: rpythond.py,  Directory: Tools_demo,  Size: 1381
File: sortvisu.py,  Directory: Tools_demo,  Size: 20622
File: spreadsheet.py,  Directory: Tools_demo,  Size: 26452
File: vector.py,  Directory: Tools_demo,  Size: 1971
File: makelocalealias.py,  Directory: Tools_i18n,  Size: 5182
File: msgfmt.py,  Directory: Tools_i18n,  Size: 7838
File: pygettext.py,  Directory: Tools_i18n,  Size: 24878
File: __init__.py,  Directory: Tools_pynche,  Size: 48
File: ChipViewer.py,  Directory: Tools_pynche,  Size: 5128
File: ColorDB.py,  Directory: Tools_pynche,  Size: 9075
File: DetailsViewer.py,  Directory: Tools_pynche,  Size: 10389
File: html40colors.txt,  Directory: Tools_pynche,  Size: 262
File: ListViewer.py,  Directory: Tools_pynche,  Size: 6823
File: Main.py,  Directory: Tools_pynche,  Size: 6635
File: namedcolors.txt,  Directory: Tools_pynche,  Size: 5816
File: pyColorChooser.py,  Directory: Tools_pynche,  Size: 3884
File: pynche.pyw,  Directory: Tools_pynche,  Size: 188
File: PyncheWidget.py,  Directory: Tools_pynche,  Size: 10958
File: StripViewer.py,  Directory: Tools_pynche,  Size: 14086
File: Switchboard.py,  Directory: Tools_pynche,  Size: 4935
File: TextViewer.py,  Directory: Tools_pynche,  Size: 7057
File: TypeinViewer.py,  Directory: Tools_pynche,  Size: 6263
File: webcolors.txt,  Directory: Tools_pynche,  Size: 3229
File: websafe.txt,  Directory: Tools_pynche,  Size: 1966
File: rgb.txt,  Directory: Tools_pynche_X,  Size: 18128
File: xlicense.txt,  Directory: Tools_pynche_X,  Size: 1381
File: 2to3.py,  Directory: Tools_scripts,  Size: 101
File: abitype.py,  Directory: Tools_scripts,  Size: 5774
File: analyze_dxp.py,  Directory: Tools_scripts,  Size: 4312
File: byext.py,  Directory: Tools_scripts,  Size: 4036
File: byteyears.py,  Directory: Tools_scripts,  Size: 1711
File: checkpip.py,  Directory: Tools_scripts,  Size: 825
File: cleanfuture.py,  Directory: Tools_scripts,  Size: 8901
File: combinerefs.py,  Directory: Tools_scripts,  Size: 4583
File: copytime.py,  Directory: Tools_scripts,  Size: 689
File: crlf.py,  Directory: Tools_scripts,  Size: 655
File: db2pickle.py,  Directory: Tools_scripts,  Size: 3765
File: diff.py,  Directory: Tools_scripts,  Size: 2316
File: dutree.py,  Directory: Tools_scripts,  Size: 1698
File: eptags.py,  Directory: Tools_scripts,  Size: 1638
File: find_recursionlimit.py,  Directory: Tools_scripts,  Size: 4123
File: find-uname.py,  Directory: Tools_scripts,  Size: 1247
File: finddiv.py,  Directory: Tools_scripts,  Size: 2624
File: findlinksto.py,  Directory: Tools_scripts,  Size: 1114
File: findnocoding.py,  Directory: Tools_scripts,  Size: 3059
File: fixcid.py,  Directory: Tools_scripts,  Size: 10481
File: fixdiv.py,  Directory: Tools_scripts,  Size: 14619
File: fixheader.py,  Directory: Tools_scripts,  Size: 1408
File: fixnotice.py,  Directory: Tools_scripts,  Size: 3138
File: fixps.py,  Directory: Tools_scripts,  Size: 923
File: generate_opcode_h.py,  Directory: Tools_scripts,  Size: 2301
File: generate_stdlib_module_names.py,  Directory: Tools_scripts,  Size: 4810
File: generate_token.py,  Directory: Tools_scripts,  Size: 7249
File: get-remote-certificate.py,  Directory: Tools_scripts,  Size: 2765
File: google.py,  Directory: Tools_scripts,  Size: 526
File: gprof2html.py,  Directory: Tools_scripts,  Size: 2390
File: highlight.py,  Directory: Tools_scripts,  Size: 9427
File: ifdef.py,  Directory: Tools_scripts,  Size: 3815
File: import_diagnostics.py,  Directory: Tools_scripts,  Size: 1036
File: lfcr.py,  Directory: Tools_scripts,  Size: 664
File: linktree.py,  Directory: Tools_scripts,  Size: 2520
File: lll.py,  Directory: Tools_scripts,  Size: 775
File: mailerdaemon.py,  Directory: Tools_scripts,  Size: 8286
File: make_ctype.py,  Directory: Tools_scripts,  Size: 2374
File: md5sum.py,  Directory: Tools_scripts,  Size: 2611
File: mkreal.py,  Directory: Tools_scripts,  Size: 1696
File: ndiff.py,  Directory: Tools_scripts,  Size: 3953
File: nm2def.py,  Directory: Tools_scripts,  Size: 2587
File: objgraph.py,  Directory: Tools_scripts,  Size: 6153
File: parse_html5_entities.py,  Directory: Tools_scripts,  Size: 4104
File: parseentities.py,  Directory: Tools_scripts,  Size: 1804
File: patchcheck.py,  Directory: Tools_scripts,  Size: 11073
File: pathfix.py,  Directory: Tools_scripts,  Size: 7013
File: pdeps.py,  Directory: Tools_scripts,  Size: 4168
File: pep384_macrocheck.py,  Directory: Tools_scripts,  Size: 4867
File: pickle2db.py,  Directory: Tools_scripts,  Size: 4168
File: pindent.py,  Directory: Tools_scripts,  Size: 17633
File: ptags.py,  Directory: Tools_scripts,  Size: 1369
File: pydoc3.py,  Directory: Tools_scripts,  Size: 85
File: pysource.py,  Directory: Tools_scripts,  Size: 3994
File: reindent.py,  Directory: Tools_scripts,  Size: 11980
File: reindent-rst.py,  Directory: Tools_scripts,  Size: 293
File: rgrep.py,  Directory: Tools_scripts,  Size: 1647
File: run_tests.py,  Directory: Tools_scripts,  Size: 1876
File: serve.py,  Directory: Tools_scripts,  Size: 1260
File: smelly.py,  Directory: Tools_scripts,  Size: 5195
File: stable_abi.py,  Directory: Tools_scripts,  Size: 21411
File: suff.py,  Directory: Tools_scripts,  Size: 536
File: texi2html.py,  Directory: Tools_scripts,  Size: 72444
File: untabify.py,  Directory: Tools_scripts,  Size: 1351
File: update_file.py,  Directory: Tools_scripts,  Size: 790
File: var_access_benchmark.py,  Directory: Tools_scripts,  Size: 12209
File: verify_ensurepip_wheels.py,  Directory: Tools_scripts,  Size: 3282
File: which.py,  Directory: Tools_scripts,  Size: 1747
File: win_add2path.py,  Directory: Tools_scripts,  Size: 1716
Action ended 3:28:06: InstallFiles. Return value 1.
Action 3:28:06: WriteRegistryValues. Writing system registry values
Action start 3:28:06: WriteRegistryValues.
Key: HKEY_CURRENT_USER\Software\Python\PythonCore\3.10\InstalledFeatures, Name: tools, Value: 3.10.6150.0
Action ended 3:28:06: WriteRegistryValues. Return value 1.
Action 3:28:06: RegisterUser. Registering user
Action start 3:28:06: RegisterUser.
1:  
Action ended 3:28:06: RegisterUser. Return value 1.
Action 3:28:06: RegisterProduct. Registering product
Action start 3:28:06: RegisterProduct.
1: {1D60E386-848D-45D1-BB0A-7E26A3E32011} 
Action ended 3:28:06: RegisterProduct. Return value 1.
Action 3:28:06: PublishFeatures. Publishing Product Features
Action start 3:28:06: PublishFeatures.
Feature: DefaultFeature
Action ended 3:28:06: PublishFeatures. Return value 1.
Action 3:28:06: PublishProduct. Publishing product information
Action start 3:28:06: PublishProduct.
1: {1D60E386-848D-45D1-BB0A-7E26A3E32011} 
Action ended 3:28:06: PublishProduct. Return value 1.
Action ended 3:28:06: InstallFinalize. Return value 1.
Action ended 3:28:06: INSTALL. Return value 1.
1: Python 3.10.6 Utility Scripts (64-bit) 2: {1D60E386-848D-45D1-BB0A-7E26A3E32011} 3: 1 
Property(S): UpgradeCode = {F987FA17-11D0-5498-9245-12A45CB53192}
Property(S): TARGETDIR = C:\users\root\AppData\Local\Programs\Python\Python310\
Property(S): Tools_scripts = C:\users\root\AppData\Local\Programs\Python\Python310\Tools\scripts\
Property(S): Tools_i18n = C:\users\root\AppData\Local\Programs\Python\Python310\Tools\i18n\
Property(S): Tools_pynche = C:\users\root\AppData\Local\Programs\Python\Python310\Tools\pynche\
Property(S): Tools_pynche_X = C:\users\root\AppData\Local\Programs\Python\Python310\Tools\pynche\X\
Property(S): Tools_demo = C:\users\root\AppData\Local\Programs\Python\Python310\Tools\demo\
Property(S): Catalogs = C:\users\root\AppData\Local\Programs\Python\Python310\DLLs\
Property(S): InstallDirectory = C:\users\root\AppData\Local\Programs\Python\Python310\
Property(S): OPTIONALFEATURESREGISTRYKEY = Software\Python\PythonCore\3.10\InstalledFeatures
Property(S): Tools_demo___pycache__ = C:\users\root\AppData\Local\Programs\Python\Python310\Tools\demo\__pycache__\
Property(S): Tools_scripts___pycache__ = C:\users\root\AppData\Local\Programs\Python\Python310\Tools\scripts\__pycache__\
Property(S): Tools_pynche___pycache__ = C:\users\root\AppData\Local\Programs\Python\Python310\Tools\pynche\__pycache__\
Property(S): Tools_i18n___pycache__ = C:\users\root\AppData\Local\Programs\Python\Python310\Tools\i18n\__pycache__\
Property(S): Tools = C:\users\root\AppData\Local\Programs\Python\Python310\Tools\
Property(S): SourceDir = C:\users\root\AppData\Local\Package Cache\{1D60E386-848D-45D1-BB0A-7E26A3E32011}v3.10.6150.0\
Property(S): DLLs = C:\users\root\AppData\Local\Programs\Python\Python310\DLLs\
Property(S): Manufacturer = Python Software Foundation
Property(S): ProductCode = {1D60E386-848D-45D1-BB0A-7E26A3E32011}
Property(S): ProductLanguage = 1033
Property(S): ProductName = Python 3.10.6 Utility Scripts (64-bit)
Property(S): ProductVersion = 3.10.6150.0
Property(S): DetectTargetDir = 1
Property(S): UpgradeTable = 1
Property(S): SecureCustomProperties = DOWNGRADE;MISSING_CORE;UPGRADE
Property(S): AdminUser = 1
Property(S): Privileged = 1
Property(S): MsiRunningElevated = 1
Property(S): CommonAppDataFolder = C:\ProgramData\
Property(S): FavoritesFolder = C:\users\root\Favorites\
Property(S): FontsFolder = C:\windows\Fonts\
Property(S): SendToFolder = C:\users\root\AppData\Roaming\Microsoft\Windows\SendTo\
Property(S): StartMenuFolder = C:\users\root\AppData\Roaming\Microsoft\Windows\Start Menu\
Property(S): StartupFolder = C:\users\root\AppData\Roaming\Microsoft\Windows\Start Menu\Programs\StartUp\
Property(S): TemplateFolder = C:\users\root\AppData\Roaming\Microsoft\Windows\Templates\
Property(S): DesktopFolder = C:\users\root\Desktop\
Property(S): ProgramMenuFolder = C:\users\root\AppData\Roaming\Microsoft\Windows\Start Menu\Programs\
Property(S): AdminToolsFolder = C:\users\root\AppData\Roaming\Microsoft\Windows\Start Menu\Programs\Administrative Tools\
Property(S): AppDataFolder = C:\users\root\AppData\Roaming\
Property(S): SystemFolder = C:\windows\syswow64\
Property(S): System16Folder = C:\windows\system32\
Property(S): LocalAppDataFolder = C:\users\root\AppData\Local\
Property(S): MyPicturesFolder = C:\users\root\Pictures\
Property(S): PersonalFolder = C:\users\root\Documents\
Property(S): WindowsFolder = C:\windows\
Property(S): PrintHoodFolder = C:\users\root\AppData\Roaming\Microsoft\Windows\Printer Shortcuts\
Property(S): NetHoodFolder = C:\users\root\AppData\Roaming\Microsoft\Windows\Network Shortcuts\
Property(S): RecentFolder = C:\users\root\AppData\Roaming\Microsoft\Windows\Recent\
Property(S): PhysicalMemory = 23941
Property(S): WindowsVolume = C:\
Property(S): TempFolder = C:\users\root\Temp\
Property(S): VersionNT = 603
Property(S): MsiNTProductType = 1
Property(S): WindowsBuild = 9600
Property(S): ServicePackLevel = 0
Property(S): VersionMsi = 4.5
Property(S): VersionDatabase = 400
Property(S): Intel = 6
Property(S): MsiAMD64 = 6
Property(S): Msix64 = 6
Property(S): VersionNT64 = 603
Property(S): System64Folder = C:\windows\system32\
Property(S): ProgramFiles64Folder = C:\Program Files\
Property(S): ProgramFilesFolder = C:\Program Files (x86)\
Property(S): CommonFiles64Folder = C:\Program Files\Common Files\
Property(S): CommonFilesFolder = C:\Program Files (x86)\Common Files\
Property(S): ScreenX = 2560
Property(S): ScreenY = 1440
Property(S): ColorBits = 32
Property(S): UserSID = S-1-5-21-0-0-0-1000
Property(S): MsiNetAssemblySupport = 2.0.50727.4016
Property(S): UserLanguageID = 1033
Property(S): SystemLanguageID = 1033
Property(S): ProductState = -1
Property(S): LogonUser = root
Property(S): ComputerName = 94CCA55DD973
Property(S): UILevel = 2
Property(S): PackageCode = {10B43A8F-E391-4DA2-BAE8-071F9C57A174}
Property(S): DATABASE = C:\windows\Installer\7389.msi
Property(S): OriginalDatabase = C:\users\root\AppData\Local\Package Cache\{1D60E386-848D-45D1-BB0A-7E26A3E32011}v3.10.6150.0\tools.msi
Property(S): SOURCEDIR = C:\users\root\AppData\Local\Package Cache\{1D60E386-848D-45D1-BB0A-7E26A3E32011}v3.10.6150.0\
Property(S): ARPSYSTEMCOMPONENT = 1
Property(S): MSIFASTINSTALL = 7
Property(S): REBOOT = ReallySuppress
Property(S): ACTION = INSTALL
Property(S): EXECUTEACTION = INSTALL
Property(S): CostingComplete = 1
Property(S): ROOTDRIVE = C:\
Property(S): INSTALLLEVEL = 1
Property(S): OutOfDiskSpace = 0
Property(S): OutOfNoRbDiskSpace = 0
1: 2 2: 0 
1: 2 2: 1 
Action ended 3:28:06: INSTALL. Return value 1.
