1: 0 2: 1033 3: 0 
=== Logging started: 9/1/2022  3:28:02 ===
Message type: 0, Argument: 1033, 0
Message type: 1, Argument: Python 3.10.6 Executables (64-bit)
Action 3:28:02: INSTALL. 
Action start 3:28:02: INSTALL.
1: 0 2: 1033 3: 0 
1: 0 2: 1033 3: 0 
=== Logging started: 9/1/2022  3:28:02 ===
Message type: 0, Argument: 1033, 0
Message type: 1, Argument: Python 3.10.6 Executables (64-bit)
Action 3:28:02: INSTALL. 
Action start 3:28:02: INSTALL.
1: Python 3.10.6 Executables (64-bit) 2: {750538B5-3E77-4F94-A64A-D3F09E608CA2} 
Action 3:28:02: FindRelatedProducts. Searching for related applications
Action start 3:28:02: FindRelatedProducts.
Action ended 3:28:02: FindRelatedProducts. Return value 1.
Action 3:28:02: LaunchConditions. Evaluating launch conditions
Action start 3:28:02: LaunchConditions.
Action ended 3:28:02: LaunchConditions. Return value 1.
Action 3:28:02: ValidateProductID. 
Action start 3:28:02: ValidateProductID.
Action ended 3:28:02: ValidateProductID. Return value 1.
Action 3:28:02: CostInitialize. Computing space requirements
Action start 3:28:02: CostInitialize.
Action ended 3:28:02: CostInitialize. Return value 1.
Action 3:28:02: FileCost. Computing space requirements
Action start 3:28:02: FileCost.
Action ended 3:28:02: FileCost. Return value 1.
Action 3:28:02: CostFinalize. Computing space requirements
Action start 3:28:02: CostFinalize.
Action ended 3:28:02: CostFinalize. Return value 1.
Action 3:28:02: InstallValidate. Validating install
Action start 3:28:02: InstallValidate.
Action ended 3:28:02: InstallValidate. Return value 1.
Action 3:28:02: InstallInitialize. 
Action start 3:28:02: InstallInitialize.
Action ended 3:28:02: InstallInitialize. Return value 1.
Action 3:28:02: ProcessComponents. Updating component registration
Action start 3:28:02: ProcessComponents.
Action ended 3:28:02: ProcessComponents. Return value 1.
Action 3:28:02: UnpublishFeatures. Unpublishing Product Features
Action start 3:28:02: UnpublishFeatures.
Action ended 3:28:02: UnpublishFeatures. Return value 1.
Action 3:28:02: RemoveRegistryValues. Removing system registry values
Action start 3:28:02: RemoveRegistryValues.
Action ended 3:28:02: RemoveRegistryValues. Return value 1.
Action 3:28:02: RemoveShortcuts. Removing shortcuts
Action start 3:28:02: RemoveShortcuts.
Action ended 3:28:02: RemoveShortcuts. Return value 1.
Action 3:28:02: RemoveFiles. Removing files
Action start 3:28:02: RemoveFiles.
Action ended 3:28:02: RemoveFiles. Return value 1.
Action 3:28:02: InstallFiles. Copying new files
Action start 3:28:02: InstallFiles.
Action ended 3:28:02: InstallFiles. Return value 1.
Action 3:28:02: CreateShortcuts. Creating shortcuts
Action start 3:28:02: CreateShortcuts.
Action ended 3:28:02: CreateShortcuts. Return value 1.
Action 3:28:02: WriteRegistryValues. Writing system registry values
Action start 3:28:02: WriteRegistryValues.
Action ended 3:28:02: WriteRegistryValues. Return value 1.
Action 3:28:02: RegisterUser. Registering user
Action start 3:28:02: RegisterUser.
Action ended 3:28:02: RegisterUser. Return value 1.
Action 3:28:02: RegisterProduct. Registering product
Action start 3:28:02: RegisterProduct.
Action ended 3:28:02: RegisterProduct. Return value 1.
Action 3:28:02: PublishFeatures. Publishing Product Features
Action start 3:28:02: PublishFeatures.
Action ended 3:28:02: PublishFeatures. Return value 1.
Action 3:28:02: PublishProduct. Publishing product information
Action start 3:28:02: PublishProduct.
Action ended 3:28:02: PublishProduct. Return value 1.
Action 3:28:02: InstallFinalize. 
Action start 3:28:02: InstallFinalize.
Action 3:28:02: ProcessComponents. Updating component registration
Action start 3:28:02: ProcessComponents.
1: {750538B5-3E77-4F94-A64A-D3F09E608CA2} 2: {41617004-DBFE-5216-9299-700F28D399CC} 3: -1:\Software\Python\PythonCore\3.10\InstalledFeatures\Shortcuts 
1: {750538B5-3E77-4F94-A64A-D3F09E608CA2} 2: {620BBBA4-A526-5AD9-B5FA-4378ABA3B656} 3: C:\users\root\AppData\Local\Programs\Python\Python310\python.exe 
1: {750538B5-3E77-4F94-A64A-D3F09E608CA2} 2: {65C4B6FE-C0E1-5C1D-A1C3-273F596E50D7} 3: C:\users\root\AppData\Local\Programs\Python\Python310\pythonw.exe 
1: {750538B5-3E77-4F94-A64A-D3F09E608CA2} 2: {0C069A21-4E2E-559D-BD24-8E41697E35C2} 3: C:\users\root\AppData\Local\Programs\Python\Python310\vcruntime140.dll 
1: {750538B5-3E77-4F94-A64A-D3F09E608CA2} 2: {3DEFB244-DE83-5765-A003-75878BB0528D} 3: C:\users\root\AppData\Local\Programs\Python\Python310\vcruntime140_1.dll 
1: {750538B5-3E77-4F94-A64A-D3F09E608CA2} 2: {F77E61AE-27E7-569C-AC44-E68E40D69F75} 3: -1:\Software\Python\PythonCore\DisplayName 
1: {750538B5-3E77-4F94-A64A-D3F09E608CA2} 2: {29B7F2D4-883F-5CB7-9612-0E7113B37070} 3: -1:\Software\Python\PythonCore\3.10\DisplayName 
1: {750538B5-3E77-4F94-A64A-D3F09E608CA2} 2: {FBA43717-3137-5F02-AA68-53B8E06D1D1E} 3: C:\users\root\AppData\Local\Programs\Python\Python310\LICENSE.txt 
1: {750538B5-3E77-4F94-A64A-D3F09E608CA2} 2: {7CAA9704-CA3A-5424-93BF-9748A50934DA} 3: C:\users\root\AppData\Local\Programs\Python\Python310\NEWS.txt 
1: {750538B5-3E77-4F94-A64A-D3F09E608CA2} 2: {051F3397-F76F-5900-B455-DE82C6872F57} 3: C:\users\root\AppData\Local\Programs\Python\Python310\DLLs\py.ico 
1: {750538B5-3E77-4F94-A64A-D3F09E608CA2} 2: {F371FABE-2CF9-5112-9A94-AE9FADA326D3} 3: C:\users\root\AppData\Local\Programs\Python\Python310\DLLs\pyc.ico 
1: {750538B5-3E77-4F94-A64A-D3F09E608CA2} 2: {B332F125-08E4-50E6-B874-D76B7C976392} 3: C:\users\root\AppData\Local\Programs\Python\Python310\DLLs\pyd.ico 
1: {750538B5-3E77-4F94-A64A-D3F09E608CA2} 2: {D97E0953-82ED-578F-9AF4-E1CF621BBE47} 3: -1:\Software\Python\PythonCore\3.10\InstalledFeatures\exe 
Action ended 3:28:02: ProcessComponents. Return value 1.
Action 3:28:02: UnpublishFeatures. Unpublishing Product Features
Action start 3:28:02: UnpublishFeatures.
Action ended 3:28:02: UnpublishFeatures. Return value 1.
Action 3:28:02: RemoveRegistryValues. Removing system registry values
Action start 3:28:02: RemoveRegistryValues.
Action ended 3:28:02: RemoveRegistryValues. Return value 1.
Action 3:28:02: RemoveShortcuts. Removing shortcuts
Action start 3:28:02: RemoveShortcuts.
Action ended 3:28:02: RemoveShortcuts. Return value 1.
Action 3:28:02: RemoveFiles. Removing files
Action start 3:28:02: RemoveFiles.
File: LICENSE.txt, Directory: InstallDirectory
File: NEWS.txt, Directory: InstallDirectory
File: py.ico, Directory: DLLs
File: pyc.ico, Directory: DLLs
File: pyd.ico, Directory: DLLs
File: python.exe, Directory: InstallDirectory
File: pythonw.exe, Directory: InstallDirectory
File: vcruntime140.dll, Directory: InstallDirectory
File: vcruntime140_1.dll, Directory: InstallDirectory
Action ended 3:28:02: RemoveFiles. Return value 1.
Action 3:28:02: InstallFiles. Copying new files
Action start 3:28:02: InstallFiles.
File: LICENSE.txt,  Directory: InstallDirectory,  Size: 32763
File: NEWS.txt,  Directory: InstallDirectory,  Size: 1273168
File: py.ico,  Directory: DLLs,  Size: 75809
File: pyc.ico,  Directory: DLLs,  Size: 78396
File: pyd.ico,  Directory: DLLs,  Size: 83351
File: python.exe,  Directory: InstallDirectory,  Size: 101800
File: pythonw.exe,  Directory: InstallDirectory,  Size: 100264
File: vcruntime140.dll,  Directory: InstallDirectory,  Size: 98736
File: vcruntime140_1.dll,  Directory: InstallDirectory,  Size: 38304
Action ended 3:28:02: InstallFiles. Return value 1.
Action 3:28:02: CreateShortcuts. Creating shortcuts
Action start 3:28:02: CreateShortcuts.
Shortcut: python.exe
Action ended 3:28:02: CreateShortcuts. Return value 1.
Action 3:28:02: WriteRegistryValues. Writing system registry values
Action start 3:28:02: WriteRegistryValues.
Key: HKEY_CURRENT_USER\Software\Python\PythonCore\3.10\InstalledFeatures, Name: Shortcuts, Value: 3.10.6150.0
Key: HKEY_CURRENT_USER\Software\Python\PythonCore, Name: DisplayName, Value: Python Software Foundation
Key: HKEY_CURRENT_USER\Software\Python\PythonCore\3.10, Name: DisplayName, Value: Python 3.10 (64-bit)
Key: HKEY_CURRENT_USER\Software\Python\PythonCore\3.10\InstalledFeatures, Name: exe, Value: 3.10.6150.0
Key: HKEY_CURRENT_USER\Software\Python\PythonCore\3.10\InstallPath, Name: , Value: C:\users\root\AppData\Local\Programs\Python\Python310\
Key: HKEY_CURRENT_USER\Software\Python\PythonCore\3.10\InstallPath, Name: ExecutablePath, Value: C:\users\root\AppData\Local\Programs\Python\Python310\python.exe
Key: HKEY_CURRENT_USER\Software\Python\PythonCore\3.10\InstallPath, Name: WindowedExecutablePath, Value: C:\users\root\AppData\Local\Programs\Python\Python310\pythonw.exe
Key: HKEY_CURRENT_USER\Software\Python\PythonCore, Name: SupportUrl, Value: https://www.python.org/
Key: HKEY_CURRENT_USER\Software\Python\PythonCore\3.10, Name: SupportUrl, Value: https://www.python.org/
Key: HKEY_CURRENT_USER\Software\Python\PythonCore\3.10, Name: Version, Value: 3.10.6
Key: HKEY_CURRENT_USER\Software\Python\PythonCore\3.10, Name: SysVersion, Value: 3.10
Key: HKEY_CURRENT_USER\Software\Python\PythonCore\3.10, Name: SysArchitecture, Value: 64bit
Action ended 3:28:02: WriteRegistryValues. Return value 1.
Action 3:28:02: RegisterUser. Registering user
Action start 3:28:02: RegisterUser.
1:  
Action ended 3:28:02: RegisterUser. Return value 1.
Action 3:28:02: RegisterProduct. Registering product
Action start 3:28:02: RegisterProduct.
1: {750538B5-3E77-4F94-A64A-D3F09E608CA2} 
Action ended 3:28:02: RegisterProduct. Return value 1.
Action 3:28:02: PublishFeatures. Publishing Product Features
Action start 3:28:02: PublishFeatures.
Feature: DefaultFeature
Feature: Shortcuts
Action ended 3:28:02: PublishFeatures. Return value 1.
Action 3:28:02: PublishProduct. Publishing product information
Action start 3:28:02: PublishProduct.
1: {750538B5-3E77-4F94-A64A-D3F09E608CA2} 
Action ended 3:28:02: PublishProduct. Return value 1.
Action ended 3:28:02: InstallFinalize. Return value 1.
Action ended 3:28:02: INSTALL. Return value 1.
1: Python 3.10.6 Executables (64-bit) 2: {750538B5-3E77-4F94-A64A-D3F09E608CA2} 3: 1 
Property(S): UpgradeCode = {4C350028-A3D5-5C73-A1E8-1C2E6858148B}
Property(S): MenuDir = C:\users\root\AppData\Roaming\Microsoft\Windows\Start Menu\Programs\Python 3.10\
Property(S): InstallDirectory = C:\users\root\AppData\Local\Programs\Python\Python310\
Property(S): DLLs = C:\users\root\AppData\Local\Programs\Python\Python310\DLLs\
Property(S): OPTIONALFEATURESREGISTRYKEY = Software\Python\PythonCore\3.10\InstalledFeatures
Property(S): TARGETDIR = C:\users\root\AppData\Local\Programs\Python\Python310\
Property(S): SourceDir = C:\users\root\AppData\Local\Package Cache\{750538B5-3E77-4F94-A64A-D3F09E608CA2}v3.10.6150.0\
Property(S): Catalogs = C:\users\root\AppData\Local\Programs\Python\Python310\DLLs\
Property(S): Manufacturer = Python Software Foundation
Property(S): ProductCode = {750538B5-3E77-4F94-A64A-D3F09E608CA2}
Property(S): ProductLanguage = 1033
Property(S): ProductName = Python 3.10.6 Executables (64-bit)
Property(S): ProductVersion = 3.10.6150.0
Property(S): UpgradeTable = 1
Property(S): REGISTRYKEY = Software\Python\PythonCore\3.10
Property(S): ROOTREGISTRYKEY = Software\Python\PythonCore
Property(S): SecureCustomProperties = DOWNGRADE;MISSING_CORE;UPGRADE
Property(S): AdminUser = 1
Property(S): ProgramMenuFolder = C:\users\root\AppData\Roaming\Microsoft\Windows\Start Menu\Programs\
Property(S): Privileged = 1
Property(S): MsiRunningElevated = 1
Property(S): CommonAppDataFolder = C:\ProgramData\
Property(S): FavoritesFolder = C:\users\root\Favorites\
Property(S): FontsFolder = C:\windows\Fonts\
Property(S): SendToFolder = C:\users\root\AppData\Roaming\Microsoft\Windows\SendTo\
Property(S): StartMenuFolder = C:\users\root\AppData\Roaming\Microsoft\Windows\Start Menu\
Property(S): StartupFolder = C:\users\root\AppData\Roaming\Microsoft\Windows\Start Menu\Programs\StartUp\
Property(S): TemplateFolder = C:\users\root\AppData\Roaming\Microsoft\Windows\Templates\
Property(S): DesktopFolder = C:\users\root\Desktop\
Property(S): AdminToolsFolder = C:\users\root\AppData\Roaming\Microsoft\Windows\Start Menu\Programs\Administrative Tools\
Property(S): AppDataFolder = C:\users\root\AppData\Roaming\
Property(S): SystemFolder = C:\windows\syswow64\
Property(S): System16Folder = C:\windows\system32\
Property(S): LocalAppDataFolder = C:\users\root\AppData\Local\
Property(S): MyPicturesFolder = C:\users\root\Pictures\
Property(S): PersonalFolder = C:\users\root\Documents\
Property(S): WindowsFolder = C:\windows\
Property(S): PrintHoodFolder = C:\users\root\AppData\Roaming\Microsoft\Windows\Printer Shortcuts\
Property(S): NetHoodFolder = C:\users\root\AppData\Roaming\Microsoft\Windows\Network Shortcuts\
Property(S): RecentFolder = C:\users\root\AppData\Roaming\Microsoft\Windows\Recent\
Property(S): PhysicalMemory = 23941
Property(S): WindowsVolume = C:\
Property(S): TempFolder = C:\users\root\Temp\
Property(S): VersionNT = 603
Property(S): MsiNTProductType = 1
Property(S): WindowsBuild = 9600
Property(S): ServicePackLevel = 0
Property(S): VersionMsi = 4.5
Property(S): VersionDatabase = 400
Property(S): Intel = 6
Property(S): MsiAMD64 = 6
Property(S): Msix64 = 6
Property(S): VersionNT64 = 603
Property(S): System64Folder = C:\windows\system32\
Property(S): ProgramFiles64Folder = C:\Program Files\
Property(S): ProgramFilesFolder = C:\Program Files (x86)\
Property(S): CommonFiles64Folder = C:\Program Files\Common Files\
Property(S): CommonFilesFolder = C:\Program Files (x86)\Common Files\
Property(S): ScreenX = 2560
Property(S): ScreenY = 1440
Property(S): ColorBits = 32
Property(S): UserSID = S-1-5-21-0-0-0-1000
Property(S): MsiNetAssemblySupport = 2.0.50727.4016
Property(S): UserLanguageID = 1033
Property(S): SystemLanguageID = 1033
Property(S): ProductState = -1
Property(S): LogonUser = root
Property(S): ComputerName = 94CCA55DD973
Property(S): UILevel = 2
Property(S): PackageCode = {D2545DF6-46D2-4511-874E-820E1927738F}
Property(S): DATABASE = C:\windows\Installer\65de.msi
Property(S): OriginalDatabase = C:\users\root\AppData\Local\Package Cache\{750538B5-3E77-4F94-A64A-D3F09E608CA2}v3.10.6150.0\exe.msi
Property(S): SOURCEDIR = C:\users\root\AppData\Local\Package Cache\{750538B5-3E77-4F94-A64A-D3F09E608CA2}v3.10.6150.0\
Property(S): ARPSYSTEMCOMPONENT = 1
Property(S): MSIFASTINSTALL = 7
Property(S): ADDLOCAL = DefaultFeature,Shortcuts
Property(S): REBOOT = ReallySuppress
Property(S): ACTION = INSTALL
Property(S): EXECUTEACTION = INSTALL
Property(S): CostingComplete = 1
Property(S): ROOTDRIVE = C:\
Property(S): Preselected = 1
Property(S): INSTALLLEVEL = 1
Property(S): OutOfDiskSpace = 0
Property(S): OutOfNoRbDiskSpace = 0
1: 2 2: 0 
1: 2 2: 1 
Action ended 3:28:02: INSTALL. Return value 1.
