[0178:017C][2022-09-01T03:27:59]i001: Burn v3.11.1.2318, Windows v10.0 (Build 17763: Service Pack 0), path: C:\windows\temp\{0A207C30-C2E5-48F0-9194-DE3839C9E2E1}\.cr\python-3.10.6-amd64.exe
[0178:017C][2022-09-01T03:27:59]i000: Initializing string variable 'ActionLikeInstalling' to value 'Installing'
[0178:017C][2022-09-01T03:27:59]i000: Initializing string variable 'ActionLikeInstallation' to value 'Setup'
[0178:017C][2022-09-01T03:27:59]i000: Initializing string variable 'ShortVersion' to value '3.10'
[0178:017C][2022-09-01T03:27:59]i000: Initializing numeric variable 'ShortVersionNoDot' to value '310'
[0178:017C][2022-09-01T03:27:59]i000: Initializing string variable 'WinVer' to value '3.10'
[0178:017C][2022-09-01T03:27:59]i000: Initializing numeric variable 'WinVerNoDot' to value '310'
[0178:017C][2022-09-01T03:27:59]i000: Initializing numeric variable 'InstallAllUsers' to value '0'
[0178:017C][2022-09-01T03:27:59]i000: Initializing numeric variable 'InstallLauncherAllUsers' to value '1'
[0178:017C][2022-09-01T03:27:59]i000: Initializing string variable 'TargetDir' to value ''
[0178:017C][2022-09-01T03:27:59]i000: Initializing string variable 'DefaultAllUsersTargetDir' to value '[ProgramFiles64Folder]Python[WinVerNoDot]'
[0178:017C][2022-09-01T03:27:59]i000: Initializing string variable 'TargetPlatform' to value 'x64'
[0178:017C][2022-09-01T03:27:59]i000: Initializing string variable 'DefaultJustForMeTargetDir' to value '[LocalAppDataFolder]Programs\Python\Python[WinVerNoDot]'
[0178:017C][2022-09-01T03:27:59]i000: Initializing string variable 'OptionalFeaturesRegistryKey' to value 'Software\Python\PythonCore\[WinVer]\InstalledFeatures'
[0178:017C][2022-09-01T03:27:59]i000: Initializing string variable 'TargetDirRegistryKey' to value 'Software\Python\PythonCore\[WinVer]\InstallPath'
[0178:017C][2022-09-01T03:27:59]i000: Initializing string variable 'DefaultCustomTargetDir' to value ''
[0178:017C][2022-09-01T03:27:59]i000: Initializing string variable 'InstallAllUsersState' to value 'enabled'
[0178:017C][2022-09-01T03:27:59]i000: Initializing string variable 'InstallLauncherAllUsersState' to value 'enabled'
[0178:017C][2022-09-01T03:27:59]i000: Initializing string variable 'CustomInstallLauncherAllUsersState' to value '[InstallLauncherAllUsersState]'
[0178:017C][2022-09-01T03:27:59]i000: Initializing string variable 'TargetDirState' to value 'enabled'
[0178:017C][2022-09-01T03:27:59]i000: Initializing string variable 'CustomBrowseButtonState' to value 'enabled'
[0178:017C][2022-09-01T03:27:59]i000: Initializing numeric variable 'Include_core' to value '1'
[0178:017C][2022-09-01T03:27:59]i000: Initializing numeric variable 'Include_exe' to value '1'
[0178:017C][2022-09-01T03:27:59]i000: Initializing numeric variable 'Include_dev' to value '1'
[0178:017C][2022-09-01T03:27:59]i000: Initializing numeric variable 'Include_lib' to value '1'
[0178:017C][2022-09-01T03:27:59]i000: Initializing numeric variable 'Include_test' to value '1'
[0178:017C][2022-09-01T03:27:59]i000: Initializing numeric variable 'Include_doc' to value '1'
[0178:017C][2022-09-01T03:27:59]i000: Initializing numeric variable 'Include_tools' to value '1'
[0178:017C][2022-09-01T03:27:59]i000: Initializing numeric variable 'Include_tcltk' to value '1'
[0178:017C][2022-09-01T03:27:59]i000: Initializing numeric variable 'Include_pip' to value '1'
[0178:017C][2022-09-01T03:27:59]i000: Initializing numeric variable 'Include_launcher' to value '-1'
[0178:017C][2022-09-01T03:27:59]i000: Initializing string variable 'Include_launcherState' to value 'enabled'
[0178:017C][2022-09-01T03:27:59]i000: Initializing numeric variable 'Include_symbols' to value '0'
[0178:017C][2022-09-01T03:27:59]i000: Initializing numeric variable 'Include_debug' to value '0'
[0178:017C][2022-09-01T03:27:59]i000: Initializing numeric variable 'LauncherOnly' to value '0'
[0178:017C][2022-09-01T03:27:59]i000: Initializing numeric variable 'DetectedLauncher' to value '0'
[0178:017C][2022-09-01T03:27:59]i000: Initializing numeric variable 'DetectedOldLauncher' to value '0'
[0178:017C][2022-09-01T03:27:59]i000: Initializing numeric variable 'AssociateFiles' to value '1'
[0178:017C][2022-09-01T03:27:59]i000: Initializing numeric variable 'Shortcuts' to value '1'
[0178:017C][2022-09-01T03:27:59]i000: Initializing numeric variable 'PrependPath' to value '0'
[0178:017C][2022-09-01T03:27:59]i000: Initializing numeric variable 'CompileAll' to value '0'
[0178:017C][2022-09-01T03:27:59]i000: Initializing numeric variable 'SimpleInstall' to value '0'
[0178:017C][2022-09-01T03:27:59]i000: Initializing string variable 'SimpleInstallDescription' to value ''
[0178:017C][2022-09-01T03:27:59]i009: Command Line: '-burn.clean.room=Z:\python-3.10.6-amd64.exe -burn.filehandle.attached=156 -burn.filehandle.self=160'
[0178:017C][2022-09-01T03:27:59]i000: Setting string variable 'WixBundleOriginalSource' to value 'Z:\python-3.10.6-amd64.exe'
[0178:017C][2022-09-01T03:27:59]i000: Setting string variable 'WixBundleOriginalSourceFolder' to value 'Z:\'
[0178:017C][2022-09-01T03:27:59]i000: Setting string variable 'WixBundleLog' to value 'C:\users\root\Temp\Python 3.10.6 (64-bit)_20220901032759.log'
[0178:017C][2022-09-01T03:27:59]i000: Setting string variable 'WixBundleName' to value 'Python 3.10.6 (64-bit)'
[0178:017C][2022-09-01T03:27:59]i000: Setting string variable 'WixBundleManufacturer' to value 'Python Software Foundation'
[0178:017C][2022-09-01T03:27:59]i000: Setting numeric variable 'CRTInstalled' to value 1
[0178:0188][2022-09-01T03:27:59]i000: Did not find Z:\unattend.xml
[0178:0188][2022-09-01T03:27:59]i000: Setting string variable 'ActionLikeInstalling' to value 'Installing'
[0178:0188][2022-09-01T03:27:59]i000: Setting string variable 'ActionLikeInstallation' to value 'Setup'
[0178:0188][2022-09-01T03:27:59]i000: Setting version variable 'WixBundleFileVersion' to value '3.10.6150.0'
[0178:0188][2022-09-01T03:27:59]i000: Target OS is Windows 10 or later
[0178:017C][2022-09-01T03:27:59]i100: Detect begin, 52 packages
[0178:017C][2022-09-01T03:27:59]i101: Detected package: ucrt_AllUsers, state: Absent, cached: None
[0178:017C][2022-09-01T03:27:59]i101: Detected package: ucrt_JustForMe, state: Absent, cached: None
[0178:017C][2022-09-01T03:27:59]i101: Detected package: core_AllUsers, state: Absent, cached: None
[0178:017C][2022-09-01T03:27:59]i101: Detected package: core_AllUsers_pdb, state: Absent, cached: None
[0178:017C][2022-09-01T03:27:59]i101: Detected package: core_AllUsers_d, state: Absent, cached: None
[0178:017C][2022-09-01T03:27:59]i101: Detected package: core_JustForMe, state: Absent, cached: None
[0178:017C][2022-09-01T03:27:59]i101: Detected package: core_JustForMe_pdb, state: Absent, cached: None
[0178:017C][2022-09-01T03:27:59]i101: Detected package: core_JustForMe_d, state: Absent, cached: None
[0178:017C][2022-09-01T03:27:59]i101: Detected package: exe_AllUsers, state: Absent, cached: None
[0178:017C][2022-09-01T03:27:59]i104: Detected package: exe_AllUsers, feature: DefaultFeature, state: Absent
[0178:017C][2022-09-01T03:27:59]i104: Detected package: exe_AllUsers, feature: Shortcuts, state: Absent
[0178:017C][2022-09-01T03:27:59]i101: Detected package: exe_AllUsers_pdb, state: Absent, cached: None
[0178:017C][2022-09-01T03:27:59]i101: Detected package: exe_AllUsers_d, state: Absent, cached: None
[0178:017C][2022-09-01T03:27:59]i101: Detected package: exe_JustForMe, state: Absent, cached: None
[0178:017C][2022-09-01T03:27:59]i104: Detected package: exe_JustForMe, feature: DefaultFeature, state: Absent
[0178:017C][2022-09-01T03:27:59]i104: Detected package: exe_JustForMe, feature: Shortcuts, state: Absent
[0178:017C][2022-09-01T03:27:59]i101: Detected package: exe_JustForMe_pdb, state: Absent, cached: None
[0178:017C][2022-09-01T03:27:59]i101: Detected package: exe_JustForMe_d, state: Absent, cached: None
[0178:017C][2022-09-01T03:27:59]i101: Detected package: dev_AllUsers, state: Absent, cached: None
[0178:017C][2022-09-01T03:27:59]i101: Detected package: dev_AllUsers_d, state: Absent, cached: None
[0178:017C][2022-09-01T03:27:59]i101: Detected package: dev_JustForMe, state: Absent, cached: None
[0178:017C][2022-09-01T03:27:59]i101: Detected package: dev_JustForMe_d, state: Absent, cached: None
[0178:017C][2022-09-01T03:27:59]i101: Detected package: lib_AllUsers, state: Absent, cached: None
[0178:017C][2022-09-01T03:27:59]i101: Detected package: lib_AllUsers_pdb, state: Absent, cached: None
[0178:017C][2022-09-01T03:27:59]i101: Detected package: lib_AllUsers_d, state: Absent, cached: None
[0178:017C][2022-09-01T03:27:59]i101: Detected package: lib_JustForMe, state: Absent, cached: None
[0178:017C][2022-09-01T03:27:59]i101: Detected package: lib_JustForMe_pdb, state: Absent, cached: None
[0178:017C][2022-09-01T03:27:59]i101: Detected package: lib_JustForMe_d, state: Absent, cached: None
[0178:017C][2022-09-01T03:27:59]i101: Detected package: test_AllUsers, state: Absent, cached: None
[0178:017C][2022-09-01T03:27:59]i101: Detected package: test_AllUsers_pdb, state: Absent, cached: None
[0178:017C][2022-09-01T03:27:59]i101: Detected package: test_AllUsers_d, state: Absent, cached: None
[0178:017C][2022-09-01T03:27:59]i101: Detected package: test_JustForMe, state: Absent, cached: None
[0178:017C][2022-09-01T03:27:59]i101: Detected package: test_JustForMe_pdb, state: Absent, cached: None
[0178:017C][2022-09-01T03:27:59]i101: Detected package: test_JustForMe_d, state: Absent, cached: None
[0178:017C][2022-09-01T03:27:59]i101: Detected package: doc_AllUsers, state: Absent, cached: None
[0178:017C][2022-09-01T03:27:59]i104: Detected package: doc_AllUsers, feature: DefaultFeature, state: Absent
[0178:017C][2022-09-01T03:27:59]i104: Detected package: doc_AllUsers, feature: Shortcuts, state: Absent
[0178:017C][2022-09-01T03:27:59]i101: Detected package: doc_JustForMe, state: Absent, cached: None
[0178:017C][2022-09-01T03:27:59]i104: Detected package: doc_JustForMe, feature: DefaultFeature, state: Absent
[0178:017C][2022-09-01T03:27:59]i104: Detected package: doc_JustForMe, feature: Shortcuts, state: Absent
[0178:017C][2022-09-01T03:27:59]i101: Detected package: tools_AllUsers, state: Absent, cached: None
[0178:017C][2022-09-01T03:27:59]i101: Detected package: tools_JustForMe, state: Absent, cached: None
[0178:017C][2022-09-01T03:27:59]i101: Detected package: tcltk_AllUsers, state: Absent, cached: None
[0178:017C][2022-09-01T03:27:59]i104: Detected package: tcltk_AllUsers, feature: DefaultFeature, state: Absent
[0178:017C][2022-09-01T03:27:59]i104: Detected package: tcltk_AllUsers, feature: AssociateFiles, state: Absent
[0178:017C][2022-09-01T03:27:59]i104: Detected package: tcltk_AllUsers, feature: Shortcuts, state: Absent
[0178:017C][2022-09-01T03:27:59]i101: Detected package: tcltk_AllUsers_pdb, state: Absent, cached: None
[0178:017C][2022-09-01T03:27:59]i104: Detected package: tcltk_AllUsers_pdb, feature: Symbols, state: Absent
[0178:017C][2022-09-01T03:27:59]i101: Detected package: tcltk_AllUsers_d, state: Absent, cached: None
[0178:017C][2022-09-01T03:27:59]i104: Detected package: tcltk_AllUsers_d, feature: DebugBinaries, state: Absent
[0178:017C][2022-09-01T03:27:59]i101: Detected package: tcltk_JustForMe, state: Absent, cached: None
[0178:017C][2022-09-01T03:27:59]i104: Detected package: tcltk_JustForMe, feature: DefaultFeature, state: Absent
[0178:017C][2022-09-01T03:27:59]i104: Detected package: tcltk_JustForMe, feature: AssociateFiles, state: Absent
[0178:017C][2022-09-01T03:27:59]i104: Detected package: tcltk_JustForMe, feature: Shortcuts, state: Absent
[0178:017C][2022-09-01T03:27:59]i101: Detected package: tcltk_JustForMe_pdb, state: Absent, cached: None
[0178:017C][2022-09-01T03:27:59]i104: Detected package: tcltk_JustForMe_pdb, feature: Symbols, state: Absent
[0178:017C][2022-09-01T03:27:59]i101: Detected package: tcltk_JustForMe_d, state: Absent, cached: None
[0178:017C][2022-09-01T03:27:59]i104: Detected package: tcltk_JustForMe_d, feature: DebugBinaries, state: Absent
[0178:017C][2022-09-01T03:27:59]i101: Detected package: launcher_AllUsers, state: Absent, cached: None
[0178:017C][2022-09-01T03:27:59]i104: Detected package: launcher_AllUsers, feature: DefaultFeature, state: Absent
[0178:017C][2022-09-01T03:27:59]i104: Detected package: launcher_AllUsers, feature: AssociateFiles, state: Absent
[0178:017C][2022-09-01T03:27:59]i101: Detected package: launcher_JustForMe, state: Absent, cached: None
[0178:017C][2022-09-01T03:27:59]i104: Detected package: launcher_JustForMe, feature: DefaultFeature, state: Absent
[0178:017C][2022-09-01T03:27:59]i104: Detected package: launcher_JustForMe, feature: AssociateFiles, state: Absent
[0178:017C][2022-09-01T03:27:59]i101: Detected package: pip_AllUsers, state: Absent, cached: None
[0178:017C][2022-09-01T03:27:59]i101: Detected package: pip_JustForMe, state: Absent, cached: None
[0178:017C][2022-09-01T03:27:59]i101: Detected package: path_AllUsers, state: Absent, cached: None
[0178:017C][2022-09-01T03:27:59]i101: Detected package: path_JustForMe, state: Absent, cached: None
[0178:017C][2022-09-01T03:27:59]i101: Detected package: compileall_AllUsers, state: Absent, cached: None
[0178:017C][2022-09-01T03:27:59]i101: Detected package: compileallO_AllUsers, state: Absent, cached: None
[0178:017C][2022-09-01T03:27:59]i101: Detected package: compileallOO_AllUsers, state: Absent, cached: None
[0178:017C][2022-09-01T03:27:59]i101: Detected package: compileall_JustForMe, state: Absent, cached: None
[0178:017C][2022-09-01T03:27:59]i101: Detected package: compileallO_JustForMe, state: Absent, cached: None
[0178:017C][2022-09-01T03:27:59]i101: Detected package: compileallOO_JustForMe, state: Absent, cached: None
[0178:017C][2022-09-01T03:27:59]i000: Setting numeric variable 'Include_launcher' to value 1
[0178:017C][2022-09-01T03:27:59]i000: Setting string variable 'TargetDir' to value 'C:\users\root\AppData\Local\Programs\Python\Python310'
[0178:017C][2022-09-01T03:27:59]i199: Detect complete, result: 0x0
[0178:0188][2022-09-01T03:27:59]i052: Condition 'not WixBundleElevated and (InstallAllUsers or (Include_launcher and InstallLauncherAllUsers and not DetectedLauncher))' evaluates to false.
[0178:0188][2022-09-01T03:28:02]i000: Setting numeric variable 'InstallLauncherAllUsers' to value 1
[0178:0188][2022-09-01T03:28:02]i000: Setting numeric variable 'PrependPath' to value 1
[0178:0188][2022-09-01T03:28:02]i000: Setting numeric variable 'CompileAll' to value 0
[0178:0188][2022-09-01T03:28:02]i000: Setting string variable 'ActionLikeInstalling' to value 'Installing'
[0178:0188][2022-09-01T03:28:02]i000: Setting string variable 'ActionLikeInstallation' to value 'Setup'
[0178:017C][2022-09-01T03:28:02]i200: Plan begin, 52 packages, action: Install
[0178:017C][2022-09-01T03:28:02]i052: Condition 'InstallAllUsers and not CRTInstalled and (Include_core or Include_exe or Include_pip) and not LauncherOnly' evaluates to false.
[0178:017C][2022-09-01T03:28:02]i052: Condition 'InstallAllUsers and not CRTInstalled and (Include_core or Include_exe or Include_pip) and not LauncherOnly' evaluates to false.
[0178:017C][2022-09-01T03:28:02]w322: Skipping cross-scope dependency registration on package: ucrt_AllUsers, bundle scope: PerUser, package scope: PerMachine
[0178:017C][2022-09-01T03:28:02]i052: Condition 'not InstallAllUsers and not CRTInstalled and (Include_core or Include_exe or Include_pip) and not LauncherOnly' evaluates to false.
[0178:017C][2022-09-01T03:28:02]i052: Condition 'not InstallAllUsers and not CRTInstalled and (Include_core or Include_exe or Include_pip) and not LauncherOnly' evaluates to false.
[0178:017C][2022-09-01T03:28:02]i052: Condition 'InstallAllUsers and (Include_core or Include_exe or Include_launcher or Include_pip) and not LauncherOnly' evaluates to false.
[0178:017C][2022-09-01T03:28:02]i052: Condition 'InstallAllUsers and (Include_core or Include_exe or Include_launcher or Include_pip) and not LauncherOnly' evaluates to false.
[0178:017C][2022-09-01T03:28:02]w322: Skipping cross-scope dependency registration on package: core_AllUsers, bundle scope: PerUser, package scope: PerMachine
[0178:017C][2022-09-01T03:28:02]i052: Condition 'InstallAllUsers and (Include_core or Include_exe or Include_launcher or Include_pip) and Include_symbols and not LauncherOnly' evaluates to false.
[0178:017C][2022-09-01T03:28:02]i052: Condition 'InstallAllUsers and (Include_core or Include_exe or Include_launcher or Include_pip) and Include_symbols and not LauncherOnly' evaluates to false.
[0178:017C][2022-09-01T03:28:02]w322: Skipping cross-scope dependency registration on package: core_AllUsers_pdb, bundle scope: PerUser, package scope: PerMachine
[0178:017C][2022-09-01T03:28:02]i052: Condition 'InstallAllUsers and (Include_core or Include_exe or Include_launcher or Include_pip) and Include_debug and not LauncherOnly' evaluates to false.
[0178:017C][2022-09-01T03:28:02]i052: Condition 'InstallAllUsers and (Include_core or Include_exe or Include_launcher or Include_pip) and Include_debug and not LauncherOnly' evaluates to false.
[0178:017C][2022-09-01T03:28:02]w322: Skipping cross-scope dependency registration on package: core_AllUsers_d, bundle scope: PerUser, package scope: PerMachine
[0178:017C][2022-09-01T03:28:02]i052: Condition 'not InstallAllUsers and (Include_core or Include_exe or Include_launcher or Include_pip) and not LauncherOnly' evaluates to true.
[0178:017C][2022-09-01T03:28:02]i052: Condition 'not InstallAllUsers and (Include_core or Include_exe or Include_launcher or Include_pip) and not LauncherOnly' evaluates to true.
[0178:017C][2022-09-01T03:28:02]i000: Setting string variable 'WixBundleRollbackLog_core_JustForMe' to value 'C:\users\root\Temp\Python 3.10.6 (64-bit)_20220901032759_000_core_JustForMe_rollback.log'
[0178:017C][2022-09-01T03:28:02]i000: Setting string variable 'WixBundleLog_core_JustForMe' to value 'C:\users\root\Temp\Python 3.10.6 (64-bit)_20220901032759_000_core_JustForMe.log'
[0178:017C][2022-09-01T03:28:02]i052: Condition 'not InstallAllUsers and (Include_core or Include_exe or Include_launcher or Include_pip) and Include_symbols and not LauncherOnly' evaluates to false.
[0178:017C][2022-09-01T03:28:02]i052: Condition 'not InstallAllUsers and (Include_core or Include_exe or Include_launcher or Include_pip) and Include_symbols and not LauncherOnly' evaluates to false.
[0178:017C][2022-09-01T03:28:02]i052: Condition 'not InstallAllUsers and (Include_core or Include_exe or Include_launcher or Include_pip) and Include_debug and not LauncherOnly' evaluates to false.
[0178:017C][2022-09-01T03:28:02]i052: Condition 'not InstallAllUsers and (Include_core or Include_exe or Include_launcher or Include_pip) and Include_debug and not LauncherOnly' evaluates to false.
[0178:017C][2022-09-01T03:28:02]i052: Condition 'InstallAllUsers and (Include_exe or Include_launcher or Include_pip) and not LauncherOnly' evaluates to false.
[0178:017C][2022-09-01T03:28:02]i052: Condition 'InstallAllUsers and (Include_exe or Include_launcher or Include_pip) and not LauncherOnly' evaluates to false.
[0178:017C][2022-09-01T03:28:02]i204: Plan 2 msi features for package: exe_AllUsers
[0178:017C][2022-09-01T03:28:02]i203: Planned feature: DefaultFeature, state: Absent, default requested: Unknown, ba requested: Local, execute action: AddLocal, rollback action: Remove
[0178:017C][2022-09-01T03:28:02]i203: Planned feature: Shortcuts, state: Absent, default requested: Unknown, ba requested: Local, execute action: AddLocal, rollback action: Remove
[0178:017C][2022-09-01T03:28:02]w322: Skipping cross-scope dependency registration on package: exe_AllUsers, bundle scope: PerUser, package scope: PerMachine
[0178:017C][2022-09-01T03:28:02]i052: Condition 'InstallAllUsers and (Include_exe or Include_launcher or Include_pip) and Include_symbols and not LauncherOnly' evaluates to false.
[0178:017C][2022-09-01T03:28:02]i052: Condition 'InstallAllUsers and (Include_exe or Include_launcher or Include_pip) and Include_symbols and not LauncherOnly' evaluates to false.
[0178:017C][2022-09-01T03:28:02]w322: Skipping cross-scope dependency registration on package: exe_AllUsers_pdb, bundle scope: PerUser, package scope: PerMachine
[0178:017C][2022-09-01T03:28:02]i052: Condition 'InstallAllUsers and (Include_exe or Include_launcher or Include_pip) and Include_debug and not LauncherOnly' evaluates to false.
[0178:017C][2022-09-01T03:28:02]i052: Condition 'InstallAllUsers and (Include_exe or Include_launcher or Include_pip) and Include_debug and not LauncherOnly' evaluates to false.
[0178:017C][2022-09-01T03:28:02]w322: Skipping cross-scope dependency registration on package: exe_AllUsers_d, bundle scope: PerUser, package scope: PerMachine
[0178:017C][2022-09-01T03:28:02]i052: Condition 'not InstallAllUsers and (Include_exe or Include_launcher or Include_pip) and not LauncherOnly' evaluates to true.
[0178:017C][2022-09-01T03:28:02]i052: Condition 'not InstallAllUsers and (Include_exe or Include_launcher or Include_pip) and not LauncherOnly' evaluates to true.
[0178:017C][2022-09-01T03:28:02]i204: Plan 2 msi features for package: exe_JustForMe
[0178:017C][2022-09-01T03:28:02]i203: Planned feature: DefaultFeature, state: Absent, default requested: Unknown, ba requested: Local, execute action: AddLocal, rollback action: Remove
[0178:017C][2022-09-01T03:28:02]i203: Planned feature: Shortcuts, state: Absent, default requested: Unknown, ba requested: Local, execute action: AddLocal, rollback action: Remove
[0178:017C][2022-09-01T03:28:02]i000: Setting string variable 'WixBundleRollbackLog_exe_JustForMe' to value 'C:\users\root\Temp\Python 3.10.6 (64-bit)_20220901032759_001_exe_JustForMe_rollback.log'
[0178:017C][2022-09-01T03:28:02]i000: Setting string variable 'WixBundleLog_exe_JustForMe' to value 'C:\users\root\Temp\Python 3.10.6 (64-bit)_20220901032759_001_exe_JustForMe.log'
[0178:017C][2022-09-01T03:28:02]i052: Condition 'not InstallAllUsers and (Include_exe or Include_launcher or Include_pip) and Include_symbols and not LauncherOnly' evaluates to false.
[0178:017C][2022-09-01T03:28:02]i052: Condition 'not InstallAllUsers and (Include_exe or Include_launcher or Include_pip) and Include_symbols and not LauncherOnly' evaluates to false.
[0178:017C][2022-09-01T03:28:02]i052: Condition 'not InstallAllUsers and (Include_exe or Include_launcher or Include_pip) and Include_debug and not LauncherOnly' evaluates to false.
[0178:017C][2022-09-01T03:28:02]i052: Condition 'not InstallAllUsers and (Include_exe or Include_launcher or Include_pip) and Include_debug and not LauncherOnly' evaluates to false.
[0178:017C][2022-09-01T03:28:02]i052: Condition 'InstallAllUsers and Include_dev and not LauncherOnly' evaluates to false.
[0178:017C][2022-09-01T03:28:02]i052: Condition 'InstallAllUsers and Include_dev and not LauncherOnly' evaluates to false.
[0178:017C][2022-09-01T03:28:02]w322: Skipping cross-scope dependency registration on package: dev_AllUsers, bundle scope: PerUser, package scope: PerMachine
[0178:017C][2022-09-01T03:28:02]i052: Condition 'InstallAllUsers and Include_dev and Include_debug and not LauncherOnly' evaluates to false.
[0178:017C][2022-09-01T03:28:02]i052: Condition 'InstallAllUsers and Include_dev and Include_debug and not LauncherOnly' evaluates to false.
[0178:017C][2022-09-01T03:28:02]w322: Skipping cross-scope dependency registration on package: dev_AllUsers_d, bundle scope: PerUser, package scope: PerMachine
[0178:017C][2022-09-01T03:28:02]i052: Condition 'not InstallAllUsers and Include_dev and not LauncherOnly' evaluates to true.
[0178:017C][2022-09-01T03:28:02]i052: Condition 'not InstallAllUsers and Include_dev and not LauncherOnly' evaluates to true.
[0178:017C][2022-09-01T03:28:02]i000: Setting string variable 'WixBundleRollbackLog_dev_JustForMe' to value 'C:\users\root\Temp\Python 3.10.6 (64-bit)_20220901032759_002_dev_JustForMe_rollback.log'
[0178:017C][2022-09-01T03:28:02]i000: Setting string variable 'WixBundleLog_dev_JustForMe' to value 'C:\users\root\Temp\Python 3.10.6 (64-bit)_20220901032759_002_dev_JustForMe.log'
[0178:017C][2022-09-01T03:28:02]i052: Condition 'not InstallAllUsers and Include_dev and Include_debug and not LauncherOnly' evaluates to false.
[0178:017C][2022-09-01T03:28:02]i052: Condition 'not InstallAllUsers and Include_dev and Include_debug and not LauncherOnly' evaluates to false.
[0178:017C][2022-09-01T03:28:02]i052: Condition 'InstallAllUsers and Include_lib and not LauncherOnly' evaluates to false.
[0178:017C][2022-09-01T03:28:02]i052: Condition 'InstallAllUsers and Include_lib and not LauncherOnly' evaluates to false.
[0178:017C][2022-09-01T03:28:02]w322: Skipping cross-scope dependency registration on package: lib_AllUsers, bundle scope: PerUser, package scope: PerMachine
[0178:017C][2022-09-01T03:28:02]i052: Condition 'InstallAllUsers and Include_lib and Include_symbols and not LauncherOnly' evaluates to false.
[0178:017C][2022-09-01T03:28:02]i052: Condition 'InstallAllUsers and Include_lib and Include_symbols and not LauncherOnly' evaluates to false.
[0178:017C][2022-09-01T03:28:02]w322: Skipping cross-scope dependency registration on package: lib_AllUsers_pdb, bundle scope: PerUser, package scope: PerMachine
[0178:017C][2022-09-01T03:28:02]i052: Condition 'InstallAllUsers and Include_lib and Include_debug and not LauncherOnly' evaluates to false.
[0178:017C][2022-09-01T03:28:02]i052: Condition 'InstallAllUsers and Include_lib and Include_debug and not LauncherOnly' evaluates to false.
[0178:017C][2022-09-01T03:28:02]w322: Skipping cross-scope dependency registration on package: lib_AllUsers_d, bundle scope: PerUser, package scope: PerMachine
[0178:017C][2022-09-01T03:28:02]i052: Condition 'not InstallAllUsers and Include_lib and not LauncherOnly' evaluates to true.
[0178:017C][2022-09-01T03:28:02]i052: Condition 'not InstallAllUsers and Include_lib and not LauncherOnly' evaluates to true.
[0178:017C][2022-09-01T03:28:02]i000: Setting string variable 'WixBundleRollbackLog_lib_JustForMe' to value 'C:\users\root\Temp\Python 3.10.6 (64-bit)_20220901032759_003_lib_JustForMe_rollback.log'
[0178:017C][2022-09-01T03:28:02]i000: Setting string variable 'WixBundleLog_lib_JustForMe' to value 'C:\users\root\Temp\Python 3.10.6 (64-bit)_20220901032759_003_lib_JustForMe.log'
[0178:017C][2022-09-01T03:28:02]i052: Condition 'not InstallAllUsers and Include_lib and Include_symbols and not LauncherOnly' evaluates to false.
[0178:017C][2022-09-01T03:28:02]i052: Condition 'not InstallAllUsers and Include_lib and Include_symbols and not LauncherOnly' evaluates to false.
[0178:017C][2022-09-01T03:28:02]i052: Condition 'not InstallAllUsers and Include_lib and Include_debug and not LauncherOnly' evaluates to false.
[0178:017C][2022-09-01T03:28:02]i052: Condition 'not InstallAllUsers and Include_lib and Include_debug and not LauncherOnly' evaluates to false.
[0178:017C][2022-09-01T03:28:02]i052: Condition 'InstallAllUsers and Include_test and not LauncherOnly' evaluates to false.
[0178:017C][2022-09-01T03:28:02]i052: Condition 'InstallAllUsers and Include_test and not LauncherOnly' evaluates to false.
[0178:017C][2022-09-01T03:28:02]w322: Skipping cross-scope dependency registration on package: test_AllUsers, bundle scope: PerUser, package scope: PerMachine
[0178:017C][2022-09-01T03:28:02]i052: Condition 'InstallAllUsers and Include_test and Include_symbols and not LauncherOnly' evaluates to false.
[0178:017C][2022-09-01T03:28:02]i052: Condition 'InstallAllUsers and Include_test and Include_symbols and not LauncherOnly' evaluates to false.
[0178:017C][2022-09-01T03:28:02]w322: Skipping cross-scope dependency registration on package: test_AllUsers_pdb, bundle scope: PerUser, package scope: PerMachine
[0178:017C][2022-09-01T03:28:02]i052: Condition 'InstallAllUsers and Include_test and Include_debug and not LauncherOnly' evaluates to false.
[0178:017C][2022-09-01T03:28:02]i052: Condition 'InstallAllUsers and Include_test and Include_debug and not LauncherOnly' evaluates to false.
[0178:017C][2022-09-01T03:28:02]w322: Skipping cross-scope dependency registration on package: test_AllUsers_d, bundle scope: PerUser, package scope: PerMachine
[0178:017C][2022-09-01T03:28:02]i052: Condition 'not InstallAllUsers and Include_test and not LauncherOnly' evaluates to true.
[0178:017C][2022-09-01T03:28:02]i052: Condition 'not InstallAllUsers and Include_test and not LauncherOnly' evaluates to true.
[0178:017C][2022-09-01T03:28:02]i000: Setting string variable 'WixBundleRollbackLog_test_JustForMe' to value 'C:\users\root\Temp\Python 3.10.6 (64-bit)_20220901032759_004_test_JustForMe_rollback.log'
[0178:017C][2022-09-01T03:28:02]i000: Setting string variable 'WixBundleLog_test_JustForMe' to value 'C:\users\root\Temp\Python 3.10.6 (64-bit)_20220901032759_004_test_JustForMe.log'
[0178:017C][2022-09-01T03:28:02]i052: Condition 'not InstallAllUsers and Include_test and Include_symbols and not LauncherOnly' evaluates to false.
[0178:017C][2022-09-01T03:28:02]i052: Condition 'not InstallAllUsers and Include_test and Include_symbols and not LauncherOnly' evaluates to false.
[0178:017C][2022-09-01T03:28:02]i052: Condition 'not InstallAllUsers and Include_test and Include_debug and not LauncherOnly' evaluates to false.
[0178:017C][2022-09-01T03:28:02]i052: Condition 'not InstallAllUsers and Include_test and Include_debug and not LauncherOnly' evaluates to false.
[0178:017C][2022-09-01T03:28:02]i052: Condition 'InstallAllUsers and Include_doc and not LauncherOnly' evaluates to false.
[0178:017C][2022-09-01T03:28:02]i052: Condition 'InstallAllUsers and Include_doc and not LauncherOnly' evaluates to false.
[0178:017C][2022-09-01T03:28:02]i204: Plan 2 msi features for package: doc_AllUsers
[0178:017C][2022-09-01T03:28:02]i203: Planned feature: DefaultFeature, state: Absent, default requested: Unknown, ba requested: Local, execute action: AddLocal, rollback action: Remove
[0178:017C][2022-09-01T03:28:02]i203: Planned feature: Shortcuts, state: Absent, default requested: Unknown, ba requested: Local, execute action: AddLocal, rollback action: Remove
[0178:017C][2022-09-01T03:28:02]w322: Skipping cross-scope dependency registration on package: doc_AllUsers, bundle scope: PerUser, package scope: PerMachine
[0178:017C][2022-09-01T03:28:02]i052: Condition 'not InstallAllUsers and Include_doc and not LauncherOnly' evaluates to true.
[0178:017C][2022-09-01T03:28:02]i052: Condition 'not InstallAllUsers and Include_doc and not LauncherOnly' evaluates to true.
[0178:017C][2022-09-01T03:28:02]i204: Plan 2 msi features for package: doc_JustForMe
[0178:017C][2022-09-01T03:28:02]i203: Planned feature: DefaultFeature, state: Absent, default requested: Unknown, ba requested: Local, execute action: AddLocal, rollback action: Remove
[0178:017C][2022-09-01T03:28:02]i203: Planned feature: Shortcuts, state: Absent, default requested: Unknown, ba requested: Local, execute action: AddLocal, rollback action: Remove
[0178:017C][2022-09-01T03:28:02]i000: Setting string variable 'WixBundleRollbackLog_doc_JustForMe' to value 'C:\users\root\Temp\Python 3.10.6 (64-bit)_20220901032759_005_doc_JustForMe_rollback.log'
[0178:017C][2022-09-01T03:28:02]i000: Setting string variable 'WixBundleLog_doc_JustForMe' to value 'C:\users\root\Temp\Python 3.10.6 (64-bit)_20220901032759_005_doc_JustForMe.log'
[0178:017C][2022-09-01T03:28:02]i052: Condition 'InstallAllUsers and Include_tools and not LauncherOnly' evaluates to false.
[0178:017C][2022-09-01T03:28:02]i052: Condition 'InstallAllUsers and Include_tools and not LauncherOnly' evaluates to false.
[0178:017C][2022-09-01T03:28:02]w322: Skipping cross-scope dependency registration on package: tools_AllUsers, bundle scope: PerUser, package scope: PerMachine
[0178:017C][2022-09-01T03:28:02]i052: Condition 'not InstallAllUsers and Include_tools and not LauncherOnly' evaluates to true.
[0178:017C][2022-09-01T03:28:02]i052: Condition 'not InstallAllUsers and Include_tools and not LauncherOnly' evaluates to true.
[0178:017C][2022-09-01T03:28:02]i000: Setting string variable 'WixBundleRollbackLog_tools_JustForMe' to value 'C:\users\root\Temp\Python 3.10.6 (64-bit)_20220901032759_006_tools_JustForMe_rollback.log'
[0178:017C][2022-09-01T03:28:02]i000: Setting string variable 'WixBundleLog_tools_JustForMe' to value 'C:\users\root\Temp\Python 3.10.6 (64-bit)_20220901032759_006_tools_JustForMe.log'
[0178:017C][2022-09-01T03:28:02]i052: Condition 'InstallAllUsers and Include_tcltk and not LauncherOnly' evaluates to false.
[0178:017C][2022-09-01T03:28:02]i052: Condition 'InstallAllUsers and Include_tcltk and not LauncherOnly' evaluates to false.
[0178:017C][2022-09-01T03:28:02]i204: Plan 3 msi features for package: tcltk_AllUsers
[0178:017C][2022-09-01T03:28:02]i203: Planned feature: DefaultFeature, state: Absent, default requested: Unknown, ba requested: Local, execute action: AddLocal, rollback action: Remove
[0178:017C][2022-09-01T03:28:02]i203: Planned feature: AssociateFiles, state: Absent, default requested: Unknown, ba requested: Local, execute action: AddLocal, rollback action: Remove
[0178:017C][2022-09-01T03:28:02]i203: Planned feature: Shortcuts, state: Absent, default requested: Unknown, ba requested: Local, execute action: AddLocal, rollback action: Remove
[0178:017C][2022-09-01T03:28:02]w322: Skipping cross-scope dependency registration on package: tcltk_AllUsers, bundle scope: PerUser, package scope: PerMachine
[0178:017C][2022-09-01T03:28:02]i052: Condition 'InstallAllUsers and Include_tcltk and Include_symbols and not LauncherOnly' evaluates to false.
[0178:017C][2022-09-01T03:28:02]i052: Condition 'InstallAllUsers and Include_tcltk and Include_symbols and not LauncherOnly' evaluates to false.
[0178:017C][2022-09-01T03:28:02]i204: Plan 1 msi features for package: tcltk_AllUsers_pdb
[0178:017C][2022-09-01T03:28:02]i203: Planned feature: Symbols, state: Absent, default requested: Unknown, ba requested: Local, execute action: AddLocal, rollback action: Remove
[0178:017C][2022-09-01T03:28:02]w322: Skipping cross-scope dependency registration on package: tcltk_AllUsers_pdb, bundle scope: PerUser, package scope: PerMachine
[0178:017C][2022-09-01T03:28:02]i052: Condition 'InstallAllUsers and Include_tcltk and Include_debug and not LauncherOnly' evaluates to false.
[0178:017C][2022-09-01T03:28:02]i052: Condition 'InstallAllUsers and Include_tcltk and Include_debug and not LauncherOnly' evaluates to false.
[0178:017C][2022-09-01T03:28:02]i204: Plan 1 msi features for package: tcltk_AllUsers_d
[0178:017C][2022-09-01T03:28:02]i203: Planned feature: DebugBinaries, state: Absent, default requested: Unknown, ba requested: Local, execute action: AddLocal, rollback action: Remove
[0178:017C][2022-09-01T03:28:02]w322: Skipping cross-scope dependency registration on package: tcltk_AllUsers_d, bundle scope: PerUser, package scope: PerMachine
[0178:017C][2022-09-01T03:28:02]i052: Condition 'not InstallAllUsers and Include_tcltk and not LauncherOnly' evaluates to true.
[0178:017C][2022-09-01T03:28:02]i052: Condition 'not InstallAllUsers and Include_tcltk and not LauncherOnly' evaluates to true.
[0178:017C][2022-09-01T03:28:02]i204: Plan 3 msi features for package: tcltk_JustForMe
[0178:017C][2022-09-01T03:28:02]i203: Planned feature: DefaultFeature, state: Absent, default requested: Unknown, ba requested: Local, execute action: AddLocal, rollback action: Remove
[0178:017C][2022-09-01T03:28:02]i203: Planned feature: AssociateFiles, state: Absent, default requested: Unknown, ba requested: Local, execute action: AddLocal, rollback action: Remove
[0178:017C][2022-09-01T03:28:02]i203: Planned feature: Shortcuts, state: Absent, default requested: Unknown, ba requested: Local, execute action: AddLocal, rollback action: Remove
[0178:017C][2022-09-01T03:28:02]i000: Setting string variable 'WixBundleRollbackLog_tcltk_JustForMe' to value 'C:\users\root\Temp\Python 3.10.6 (64-bit)_20220901032759_007_tcltk_JustForMe_rollback.log'
[0178:017C][2022-09-01T03:28:02]i000: Setting string variable 'WixBundleLog_tcltk_JustForMe' to value 'C:\users\root\Temp\Python 3.10.6 (64-bit)_20220901032759_007_tcltk_JustForMe.log'
[0178:017C][2022-09-01T03:28:02]i052: Condition 'not InstallAllUsers and Include_tcltk and Include_symbols and not LauncherOnly' evaluates to false.
[0178:017C][2022-09-01T03:28:02]i052: Condition 'not InstallAllUsers and Include_tcltk and Include_symbols and not LauncherOnly' evaluates to false.
[0178:017C][2022-09-01T03:28:02]i204: Plan 1 msi features for package: tcltk_JustForMe_pdb
[0178:017C][2022-09-01T03:28:02]i203: Planned feature: Symbols, state: Absent, default requested: Unknown, ba requested: Local, execute action: AddLocal, rollback action: Remove
[0178:017C][2022-09-01T03:28:02]i052: Condition 'not InstallAllUsers and Include_tcltk and Include_debug and not LauncherOnly' evaluates to false.
[0178:017C][2022-09-01T03:28:02]i052: Condition 'not InstallAllUsers and Include_tcltk and Include_debug and not LauncherOnly' evaluates to false.
[0178:017C][2022-09-01T03:28:02]i204: Plan 1 msi features for package: tcltk_JustForMe_d
[0178:017C][2022-09-01T03:28:02]i203: Planned feature: DebugBinaries, state: Absent, default requested: Unknown, ba requested: Local, execute action: AddLocal, rollback action: Remove
[0178:017C][2022-09-01T03:28:02]i052: Condition '(InstallAllUsers or InstallLauncherAllUsers) and Include_launcher and not DetectedLauncher' evaluates to true.
[0178:017C][2022-09-01T03:28:02]i052: Condition '(InstallAllUsers or InstallLauncherAllUsers) and Include_launcher and not DetectedLauncher' evaluates to true.
[0178:017C][2022-09-01T03:28:02]i204: Plan 2 msi features for package: launcher_AllUsers
[0178:017C][2022-09-01T03:28:02]i203: Planned feature: DefaultFeature, state: Absent, default requested: Unknown, ba requested: Local, execute action: AddLocal, rollback action: Remove
[0178:017C][2022-09-01T03:28:02]i203: Planned feature: AssociateFiles, state: Absent, default requested: Unknown, ba requested: Local, execute action: AddLocal, rollback action: Remove
[0178:017C][2022-09-01T03:28:02]w322: Skipping cross-scope dependency registration on package: launcher_AllUsers, bundle scope: PerUser, package scope: PerMachine
[0178:017C][2022-09-01T03:28:02]i000: Setting string variable 'WixBundleLog_launcher_AllUsers' to value 'C:\users\root\Temp\Python 3.10.6 (64-bit)_20220901032759_008_launcher_AllUsers.log'
[0178:017C][2022-09-01T03:28:02]i052: Condition 'not (InstallAllUsers or InstallLauncherAllUsers) and Include_launcher and not DetectedLauncher' evaluates to false.
[0178:017C][2022-09-01T03:28:02]i052: Condition 'not (InstallAllUsers or InstallLauncherAllUsers) and Include_launcher and not DetectedLauncher' evaluates to false.
[0178:017C][2022-09-01T03:28:02]i204: Plan 2 msi features for package: launcher_JustForMe
[0178:017C][2022-09-01T03:28:02]i203: Planned feature: DefaultFeature, state: Absent, default requested: Unknown, ba requested: Local, execute action: AddLocal, rollback action: Remove
[0178:017C][2022-09-01T03:28:02]i203: Planned feature: AssociateFiles, state: Absent, default requested: Unknown, ba requested: Local, execute action: AddLocal, rollback action: Remove
[0178:017C][2022-09-01T03:28:02]i052: Condition 'InstallAllUsers and Include_pip and not LauncherOnly' evaluates to false.
[0178:017C][2022-09-01T03:28:02]i052: Condition 'InstallAllUsers and Include_pip and not LauncherOnly' evaluates to false.
[0178:017C][2022-09-01T03:28:02]w322: Skipping cross-scope dependency registration on package: pip_AllUsers, bundle scope: PerUser, package scope: PerMachine
[0178:017C][2022-09-01T03:28:02]i052: Condition 'not InstallAllUsers and Include_pip and not LauncherOnly' evaluates to true.
[0178:017C][2022-09-01T03:28:02]i052: Condition 'not InstallAllUsers and Include_pip and not LauncherOnly' evaluates to true.
[0178:017C][2022-09-01T03:28:02]i000: Setting string variable 'WixBundleRollbackLog_pip_JustForMe' to value 'C:\users\root\Temp\Python 3.10.6 (64-bit)_20220901032759_009_pip_JustForMe_rollback.log'
[0178:017C][2022-09-01T03:28:02]i000: Setting string variable 'WixBundleLog_pip_JustForMe' to value 'C:\users\root\Temp\Python 3.10.6 (64-bit)_20220901032759_009_pip_JustForMe.log'
[0178:017C][2022-09-01T03:28:02]i052: Condition 'InstallAllUsers and PrependPath and not LauncherOnly' evaluates to false.
[0178:017C][2022-09-01T03:28:02]i052: Condition 'InstallAllUsers and PrependPath and not LauncherOnly' evaluates to false.
[0178:017C][2022-09-01T03:28:02]w322: Skipping cross-scope dependency registration on package: path_AllUsers, bundle scope: PerUser, package scope: PerMachine
[0178:017C][2022-09-01T03:28:02]i052: Condition 'not InstallAllUsers and PrependPath and not LauncherOnly' evaluates to true.
[0178:017C][2022-09-01T03:28:02]i052: Condition 'not InstallAllUsers and PrependPath and not LauncherOnly' evaluates to true.
[0178:017C][2022-09-01T03:28:02]i000: Setting string variable 'WixBundleRollbackLog_path_JustForMe' to value 'C:\users\root\Temp\Python 3.10.6 (64-bit)_20220901032759_010_path_JustForMe_rollback.log'
[0178:017C][2022-09-01T03:28:02]i000: Setting string variable 'WixBundleLog_path_JustForMe' to value 'C:\users\root\Temp\Python 3.10.6 (64-bit)_20220901032759_010_path_JustForMe.log'
[0178:017C][2022-09-01T03:28:02]i052: Condition 'InstallAllUsers and CompileAll and not LauncherOnly' evaluates to false.
[0178:017C][2022-09-01T03:28:02]i052: Condition 'InstallAllUsers and CompileAll and not LauncherOnly' evaluates to false.
[0178:017C][2022-09-01T03:28:02]w321: Skipping dependency registration on package with no dependency providers: compileall_AllUsers
[0178:017C][2022-09-01T03:28:02]i052: Condition 'InstallAllUsers and CompileAll and not LauncherOnly' evaluates to false.
[0178:017C][2022-09-01T03:28:02]i052: Condition 'InstallAllUsers and CompileAll and not LauncherOnly' evaluates to false.
[0178:017C][2022-09-01T03:28:02]w321: Skipping dependency registration on package with no dependency providers: compileallO_AllUsers
[0178:017C][2022-09-01T03:28:02]i052: Condition 'InstallAllUsers and CompileAll and not LauncherOnly' evaluates to false.
[0178:017C][2022-09-01T03:28:02]i052: Condition 'InstallAllUsers and CompileAll and not LauncherOnly' evaluates to false.
[0178:017C][2022-09-01T03:28:02]w321: Skipping dependency registration on package with no dependency providers: compileallOO_AllUsers
[0178:017C][2022-09-01T03:28:02]i052: Condition 'not InstallAllUsers and CompileAll and not LauncherOnly' evaluates to false.
[0178:017C][2022-09-01T03:28:02]i052: Condition 'not InstallAllUsers and CompileAll and not LauncherOnly' evaluates to false.
[0178:017C][2022-09-01T03:28:02]w321: Skipping dependency registration on package with no dependency providers: compileall_JustForMe
[0178:017C][2022-09-01T03:28:02]i052: Condition 'not InstallAllUsers and CompileAll and not LauncherOnly' evaluates to false.
[0178:017C][2022-09-01T03:28:02]i052: Condition 'not InstallAllUsers and CompileAll and not LauncherOnly' evaluates to false.
[0178:017C][2022-09-01T03:28:02]w321: Skipping dependency registration on package with no dependency providers: compileallO_JustForMe
[0178:017C][2022-09-01T03:28:02]i052: Condition 'not InstallAllUsers and CompileAll and not LauncherOnly' evaluates to false.
[0178:017C][2022-09-01T03:28:02]i052: Condition 'not InstallAllUsers and CompileAll and not LauncherOnly' evaluates to false.
[0178:017C][2022-09-01T03:28:02]w321: Skipping dependency registration on package with no dependency providers: compileallOO_JustForMe
[0178:017C][2022-09-01T03:28:02]i201: Planned package: ucrt_AllUsers, state: Absent, default requested: Absent, ba requested: Absent, execute: None, rollback: None, cache: No, uncache: No, dependency: None
[0178:017C][2022-09-01T03:28:02]i201: Planned package: ucrt_JustForMe, state: Absent, default requested: Absent, ba requested: Absent, execute: None, rollback: None, cache: No, uncache: No, dependency: None
[0178:017C][2022-09-01T03:28:02]i201: Planned package: core_AllUsers, state: Absent, default requested: Absent, ba requested: Absent, execute: None, rollback: None, cache: No, uncache: No, dependency: None
[0178:017C][2022-09-01T03:28:02]i201: Planned package: core_AllUsers_pdb, state: Absent, default requested: Absent, ba requested: Absent, execute: None, rollback: None, cache: No, uncache: No, dependency: None
[0178:017C][2022-09-01T03:28:02]i201: Planned package: core_AllUsers_d, state: Absent, default requested: Absent, ba requested: Absent, execute: None, rollback: None, cache: No, uncache: No, dependency: None
[0178:017C][2022-09-01T03:28:02]i201: Planned package: core_JustForMe, state: Absent, default requested: Present, ba requested: Present, execute: Install, rollback: Uninstall, cache: Yes, uncache: No, dependency: Register
[0178:017C][2022-09-01T03:28:02]i201: Planned package: core_JustForMe_pdb, state: Absent, default requested: Absent, ba requested: Absent, execute: None, rollback: None, cache: No, uncache: No, dependency: None
[0178:017C][2022-09-01T03:28:02]i201: Planned package: core_JustForMe_d, state: Absent, default requested: Absent, ba requested: Absent, execute: None, rollback: None, cache: No, uncache: No, dependency: None
[0178:017C][2022-09-01T03:28:02]i201: Planned package: exe_AllUsers, state: Absent, default requested: Absent, ba requested: Absent, execute: None, rollback: None, cache: No, uncache: No, dependency: None
[0178:017C][2022-09-01T03:28:02]i201: Planned package: exe_AllUsers_pdb, state: Absent, default requested: Absent, ba requested: Absent, execute: None, rollback: None, cache: No, uncache: No, dependency: None
[0178:017C][2022-09-01T03:28:02]i201: Planned package: exe_AllUsers_d, state: Absent, default requested: Absent, ba requested: Absent, execute: None, rollback: None, cache: No, uncache: No, dependency: None
[0178:017C][2022-09-01T03:28:02]i201: Planned package: exe_JustForMe, state: Absent, default requested: Present, ba requested: Present, execute: Install, rollback: Uninstall, cache: Yes, uncache: No, dependency: Register
[0178:017C][2022-09-01T03:28:02]i201: Planned package: exe_JustForMe_pdb, state: Absent, default requested: Absent, ba requested: Absent, execute: None, rollback: None, cache: No, uncache: No, dependency: None
[0178:017C][2022-09-01T03:28:02]i201: Planned package: exe_JustForMe_d, state: Absent, default requested: Absent, ba requested: Absent, execute: None, rollback: None, cache: No, uncache: No, dependency: None
[0178:017C][2022-09-01T03:28:02]i201: Planned package: dev_AllUsers, state: Absent, default requested: Absent, ba requested: Absent, execute: None, rollback: None, cache: No, uncache: No, dependency: None
[0178:017C][2022-09-01T03:28:02]i201: Planned package: dev_AllUsers_d, state: Absent, default requested: Absent, ba requested: Absent, execute: None, rollback: None, cache: No, uncache: No, dependency: None
[0178:017C][2022-09-01T03:28:02]i201: Planned package: dev_JustForMe, state: Absent, default requested: Present, ba requested: Present, execute: Install, rollback: Uninstall, cache: Yes, uncache: No, dependency: Register
[0178:017C][2022-09-01T03:28:02]i201: Planned package: dev_JustForMe_d, state: Absent, default requested: Absent, ba requested: Absent, execute: None, rollback: None, cache: No, uncache: No, dependency: None
[0178:017C][2022-09-01T03:28:02]i201: Planned package: lib_AllUsers, state: Absent, default requested: Absent, ba requested: Absent, execute: None, rollback: None, cache: No, uncache: No, dependency: None
[0178:017C][2022-09-01T03:28:02]i201: Planned package: lib_AllUsers_pdb, state: Absent, default requested: Absent, ba requested: Absent, execute: None, rollback: None, cache: No, uncache: No, dependency: None
[0178:017C][2022-09-01T03:28:02]i201: Planned package: lib_AllUsers_d, state: Absent, default requested: Absent, ba requested: Absent, execute: None, rollback: None, cache: No, uncache: No, dependency: None
[0178:017C][2022-09-01T03:28:02]i201: Planned package: lib_JustForMe, state: Absent, default requested: Present, ba requested: Present, execute: Install, rollback: Uninstall, cache: Yes, uncache: No, dependency: Register
[0178:017C][2022-09-01T03:28:02]i201: Planned package: lib_JustForMe_pdb, state: Absent, default requested: Absent, ba requested: Absent, execute: None, rollback: None, cache: No, uncache: No, dependency: None
[0178:017C][2022-09-01T03:28:02]i201: Planned package: lib_JustForMe_d, state: Absent, default requested: Absent, ba requested: Absent, execute: None, rollback: None, cache: No, uncache: No, dependency: None
[0178:017C][2022-09-01T03:28:02]i201: Planned package: test_AllUsers, state: Absent, default requested: Absent, ba requested: Absent, execute: None, rollback: None, cache: No, uncache: No, dependency: None
[0178:017C][2022-09-01T03:28:02]i201: Planned package: test_AllUsers_pdb, state: Absent, default requested: Absent, ba requested: Absent, execute: None, rollback: None, cache: No, uncache: No, dependency: None
[0178:017C][2022-09-01T03:28:02]i201: Planned package: test_AllUsers_d, state: Absent, default requested: Absent, ba requested: Absent, execute: None, rollback: None, cache: No, uncache: No, dependency: None
[0178:017C][2022-09-01T03:28:02]i201: Planned package: test_JustForMe, state: Absent, default requested: Present, ba requested: Present, execute: Install, rollback: Uninstall, cache: Yes, uncache: No, dependency: Register
[0178:017C][2022-09-01T03:28:02]i201: Planned package: test_JustForMe_pdb, state: Absent, default requested: Absent, ba requested: Absent, execute: None, rollback: None, cache: No, uncache: No, dependency: None
[0178:017C][2022-09-01T03:28:02]i201: Planned package: test_JustForMe_d, state: Absent, default requested: Absent, ba requested: Absent, execute: None, rollback: None, cache: No, uncache: No, dependency: None
[0178:017C][2022-09-01T03:28:02]i201: Planned package: doc_AllUsers, state: Absent, default requested: Absent, ba requested: Absent, execute: None, rollback: None, cache: No, uncache: No, dependency: None
[0178:017C][2022-09-01T03:28:02]i201: Planned package: doc_JustForMe, state: Absent, default requested: Present, ba requested: Present, execute: Install, rollback: Uninstall, cache: Yes, uncache: No, dependency: Register
[0178:017C][2022-09-01T03:28:02]i201: Planned package: tools_AllUsers, state: Absent, default requested: Absent, ba requested: Absent, execute: None, rollback: None, cache: No, uncache: No, dependency: None
[0178:017C][2022-09-01T03:28:02]i201: Planned package: tools_JustForMe, state: Absent, default requested: Present, ba requested: Present, execute: Install, rollback: Uninstall, cache: Yes, uncache: No, dependency: Register
[0178:017C][2022-09-01T03:28:02]i201: Planned package: tcltk_AllUsers, state: Absent, default requested: Absent, ba requested: Absent, execute: None, rollback: None, cache: No, uncache: No, dependency: None
[0178:017C][2022-09-01T03:28:02]i201: Planned package: tcltk_AllUsers_pdb, state: Absent, default requested: Absent, ba requested: Absent, execute: None, rollback: None, cache: No, uncache: No, dependency: None
[0178:017C][2022-09-01T03:28:02]i201: Planned package: tcltk_AllUsers_d, state: Absent, default requested: Absent, ba requested: Absent, execute: None, rollback: None, cache: No, uncache: No, dependency: None
[0178:017C][2022-09-01T03:28:02]i201: Planned package: tcltk_JustForMe, state: Absent, default requested: Present, ba requested: Present, execute: Install, rollback: Uninstall, cache: Yes, uncache: No, dependency: Register
[0178:017C][2022-09-01T03:28:02]i201: Planned package: tcltk_JustForMe_pdb, state: Absent, default requested: Absent, ba requested: Absent, execute: None, rollback: None, cache: No, uncache: No, dependency: None
[0178:017C][2022-09-01T03:28:02]i201: Planned package: tcltk_JustForMe_d, state: Absent, default requested: Absent, ba requested: Absent, execute: None, rollback: None, cache: No, uncache: No, dependency: None
[0178:017C][2022-09-01T03:28:02]i201: Planned package: launcher_AllUsers, state: Absent, default requested: Present, ba requested: Present, execute: Install, rollback: None, cache: Yes, uncache: No, dependency: None
[0178:017C][2022-09-01T03:28:02]i201: Planned package: launcher_JustForMe, state: Absent, default requested: Absent, ba requested: Absent, execute: None, rollback: None, cache: No, uncache: No, dependency: None
[0178:017C][2022-09-01T03:28:02]i201: Planned package: pip_AllUsers, state: Absent, default requested: Absent, ba requested: Absent, execute: None, rollback: None, cache: No, uncache: No, dependency: None
[0178:017C][2022-09-01T03:28:02]i201: Planned package: pip_JustForMe, state: Absent, default requested: Present, ba requested: Present, execute: Install, rollback: Uninstall, cache: Yes, uncache: No, dependency: Register
[0178:017C][2022-09-01T03:28:02]i201: Planned package: path_AllUsers, state: Absent, default requested: Absent, ba requested: Absent, execute: None, rollback: None, cache: No, uncache: No, dependency: None
[0178:017C][2022-09-01T03:28:02]i201: Planned package: path_JustForMe, state: Absent, default requested: Present, ba requested: Present, execute: Install, rollback: Uninstall, cache: Yes, uncache: No, dependency: Register
[0178:017C][2022-09-01T03:28:02]i201: Planned package: compileall_AllUsers, state: Absent, default requested: Absent, ba requested: Absent, execute: None, rollback: None, cache: No, uncache: No, dependency: None
[0178:017C][2022-09-01T03:28:02]i201: Planned package: compileallO_AllUsers, state: Absent, default requested: Absent, ba requested: Absent, execute: None, rollback: None, cache: No, uncache: No, dependency: None
[0178:017C][2022-09-01T03:28:02]i201: Planned package: compileallOO_AllUsers, state: Absent, default requested: Absent, ba requested: Absent, execute: None, rollback: None, cache: No, uncache: No, dependency: None
[0178:017C][2022-09-01T03:28:02]i201: Planned package: compileall_JustForMe, state: Absent, default requested: Absent, ba requested: Absent, execute: None, rollback: None, cache: No, uncache: No, dependency: None
[0178:017C][2022-09-01T03:28:02]i201: Planned package: compileallO_JustForMe, state: Absent, default requested: Absent, ba requested: Absent, execute: None, rollback: None, cache: No, uncache: No, dependency: None
[0178:017C][2022-09-01T03:28:02]i201: Planned package: compileallOO_JustForMe, state: Absent, default requested: Absent, ba requested: Absent, execute: None, rollback: None, cache: No, uncache: No, dependency: None
[0178:017C][2022-09-01T03:28:02]i299: Plan complete, result: 0x0
[0178:017C][2022-09-01T03:28:02]i300: Apply begin
[0178:017C][2022-09-01T03:28:02]i010: Launching elevated engine process.
[0178:017C][2022-09-01T03:28:02]i011: Launched elevated engine process.
[0178:017C][2022-09-01T03:28:02]i012: Connected to elevated engine.
[0190:0194][2022-09-01T03:28:02]i358: Pausing automatic updates.
[0190:0194][2022-09-01T03:28:02]i359: Paused automatic updates.
[0190:0194][2022-09-01T03:28:02]i360: Creating a system restore point.
[0190:0194][2022-09-01T03:28:02]i361: Created a system restore point.
[0178:017C][2022-09-01T03:28:02]i370: Session begin, registration key: SOFTWARE\Microsoft\Windows\CurrentVersion\Uninstall\{1fab56ed-b241-47a3-9abc-d51dc01b8dff}, options: 0x7, disable resume: No
[0178:017C][2022-09-01T03:28:02]i000: Caching bundle from: 'C:\windows\Temp\{F60FAA3A-80CA-447C-B41A-262C639B8E24}\.be\python-3.10.6-amd64.exe' to: 'C:\users\root\AppData\Local\Package Cache\{1fab56ed-b241-47a3-9abc-d51dc01b8dff}\python-3.10.6-amd64.exe'
[0178:017C][2022-09-01T03:28:02]i320: Registering bundle dependency provider: CPython-3.10, version: 3.10.6150.0
[0178:017C][2022-09-01T03:28:02]i371: Updating session, registration key: SOFTWARE\Microsoft\Windows\CurrentVersion\Uninstall\{1fab56ed-b241-47a3-9abc-d51dc01b8dff}, resume: Active, restart initiated: No, disable resume: No
[0178:01A4][2022-09-01T03:28:02]i305: Verified acquired payload: core_JustForMe at path: C:\users\root\AppData\Local\Package Cache\.unverified\core_JustForMe, moving to: C:\users\root\AppData\Local\Package Cache\{C91F8E4B-F9C1-4FD1-BCF3-4A91CDAD4B72}v3.10.6150.0\core.msi.
[0178:017C][2022-09-01T03:28:02]i323: Registering package dependency provider: {C91F8E4B-F9C1-4FD1-BCF3-4A91CDAD4B72}, version: 3.10.6150.0, package: core_JustForMe
[0178:017C][2022-09-01T03:28:02]i301: Applying execute package: core_JustForMe, action: Install, path: C:\users\root\AppData\Local\Package Cache\{C91F8E4B-F9C1-4FD1-BCF3-4A91CDAD4B72}v3.10.6150.0\core.msi, arguments: ' ARPSYSTEMCOMPONENT="1" MSIFASTINSTALL="7" TARGETDIR="C:\users\root\AppData\Local\Programs\Python\Python310" OPTIONALFEATURESREGISTRYKEY="Software\Python\PythonCore\3.10\InstalledFeatures"'
[0178:01A4][2022-09-01T03:28:02]i305: Verified acquired payload: exe_JustForMe at path: C:\users\root\AppData\Local\Package Cache\.unverified\exe_JustForMe, moving to: C:\users\root\AppData\Local\Package Cache\{750538B5-3E77-4F94-A64A-D3F09E608CA2}v3.10.6150.0\exe.msi.
[0178:01A4][2022-09-01T03:28:02]i305: Verified acquired payload: dev_JustForMe at path: C:\users\root\AppData\Local\Package Cache\.unverified\dev_JustForMe, moving to: C:\users\root\AppData\Local\Package Cache\{07CDAC2C-737C-4D8A-AF42-6BCE111699AE}v3.10.6150.0\dev.msi.
[0178:01A4][2022-09-01T03:28:02]i305: Verified acquired payload: lib_JustForMe at path: C:\users\root\AppData\Local\Package Cache\.unverified\lib_JustForMe, moving to: C:\users\root\AppData\Local\Package Cache\{C3A057F3-209B-4244-9697-D69031B81AAB}v3.10.6150.0\lib.msi.
[0178:01A4][2022-09-01T03:28:02]i305: Verified acquired payload: test_JustForMe at path: C:\users\root\AppData\Local\Package Cache\.unverified\test_JustForMe, moving to: C:\users\root\AppData\Local\Package Cache\{1204E654-144E-4FBA-ACA0-558F6E54FC5A}v3.10.6150.0\test.msi.
[0178:017C][2022-09-01T03:28:02]i319: Applied execute package: core_JustForMe, result: 0x0, restart: None
[0178:017C][2022-09-01T03:28:02]i325: Registering dependency: {1fab56ed-b241-47a3-9abc-d51dc01b8dff} on package provider: {C91F8E4B-F9C1-4FD1-BCF3-4A91CDAD4B72}, package: core_JustForMe
[0178:017C][2022-09-01T03:28:02]i323: Registering package dependency provider: {750538B5-3E77-4F94-A64A-D3F09E608CA2}, version: 3.10.6150.0, package: exe_JustForMe
[0178:017C][2022-09-01T03:28:02]i301: Applying execute package: exe_JustForMe, action: Install, path: C:\users\root\AppData\Local\Package Cache\{750538B5-3E77-4F94-A64A-D3F09E608CA2}v3.10.6150.0\exe.msi, arguments: ' ARPSYSTEMCOMPONENT="1" MSIFASTINSTALL="7" TARGETDIR="C:\users\root\AppData\Local\Programs\Python\Python310" OPTIONALFEATURESREGISTRYKEY="Software\Python\PythonCore\3.10\InstalledFeatures" ADDLOCAL="DefaultFeature,Shortcuts"'
[0178:01A4][2022-09-01T03:28:02]i305: Verified acquired payload: doc_JustForMe at path: C:\users\root\AppData\Local\Package Cache\.unverified\doc_JustForMe, moving to: C:\users\root\AppData\Local\Package Cache\{4306E3B9-B285-4747-B84D-9FAF08AA412D}v3.10.6150.0\doc.msi.
[0178:01A4][2022-09-01T03:28:02]i305: Verified acquired payload: tools_JustForMe at path: C:\users\root\AppData\Local\Package Cache\.unverified\tools_JustForMe, moving to: C:\users\root\AppData\Local\Package Cache\{1D60E386-848D-45D1-BB0A-7E26A3E32011}v3.10.6150.0\tools.msi.
[0178:01A4][2022-09-01T03:28:02]i305: Verified acquired payload: tcltk_JustForMe at path: C:\users\root\AppData\Local\Package Cache\.unverified\tcltk_JustForMe, moving to: C:\users\root\AppData\Local\Package Cache\{A551B92B-102D-45DC-8050-5CE10DE81CD0}v3.10.6150.0\tcltk.msi.
[0190:01A0][2022-09-01T03:28:02]i305: Verified acquired payload: launcher_AllUsers at path: C:\ProgramData\Package Cache\.unverified\launcher_AllUsers, moving to: C:\ProgramData\Package Cache\{7805B176-9059-45BD-8C4A-5B9EB0C2C387}v3.10.7882.0\launcher.msi.
[0178:01A4][2022-09-01T03:28:02]i305: Verified acquired payload: pip_JustForMe at path: C:\users\root\AppData\Local\Package Cache\.unverified\pip_JustForMe, moving to: C:\users\root\AppData\Local\Package Cache\{3983F17E-1088-46F9-BB00-53B888FF3835}v3.10.6150.0\pip.msi.
[0178:01A4][2022-09-01T03:28:02]i305: Verified acquired payload: path_JustForMe at path: C:\users\root\AppData\Local\Package Cache\.unverified\path_JustForMe, moving to: C:\users\root\AppData\Local\Package Cache\{541B7582-6B11-4457-ACB7-AAC2058B3229}v3.10.6150.0\path.msi.
[0178:017C][2022-09-01T03:28:02]i319: Applied execute package: exe_JustForMe, result: 0x0, restart: None
[0178:017C][2022-09-01T03:28:02]i325: Registering dependency: {1fab56ed-b241-47a3-9abc-d51dc01b8dff} on package provider: {750538B5-3E77-4F94-A64A-D3F09E608CA2}, package: exe_JustForMe
[0178:017C][2022-09-01T03:28:02]i323: Registering package dependency provider: {07CDAC2C-737C-4D8A-AF42-6BCE111699AE}, version: 3.10.6150.0, package: dev_JustForMe
[0178:017C][2022-09-01T03:28:02]i301: Applying execute package: dev_JustForMe, action: Install, path: C:\users\root\AppData\Local\Package Cache\{07CDAC2C-737C-4D8A-AF42-6BCE111699AE}v3.10.6150.0\dev.msi, arguments: ' ARPSYSTEMCOMPONENT="1" MSIFASTINSTALL="7" TARGETDIR="C:\users\root\AppData\Local\Programs\Python\Python310" OPTIONALFEATURESREGISTRYKEY="Software\Python\PythonCore\3.10\InstalledFeatures"'
[0178:017C][2022-09-01T03:28:03]i319: Applied execute package: dev_JustForMe, result: 0x0, restart: None
[0178:017C][2022-09-01T03:28:03]i325: Registering dependency: {1fab56ed-b241-47a3-9abc-d51dc01b8dff} on package provider: {07CDAC2C-737C-4D8A-AF42-6BCE111699AE}, package: dev_JustForMe
[0178:017C][2022-09-01T03:28:03]i323: Registering package dependency provider: {C3A057F3-209B-4244-9697-D69031B81AAB}, version: 3.10.6150.0, package: lib_JustForMe
[0178:017C][2022-09-01T03:28:03]i301: Applying execute package: lib_JustForMe, action: Install, path: C:\users\root\AppData\Local\Package Cache\{C3A057F3-209B-4244-9697-D69031B81AAB}v3.10.6150.0\lib.msi, arguments: ' ARPSYSTEMCOMPONENT="1" MSIFASTINSTALL="7" TARGETDIR="C:\users\root\AppData\Local\Programs\Python\Python310" OPTIONALFEATURESREGISTRYKEY="Software\Python\PythonCore\3.10\InstalledFeatures"'
[0178:017C][2022-09-01T03:28:04]i319: Applied execute package: lib_JustForMe, result: 0x0, restart: None
[0178:017C][2022-09-01T03:28:04]i325: Registering dependency: {1fab56ed-b241-47a3-9abc-d51dc01b8dff} on package provider: {C3A057F3-209B-4244-9697-D69031B81AAB}, package: lib_JustForMe
[0178:017C][2022-09-01T03:28:04]i323: Registering package dependency provider: {1204E654-144E-4FBA-ACA0-558F6E54FC5A}, version: 3.10.6150.0, package: test_JustForMe
[0178:017C][2022-09-01T03:28:04]i301: Applying execute package: test_JustForMe, action: Install, path: C:\users\root\AppData\Local\Package Cache\{1204E654-144E-4FBA-ACA0-558F6E54FC5A}v3.10.6150.0\test.msi, arguments: ' ARPSYSTEMCOMPONENT="1" MSIFASTINSTALL="7" TARGETDIR="C:\users\root\AppData\Local\Programs\Python\Python310" OPTIONALFEATURESREGISTRYKEY="Software\Python\PythonCore\3.10\InstalledFeatures"'
[0178:017C][2022-09-01T03:28:06]i319: Applied execute package: test_JustForMe, result: 0x0, restart: None
[0178:017C][2022-09-01T03:28:06]i325: Registering dependency: {1fab56ed-b241-47a3-9abc-d51dc01b8dff} on package provider: {1204E654-144E-4FBA-ACA0-558F6E54FC5A}, package: test_JustForMe
[0178:017C][2022-09-01T03:28:06]i323: Registering package dependency provider: {4306E3B9-B285-4747-B84D-9FAF08AA412D}, version: 3.10.6150.0, package: doc_JustForMe
[0178:017C][2022-09-01T03:28:06]i301: Applying execute package: doc_JustForMe, action: Install, path: C:\users\root\AppData\Local\Package Cache\{4306E3B9-B285-4747-B84D-9FAF08AA412D}v3.10.6150.0\doc.msi, arguments: ' ARPSYSTEMCOMPONENT="1" MSIFASTINSTALL="7" TARGETDIR="C:\users\root\AppData\Local\Programs\Python\Python310" OPTIONALFEATURESREGISTRYKEY="Software\Python\PythonCore\3.10\InstalledFeatures" ADDLOCAL="DefaultFeature,Shortcuts"'
[0178:017C][2022-09-01T03:28:06]i319: Applied execute package: doc_JustForMe, result: 0x0, restart: None
[0178:017C][2022-09-01T03:28:06]i325: Registering dependency: {1fab56ed-b241-47a3-9abc-d51dc01b8dff} on package provider: {4306E3B9-B285-4747-B84D-9FAF08AA412D}, package: doc_JustForMe
[0178:017C][2022-09-01T03:28:06]i323: Registering package dependency provider: {1D60E386-848D-45D1-BB0A-7E26A3E32011}, version: 3.10.6150.0, package: tools_JustForMe
[0178:017C][2022-09-01T03:28:06]i301: Applying execute package: tools_JustForMe, action: Install, path: C:\users\root\AppData\Local\Package Cache\{1D60E386-848D-45D1-BB0A-7E26A3E32011}v3.10.6150.0\tools.msi, arguments: ' ARPSYSTEMCOMPONENT="1" MSIFASTINSTALL="7" TARGETDIR="C:\users\root\AppData\Local\Programs\Python\Python310" OPTIONALFEATURESREGISTRYKEY="Software\Python\PythonCore\3.10\InstalledFeatures"'
[0178:017C][2022-09-01T03:28:06]i319: Applied execute package: tools_JustForMe, result: 0x0, restart: None
[0178:017C][2022-09-01T03:28:06]i325: Registering dependency: {1fab56ed-b241-47a3-9abc-d51dc01b8dff} on package provider: {1D60E386-848D-45D1-BB0A-7E26A3E32011}, package: tools_JustForMe
[0178:017C][2022-09-01T03:28:06]i323: Registering package dependency provider: {A551B92B-102D-45DC-8050-5CE10DE81CD0}, version: 3.10.6150.0, package: tcltk_JustForMe
[0178:017C][2022-09-01T03:28:06]i301: Applying execute package: tcltk_JustForMe, action: Install, path: C:\users\root\AppData\Local\Package Cache\{A551B92B-102D-45DC-8050-5CE10DE81CD0}v3.10.6150.0\tcltk.msi, arguments: ' ARPSYSTEMCOMPONENT="1" MSIFASTINSTALL="7" TARGETDIR="C:\users\root\AppData\Local\Programs\Python\Python310" OPTIONALFEATURESREGISTRYKEY="Software\Python\PythonCore\3.10\InstalledFeatures" ADDLOCAL="DefaultFeature,AssociateFiles,Shortcuts"'
[0178:017C][2022-09-01T03:28:08]i319: Applied execute package: tcltk_JustForMe, result: 0x0, restart: None
[0178:017C][2022-09-01T03:28:08]i325: Registering dependency: {1fab56ed-b241-47a3-9abc-d51dc01b8dff} on package provider: {A551B92B-102D-45DC-8050-5CE10DE81CD0}, package: tcltk_JustForMe
[0190:0194][2022-09-01T03:28:08]i301: Applying execute package: launcher_AllUsers, action: Install, path: C:\ProgramData\Package Cache\{7805B176-9059-45BD-8C4A-5B9EB0C2C387}v3.10.7882.0\launcher.msi, arguments: ' ALLUSERS="1" MSIFASTINSTALL="7" ADDLOCAL="DefaultFeature,AssociateFiles"'
[0178:017C][2022-09-01T03:28:08]i319: Applied execute package: launcher_AllUsers, result: 0x0, restart: None
[0178:017C][2022-09-01T03:28:08]i323: Registering package dependency provider: {3983F17E-1088-46F9-BB00-53B888FF3835}, version: 3.10.6150.0, package: pip_JustForMe
[0178:017C][2022-09-01T03:28:08]i301: Applying execute package: pip_JustForMe, action: Install, path: C:\users\root\AppData\Local\Package Cache\{3983F17E-1088-46F9-BB00-53B888FF3835}v3.10.6150.0\pip.msi, arguments: ' ARPSYSTEMCOMPONENT="1" MSIFASTINSTALL="7" TARGETDIR="C:\users\root\AppData\Local\Programs\Python\Python310" OPTIONALFEATURESREGISTRYKEY="Software\Python\PythonCore\3.10\InstalledFeatures"'
[0178:017C][2022-09-01T03:28:18]i319: Applied execute package: pip_JustForMe, result: 0x0, restart: None
[0178:017C][2022-09-01T03:28:18]i325: Registering dependency: {1fab56ed-b241-47a3-9abc-d51dc01b8dff} on package provider: {3983F17E-1088-46F9-BB00-53B888FF3835}, package: pip_JustForMe
[0178:017C][2022-09-01T03:28:18]i323: Registering package dependency provider: {541B7582-6B11-4457-ACB7-AAC2058B3229}, version: 3.10.6150.0, package: path_JustForMe
[0178:017C][2022-09-01T03:28:18]i301: Applying execute package: path_JustForMe, action: Install, path: C:\users\root\AppData\Local\Package Cache\{541B7582-6B11-4457-ACB7-AAC2058B3229}v3.10.6150.0\path.msi, arguments: ' ARPSYSTEMCOMPONENT="1" MSIFASTINSTALL="7" TARGETDIR="C:\users\root\AppData\Local\Programs\Python\Python310" OPTIONALFEATURESREGISTRYKEY="Software\Python\PythonCore\3.10\InstalledFeatures"'
[0178:017C][2022-09-01T03:28:18]i319: Applied execute package: path_JustForMe, result: 0x0, restart: None
[0178:017C][2022-09-01T03:28:18]i325: Registering dependency: {1fab56ed-b241-47a3-9abc-d51dc01b8dff} on package provider: {541B7582-6B11-4457-ACB7-AAC2058B3229}, package: path_JustForMe
[0178:017C][2022-09-01T03:28:18]i372: Session end, registration key: SOFTWARE\Microsoft\Windows\CurrentVersion\Uninstall\{1fab56ed-b241-47a3-9abc-d51dc01b8dff}, resume: ARP, restart: None, disable resume: No
[0178:017C][2022-09-01T03:28:18]i371: Updating session, registration key: SOFTWARE\Microsoft\Windows\CurrentVersion\Uninstall\{1fab56ed-b241-47a3-9abc-d51dc01b8dff}, resume: ARP, restart initiated: No, disable resume: No
[0178:017C][2022-09-01T03:28:18]i399: Apply complete, result: 0x0, restart: None, ba requested restart:  No
[0178:0188][2022-09-01T03:28:18]i000: Failed to open SYSTEM\CurrentControlSet\Control\FileSystem: error code 2
[0178:0188][2022-09-01T03:28:18]i000: Hiding MAX_PATH button because it is already enabled
[0178:017C][2022-09-01T03:28:21]i500: Shutting down, exit code: 0x0
[0178:017C][2022-09-01T03:28:21]i410: Variable: ActionLikeInstallation = Setup
[0178:017C][2022-09-01T03:28:21]i410: Variable: ActionLikeInstalling = Installing
[0178:017C][2022-09-01T03:28:21]i410: Variable: AssociateFiles = 1
[0178:017C][2022-09-01T03:28:21]i410: Variable: CompileAll = 0
[0178:017C][2022-09-01T03:28:21]i410: Variable: CRTInstalled = 1
[0178:017C][2022-09-01T03:28:21]i410: Variable: CustomBrowseButtonState = enabled
[0178:017C][2022-09-01T03:28:21]i410: Variable: CustomInstallLauncherAllUsersState = enabled
[0178:017C][2022-09-01T03:28:21]i410: Variable: DefaultAllUsersTargetDir = C:\Program Files\Python310
[0178:017C][2022-09-01T03:28:21]i410: Variable: DefaultCustomTargetDir = 
[0178:017C][2022-09-01T03:28:21]i410: Variable: DefaultJustForMeTargetDir = C:\users\root\AppData\Local\Programs\Python\Python310
[0178:017C][2022-09-01T03:28:21]i410: Variable: DetectedLauncher = 0
[0178:017C][2022-09-01T03:28:21]i410: Variable: DetectedOldLauncher = 0
[0178:017C][2022-09-01T03:28:21]i410: Variable: Include_core = 1
[0178:017C][2022-09-01T03:28:21]i410: Variable: Include_debug = 0
[0178:017C][2022-09-01T03:28:21]i410: Variable: Include_dev = 1
[0178:017C][2022-09-01T03:28:21]i410: Variable: Include_doc = 1
[0178:017C][2022-09-01T03:28:21]i410: Variable: Include_exe = 1
[0178:017C][2022-09-01T03:28:21]i410: Variable: Include_launcher = 1
[0178:017C][2022-09-01T03:28:21]i410: Variable: Include_launcherState = enabled
[0178:017C][2022-09-01T03:28:21]i410: Variable: Include_lib = 1
[0178:017C][2022-09-01T03:28:21]i410: Variable: Include_pip = 1
[0178:017C][2022-09-01T03:28:21]i410: Variable: Include_symbols = 0
[0178:017C][2022-09-01T03:28:21]i410: Variable: Include_tcltk = 1
[0178:017C][2022-09-01T03:28:21]i410: Variable: Include_test = 1
[0178:017C][2022-09-01T03:28:21]i410: Variable: Include_tools = 1
[0178:017C][2022-09-01T03:28:21]i410: Variable: InstallAllUsers = 0
[0178:017C][2022-09-01T03:28:21]i410: Variable: InstallAllUsersState = enabled
[0178:017C][2022-09-01T03:28:21]i410: Variable: InstallLauncherAllUsers = 1
[0178:017C][2022-09-01T03:28:21]i410: Variable: InstallLauncherAllUsersState = enabled
[0178:017C][2022-09-01T03:28:21]i410: Variable: LauncherOnly = 0
[0178:017C][2022-09-01T03:28:21]i410: Variable: LocalAppDataFolder = C:\users\root\AppData\Local\
[0178:017C][2022-09-01T03:28:21]i410: Variable: OptionalFeaturesRegistryKey = Software\Python\PythonCore\3.10\InstalledFeatures
[0178:017C][2022-09-01T03:28:21]i410: Variable: PrependPath = 1
[0178:017C][2022-09-01T03:28:21]i410: Variable: ProgramFiles64Folder = C:\Program Files\
[0178:017C][2022-09-01T03:28:21]i410: Variable: Shortcuts = 1
[0178:017C][2022-09-01T03:28:21]i410: Variable: ShortVersion = 3.10
[0178:017C][2022-09-01T03:28:21]i410: Variable: ShortVersionNoDot = 310
[0178:017C][2022-09-01T03:28:21]i410: Variable: SimpleInstall = 0
[0178:017C][2022-09-01T03:28:21]i410: Variable: SimpleInstallDescription = 
[0178:017C][2022-09-01T03:28:21]i410: Variable: TargetDir = C:\users\root\AppData\Local\Programs\Python\Python310
[0178:017C][2022-09-01T03:28:21]i410: Variable: TargetDirRegistryKey = Software\Python\PythonCore\3.10\InstallPath
[0178:017C][2022-09-01T03:28:21]i410: Variable: TargetDirState = enabled
[0178:017C][2022-09-01T03:28:21]i410: Variable: TargetPlatform = x64
[0178:017C][2022-09-01T03:28:21]i410: Variable: WinVer = 3.10
[0178:017C][2022-09-01T03:28:21]i410: Variable: WinVerNoDot = 310
[0178:017C][2022-09-01T03:28:21]i410: Variable: WixBundleAction = 5
[0178:017C][2022-09-01T03:28:21]i410: Variable: WixBundleElevated = 1
[0178:017C][2022-09-01T03:28:21]i410: Variable: WixBundleFileVersion = 3.10.6150.0
[0178:017C][2022-09-01T03:28:21]i410: Variable: WixBundleInstalled = 0
[0178:017C][2022-09-01T03:28:21]i410: Variable: WixBundleLog = C:\users\root\Temp\Python 3.10.6 (64-bit)_20220901032759.log
[0178:017C][2022-09-01T03:28:21]i410: Variable: WixBundleLog_core_JustForMe = C:\users\root\Temp\Python 3.10.6 (64-bit)_20220901032759_000_core_JustForMe.log
[0178:017C][2022-09-01T03:28:21]i410: Variable: WixBundleLog_dev_JustForMe = C:\users\root\Temp\Python 3.10.6 (64-bit)_20220901032759_002_dev_JustForMe.log
[0178:017C][2022-09-01T03:28:21]i410: Variable: WixBundleLog_doc_JustForMe = C:\users\root\Temp\Python 3.10.6 (64-bit)_20220901032759_005_doc_JustForMe.log
[0178:017C][2022-09-01T03:28:21]i410: Variable: WixBundleLog_exe_JustForMe = C:\users\root\Temp\Python 3.10.6 (64-bit)_20220901032759_001_exe_JustForMe.log
[0178:017C][2022-09-01T03:28:21]i410: Variable: WixBundleLog_launcher_AllUsers = C:\users\root\Temp\Python 3.10.6 (64-bit)_20220901032759_008_launcher_AllUsers.log
[0178:017C][2022-09-01T03:28:21]i410: Variable: WixBundleLog_lib_JustForMe = C:\users\root\Temp\Python 3.10.6 (64-bit)_20220901032759_003_lib_JustForMe.log
[0178:017C][2022-09-01T03:28:21]i410: Variable: WixBundleLog_path_JustForMe = C:\users\root\Temp\Python 3.10.6 (64-bit)_20220901032759_010_path_JustForMe.log
[0178:017C][2022-09-01T03:28:21]i410: Variable: WixBundleLog_pip_JustForMe = C:\users\root\Temp\Python 3.10.6 (64-bit)_20220901032759_009_pip_JustForMe.log
[0178:017C][2022-09-01T03:28:21]i410: Variable: WixBundleLog_tcltk_JustForMe = C:\users\root\Temp\Python 3.10.6 (64-bit)_20220901032759_007_tcltk_JustForMe.log
[0178:017C][2022-09-01T03:28:21]i410: Variable: WixBundleLog_test_JustForMe = C:\users\root\Temp\Python 3.10.6 (64-bit)_20220901032759_004_test_JustForMe.log
[0178:017C][2022-09-01T03:28:21]i410: Variable: WixBundleLog_tools_JustForMe = C:\users\root\Temp\Python 3.10.6 (64-bit)_20220901032759_006_tools_JustForMe.log
[0178:017C][2022-09-01T03:28:21]i410: Variable: WixBundleManufacturer = Python Software Foundation
[0178:017C][2022-09-01T03:28:21]i410: Variable: WixBundleName = Python 3.10.6 (64-bit)
[0178:017C][2022-09-01T03:28:21]i410: Variable: WixBundleOriginalSource = Z:\python-3.10.6-amd64.exe
[0178:017C][2022-09-01T03:28:21]i410: Variable: WixBundleOriginalSourceFolder = Z:\
[0178:017C][2022-09-01T03:28:21]i410: Variable: WixBundleProviderKey = CPython-3.10
[0178:017C][2022-09-01T03:28:21]i410: Variable: WixBundleRollbackLog_core_JustForMe = C:\users\root\Temp\Python 3.10.6 (64-bit)_20220901032759_000_core_JustForMe_rollback.log
[0178:017C][2022-09-01T03:28:21]i410: Variable: WixBundleRollbackLog_dev_JustForMe = C:\users\root\Temp\Python 3.10.6 (64-bit)_20220901032759_002_dev_JustForMe_rollback.log
[0178:017C][2022-09-01T03:28:21]i410: Variable: WixBundleRollbackLog_doc_JustForMe = C:\users\root\Temp\Python 3.10.6 (64-bit)_20220901032759_005_doc_JustForMe_rollback.log
[0178:017C][2022-09-01T03:28:21]i410: Variable: WixBundleRollbackLog_exe_JustForMe = C:\users\root\Temp\Python 3.10.6 (64-bit)_20220901032759_001_exe_JustForMe_rollback.log
[0178:017C][2022-09-01T03:28:21]i410: Variable: WixBundleRollbackLog_lib_JustForMe = C:\users\root\Temp\Python 3.10.6 (64-bit)_20220901032759_003_lib_JustForMe_rollback.log
[0178:017C][2022-09-01T03:28:21]i410: Variable: WixBundleRollbackLog_path_JustForMe = C:\users\root\Temp\Python 3.10.6 (64-bit)_20220901032759_010_path_JustForMe_rollback.log
[0178:017C][2022-09-01T03:28:21]i410: Variable: WixBundleRollbackLog_pip_JustForMe = C:\users\root\Temp\Python 3.10.6 (64-bit)_20220901032759_009_pip_JustForMe_rollback.log
[0178:017C][2022-09-01T03:28:21]i410: Variable: WixBundleRollbackLog_tcltk_JustForMe = C:\users\root\Temp\Python 3.10.6 (64-bit)_20220901032759_007_tcltk_JustForMe_rollback.log
[0178:017C][2022-09-01T03:28:21]i410: Variable: WixBundleRollbackLog_test_JustForMe = C:\users\root\Temp\Python 3.10.6 (64-bit)_20220901032759_004_test_JustForMe_rollback.log
[0178:017C][2022-09-01T03:28:21]i410: Variable: WixBundleRollbackLog_tools_JustForMe = C:\users\root\Temp\Python 3.10.6 (64-bit)_20220901032759_006_tools_JustForMe_rollback.log
[0178:017C][2022-09-01T03:28:21]i410: Variable: WixBundleSourceProcessFolder = Z:\
[0178:017C][2022-09-01T03:28:21]i410: Variable: WixBundleSourceProcessPath = Z:\python-3.10.6-amd64.exe
[0178:017C][2022-09-01T03:28:21]i410: Variable: WixBundleTag = 
[0178:017C][2022-09-01T03:28:21]i410: Variable: WixBundleUILevel = 4
[0178:017C][2022-09-01T03:28:21]i410: Variable: WixBundleVersion = 3.10.6150.0
[0178:017C][2022-09-01T03:28:21]i007: Exit code: 0x0, restarting: No
