1: 0 2: 1033 3: 0 
=== Logging started: 9/1/2022  3:28:08 ===
Message type: 0, Argument: 1033, 0
Message type: 1, Argument: Python Launcher
Action 3:28:08: INSTALL. 
Action start 3:28:08: INSTALL.
1: 0 2: 1033 3: 0 
1: 0 2: 1033 3: 0 
=== Logging started: 9/1/2022  3:28:08 ===
Message type: 0, Argument: 1033, 0
Message type: 1, Argument: Python Launcher
Action 3:28:08: INSTALL. 
Action start 3:28:08: INSTALL.
1: Python Launcher 2: {7805B176-9059-45BD-8C4A-5B9EB0C2C387} 
Action 3:28:08: FindRelatedProducts. Searching for related applications
Action start 3:28:08: FindRelatedProducts.
Action ended 3:28:08: FindRelatedProducts. Return value 1.
Action 3:28:08: LaunchConditions. Evaluating launch conditions
Action start 3:28:08: LaunchConditions.
Action ended 3:28:08: LaunchConditions. Return value 1.
Action 3:28:08: ValidateProductID. 
Action start 3:28:08: ValidateProductID.
Action ended 3:28:08: ValidateProductID. Return value 1.
Action 3:28:08: CostInitialize. Computing space requirements
Action start 3:28:08: CostInitialize.
Action ended 3:28:08: CostInitialize. Return value 1.
Action 3:28:08: FileCost. Computing space requirements
Action start 3:28:08: FileCost.
Action ended 3:28:08: FileCost. Return value 1.
Action 3:28:08: SetLauncherInstallDirectoryLM. 
Action start 3:28:08: SetLauncherInstallDirectoryLM.
Action ended 3:28:08: SetLauncherInstallDirectoryLM. Return value 1.
Action 3:28:08: CostFinalize. Computing space requirements
Action start 3:28:08: CostFinalize.
Action ended 3:28:08: CostFinalize. Return value 1.
Action 3:28:08: InstallValidate. Validating install
Action start 3:28:08: InstallValidate.
Action ended 3:28:08: InstallValidate. Return value 1.
Action 3:28:08: InstallInitialize. 
Action start 3:28:08: InstallInitialize.
Action ended 3:28:08: InstallInitialize. Return value 1.
Action 3:28:08: ProcessComponents. Updating component registration
Action start 3:28:08: ProcessComponents.
Action ended 3:28:08: ProcessComponents. Return value 1.
Action 3:28:08: UnpublishFeatures. Unpublishing Product Features
Action start 3:28:08: UnpublishFeatures.
Action ended 3:28:08: UnpublishFeatures. Return value 1.
Action 3:28:08: RemoveRegistryValues. Removing system registry values
Action start 3:28:08: RemoveRegistryValues.
Action ended 3:28:08: RemoveRegistryValues. Return value 1.
Action 3:28:08: RemoveEnvironmentStrings. Updating environment strings
Action start 3:28:08: RemoveEnvironmentStrings.
Action ended 3:28:08: RemoveEnvironmentStrings. Return value 1.
Action 3:28:08: RemoveFiles. Removing files
Action start 3:28:08: RemoveFiles.
Action ended 3:28:08: RemoveFiles. Return value 1.
Action 3:28:08: InstallFiles. Copying new files
Action start 3:28:08: InstallFiles.
Action ended 3:28:08: InstallFiles. Return value 1.
Action 3:28:08: WriteRegistryValues. Writing system registry values
Action start 3:28:08: WriteRegistryValues.
Action ended 3:28:08: WriteRegistryValues. Return value 1.
Action 3:28:08: WriteEnvironmentStrings. Updating environment strings
Action start 3:28:08: WriteEnvironmentStrings.
Action ended 3:28:08: WriteEnvironmentStrings. Return value 1.
Action 3:28:08: RegisterUser. Registering user
Action start 3:28:08: RegisterUser.
Action ended 3:28:08: RegisterUser. Return value 1.
Action 3:28:08: RegisterProduct. Registering product
Action start 3:28:08: RegisterProduct.
Action ended 3:28:08: RegisterProduct. Return value 1.
Action 3:28:08: PublishFeatures. Publishing Product Features
Action start 3:28:08: PublishFeatures.
Action ended 3:28:08: PublishFeatures. Return value 1.
Action 3:28:08: PublishProduct. Publishing product information
Action start 3:28:08: PublishProduct.
Action ended 3:28:08: PublishProduct. Return value 1.
Action 3:28:08: InstallFinalize. 
Action start 3:28:08: InstallFinalize.
Action 3:28:08: ProcessComponents. Updating component registration
Action start 3:28:08: ProcessComponents.
1: {7805B176-9059-45BD-8C4A-5B9EB0C2C387} 2: {B5107402-6958-461B-8B0A-4037D3327160} 3: C:\windows\py.exe 
1: {7805B176-9059-45BD-8C4A-5B9EB0C2C387} 2: {8E52B8CD-48BB-4D74-84CD-6238BCD11F20} 3: C:\windows\pyw.exe 
1: {7805B176-9059-45BD-8C4A-5B9EB0C2C387} 2: {95AEB930-367C-475C-A17E-A89BFCD4C670} 3: -1:\Software\Python\PyLauncher\InstallDir 
1: {7805B176-9059-45BD-8C4A-5B9EB0C2C387} 2: {4A41C365-4E27-4D38-A6D1-4A01B4A6500C} 3: -1:\Software\Python\PyLauncher\InstallDir 
1: {7805B176-9059-45BD-8C4A-5B9EB0C2C387} 2: {E7411EFD-F1DD-40EB-B0C7-4BA02BF3E75F} 3: C:\windows\pyshellext.amd64.dll 
1: {7805B176-9059-45BD-8C4A-5B9EB0C2C387} 2: {C5936696-9A5A-45A0-A830-D172C3329282} 3:  
1: {7805B176-9059-45BD-8C4A-5B9EB0C2C387} 2: {5AF84D9A-D820-456B-B230-6E0105A50276} 3: -1:\Software\Python\PyLauncher\AssociateFiles 
Action ended 3:28:08: ProcessComponents. Return value 1.
Action 3:28:08: UnpublishFeatures. Unpublishing Product Features
Action start 3:28:08: UnpublishFeatures.
Action ended 3:28:08: UnpublishFeatures. Return value 1.
Action 3:28:08: RemoveRegistryValues. Removing system registry values
Action start 3:28:08: RemoveRegistryValues.
Action ended 3:28:08: RemoveRegistryValues. Return value 1.
Action 3:28:08: RemoveEnvironmentStrings. Updating environment strings
Action start 3:28:08: RemoveEnvironmentStrings.
Action ended 3:28:08: RemoveEnvironmentStrings. Return value 1.
Action 3:28:08: RemoveFiles. Removing files
Action start 3:28:08: RemoveFiles.
File: py.exe, Directory: LauncherInstallDirectory
File: pyshellext.amd64.dll, Directory: LauncherInstallDirectory
File: pyshellext.win32.dll, Directory: LauncherInstallDirectory
File: pyw.exe, Directory: LauncherInstallDirectory
Action ended 3:28:08: RemoveFiles. Return value 1.
Action 3:28:08: InstallFiles. Copying new files
Action start 3:28:08: InstallFiles.
File: py.exe,  Directory: LauncherInstallDirectory,  Size: 736168
File: pyshellext.amd64.dll,  Directory: LauncherInstallDirectory,  Size: 49576
File: pyshellext.win32.dll,  Directory: LauncherInstallDirectory,  Size: 41896
File: pyw.exe,  Directory: LauncherInstallDirectory,  Size: 736680
Action ended 3:28:08: InstallFiles. Return value 1.
Action 3:28:08: WriteRegistryValues. Writing system registry values
Action start 3:28:08: WriteRegistryValues.
Key: HKEY_LOCAL_MACHINE\Software\Python\PyLauncher, Name: InstallDir, Value: C:\windows\
Key: HKEY_LOCAL_MACHINE\Software\Python\PyLauncher, Name: AssociateFiles, Value: 
Key: HKEY_LOCAL_MACHINE\Software\Python\PyLauncher, Name: , Value: C:\windows\py.exe
Key: HKEY_CLASSES_ROOT\CLSID\{BEA218D2-6950-497B-9434-61683EC065FE}\InprocServer32, Name: , Value: C:\windows\pyshellext.amd64.dll
Key: HKEY_CLASSES_ROOT\CLSID\{BEA218D2-6950-497B-9434-61683EC065FE}\InprocServer32, Name: ThreadingModel, Value: Apartment
Key: HKEY_CLASSES_ROOT\Python.File\shell\open\command, Name: , Value: "C:\windows\py.exe" "%L" %*
Key: HKEY_CLASSES_ROOT\.py, Name: , Value: Python.File
Key: HKEY_CLASSES_ROOT\.py, Name: Content Type, Value: text/x-python
Key: HKEY_CLASSES_ROOT\Python.File, Name: , Value: Python File
Key: HKEY_CLASSES_ROOT\Python.File\DefaultIcon, Name: , Value: "C:\windows\py.exe",1
Key: HKEY_CLASSES_ROOT\Python.File\shellex\DropHandler, Name: , Value: {BEA218D2-6950-497B-9434-61683EC065FE}
Key: HKEY_CLASSES_ROOT\Python.NoConFile\shell\open\command, Name: , Value: "C:\windows\pyw.exe" "%L" %*
Key: HKEY_CLASSES_ROOT\.pyw, Name: , Value: Python.NoConFile
Key: HKEY_CLASSES_ROOT\.pyw, Name: Content Type, Value: text/x-python
Key: HKEY_CLASSES_ROOT\Python.NoConFile, Name: , Value: Python File (no console)
Key: HKEY_CLASSES_ROOT\Python.NoConFile\DefaultIcon, Name: , Value: "C:\windows\py.exe",1
Key: HKEY_CLASSES_ROOT\Python.NoConFile\shellex\DropHandler, Name: , Value: {BEA218D2-6950-497B-9434-61683EC065FE}
Key: HKEY_CLASSES_ROOT\Python.CompiledFile\shell\open\command, Name: , Value: "C:\windows\py.exe" "%L" %*
Key: HKEY_CLASSES_ROOT\.pyc, Name: , Value: Python.CompiledFile
Key: HKEY_CLASSES_ROOT\.pyo, Name: , Value: Python.CompiledFile
Key: HKEY_CLASSES_ROOT\Python.CompiledFile, Name: , Value: Compiled Python File
Key: HKEY_CLASSES_ROOT\Python.CompiledFile\DefaultIcon, Name: , Value: "C:\windows\py.exe",2
Key: HKEY_CLASSES_ROOT\Python.CompiledFile\shellex\DropHandler, Name: , Value: {BEA218D2-6950-497B-9434-61683EC065FE}
Key: HKEY_CLASSES_ROOT\.pyd, Name: , Value: Python.Extension
Key: HKEY_CLASSES_ROOT\Python.Extension, Name: , Value: Python Extension Module
Key: HKEY_CLASSES_ROOT\Python.Extension\DefaultIcon, Name: , Value: "C:\windows\py.exe",3
Key: HKEY_CLASSES_ROOT\Python.ArchiveFile\shell\open\command, Name: , Value: "C:\windows\py.exe" "%L" %*
Key: HKEY_CLASSES_ROOT\.pyz, Name: , Value: Python.ArchiveFile
Key: HKEY_CLASSES_ROOT\.pyz, Name: Content Type, Value: application/x-zip-compressed
Key: HKEY_CLASSES_ROOT\Python.ArchiveFile, Name: , Value: Python Zip Application File
Key: HKEY_CLASSES_ROOT\Python.ArchiveFile\DefaultIcon, Name: , Value: "C:\windows\py.exe",5
Key: HKEY_CLASSES_ROOT\Python.ArchiveFile\shellex\DropHandler, Name: , Value: {BEA218D2-6950-497B-9434-61683EC065FE}
Key: HKEY_CLASSES_ROOT\Python.NoConArchiveFile\shell\open\command, Name: , Value: "C:\windows\pyw.exe" "%L" %*
Key: HKEY_CLASSES_ROOT\.pyzw, Name: , Value: Python.NoConArchiveFile
Key: HKEY_CLASSES_ROOT\.pyzw, Name: Content Type, Value: application/x-zip-compressed
Key: HKEY_CLASSES_ROOT\Python.NoConArchiveFile, Name: , Value: Python Zip Application File (no console)
Key: HKEY_CLASSES_ROOT\Python.NoConArchiveFile\DefaultIcon, Name: , Value: "C:\windows\py.exe",5
Key: HKEY_CLASSES_ROOT\Python.NoConArchiveFile\shellex\DropHandler, Name: , Value: {BEA218D2-6950-497B-9434-61683EC065FE}
Action ended 3:28:08: WriteRegistryValues. Return value 1.
Action 3:28:08: WriteEnvironmentStrings. Updating environment strings
Action start 3:28:08: WriteEnvironmentStrings.
Action ended 3:28:08: WriteEnvironmentStrings. Return value 1.
Action 3:28:08: RegisterUser. Registering user
Action start 3:28:08: RegisterUser.
1:  
Action ended 3:28:08: RegisterUser. Return value 1.
Action 3:28:08: RegisterProduct. Registering product
Action start 3:28:08: RegisterProduct.
1: {7805B176-9059-45BD-8C4A-5B9EB0C2C387} 
Action ended 3:28:08: RegisterProduct. Return value 1.
Action 3:28:08: PublishFeatures. Publishing Product Features
Action start 3:28:08: PublishFeatures.
Feature: DefaultFeature
Feature: AssociateFiles
Action ended 3:28:08: PublishFeatures. Return value 1.
Action 3:28:08: PublishProduct. Publishing product information
Action start 3:28:08: PublishProduct.
1: {7805B176-9059-45BD-8C4A-5B9EB0C2C387} 
Action ended 3:28:08: PublishProduct. Return value 1.
Action ended 3:28:08: InstallFinalize. Return value 1.
Action ended 3:28:08: INSTALL. Return value 1.
1: Python Launcher 2: {7805B176-9059-45BD-8C4A-5B9EB0C2C387} 3: 1 
Property(S): UpgradeCode = {1B68A0EC-4DD3-5134-840E-73854B0863F1}
Property(S): LauncherInstallDirectory = C:\windows\
Property(S): VersionNT64 = 603
Property(S): TARGETDIR = C:\
Property(S): SourceDir = C:\ProgramData\Package Cache\{7805B176-9059-45BD-8C4A-5B9EB0C2C387}v3.10.7882.0\
Property(S): Suppress_TARGETDIR_Check = 1
Property(S): ARPPRODUCTICON = ARPIcon
Property(S): ARPNOMODIFY = 1
Property(S): DISABLEADVTSHORTCUTS = 1
Property(S): Manufacturer = Python Software Foundation
Property(S): ProductCode = {7805B176-9059-45BD-8C4A-5B9EB0C2C387}
Property(S): ProductLanguage = 1033
Property(S): ProductName = Python Launcher
Property(S): ProductVersion = 3.10.7882.0
Property(S): UpgradeTable = 1
Property(S): SecureCustomProperties = DOWNGRADE;REMOVE_350_LAUNCHER;REMOVE_360A1_LAUNCHER;UPGRADE
Property(S): AdminUser = 1
Property(S): Privileged = 1
Property(S): MsiRunningElevated = 1
Property(S): CommonAppDataFolder = C:\ProgramData\
Property(S): FavoritesFolder = C:\users\root\Favorites\
Property(S): FontsFolder = C:\windows\Fonts\
Property(S): SendToFolder = C:\users\root\AppData\Roaming\Microsoft\Windows\SendTo\
Property(S): StartMenuFolder = C:\users\root\AppData\Roaming\Microsoft\Windows\Start Menu\
Property(S): StartupFolder = C:\users\root\AppData\Roaming\Microsoft\Windows\Start Menu\Programs\StartUp\
Property(S): TemplateFolder = C:\users\root\AppData\Roaming\Microsoft\Windows\Templates\
Property(S): DesktopFolder = C:\users\root\Desktop\
Property(S): ProgramMenuFolder = C:\users\root\AppData\Roaming\Microsoft\Windows\Start Menu\Programs\
Property(S): AdminToolsFolder = C:\users\root\AppData\Roaming\Microsoft\Windows\Start Menu\Programs\Administrative Tools\
Property(S): AppDataFolder = C:\users\root\AppData\Roaming\
Property(S): SystemFolder = C:\windows\syswow64\
Property(S): System16Folder = C:\windows\system32\
Property(S): LocalAppDataFolder = C:\users\root\AppData\Local\
Property(S): MyPicturesFolder = C:\users\root\Pictures\
Property(S): PersonalFolder = C:\users\root\Documents\
Property(S): WindowsFolder = C:\windows\
Property(S): PrintHoodFolder = C:\users\root\AppData\Roaming\Microsoft\Windows\Printer Shortcuts\
Property(S): NetHoodFolder = C:\users\root\AppData\Roaming\Microsoft\Windows\Network Shortcuts\
Property(S): RecentFolder = C:\users\root\AppData\Roaming\Microsoft\Windows\Recent\
Property(S): PhysicalMemory = 23941
Property(S): WindowsVolume = C:\
Property(S): TempFolder = C:\users\root\Temp\
Property(S): VersionNT = 603
Property(S): MsiNTProductType = 1
Property(S): WindowsBuild = 9600
Property(S): ServicePackLevel = 0
Property(S): VersionMsi = 4.5
Property(S): VersionDatabase = 400
Property(S): Intel = 6
Property(S): MsiAMD64 = 6
Property(S): Msix64 = 6
Property(S): System64Folder = C:\windows\system32\
Property(S): ProgramFiles64Folder = C:\Program Files\
Property(S): ProgramFilesFolder = C:\Program Files (x86)\
Property(S): CommonFiles64Folder = C:\Program Files\Common Files\
Property(S): CommonFilesFolder = C:\Program Files (x86)\Common Files\
Property(S): ScreenX = 2560
Property(S): ScreenY = 1440
Property(S): ColorBits = 32
Property(S): UserSID = S-1-5-21-0-0-0-1000
Property(S): MsiNetAssemblySupport = 2.0.50727.4016
Property(S): UserLanguageID = 1033
Property(S): SystemLanguageID = 1033
Property(S): ProductState = -1
Property(S): LogonUser = root
Property(S): ComputerName = 94CCA55DD973
Property(S): UILevel = 2
Property(S): PackageCode = {65D0F076-D442-4A2B-A422-48EBD7BDC912}
Property(S): DATABASE = C:\windows\Installer\7c40.msi
Property(S): OriginalDatabase = C:\ProgramData\Package Cache\{7805B176-9059-45BD-8C4A-5B9EB0C2C387}v3.10.7882.0\launcher.msi
Property(S): SOURCEDIR = C:\ProgramData\Package Cache\{7805B176-9059-45BD-8C4A-5B9EB0C2C387}v3.10.7882.0\
Property(S): ALLUSERS = 1
Property(S): MSIFASTINSTALL = 7
Property(S): ADDLOCAL = DefaultFeature,AssociateFiles
Property(S): REBOOT = ReallySuppress
Property(S): ACTION = INSTALL
Property(S): EXECUTEACTION = INSTALL
Property(S): CostingComplete = 1
Property(S): ROOTDRIVE = C:\
Property(S): Preselected = 1
Property(S): INSTALLLEVEL = 1
Property(S): OutOfDiskSpace = 0
Property(S): OutOfNoRbDiskSpace = 0
1: 2 2: 0 
1: 2 2: 1 
Action ended 3:28:08: INSTALL. Return value 1.
