1: 0 2: 1033 3: 0 
=== Logging started: 9/1/2022  3:28:18 ===
Message type: 0, Argument: 1033, 0
Message type: 1, Argument: Python 3.10.6 Add to Path (64-bit)
Action 3:28:18: INSTALL. 
Action start 3:28:18: INSTALL.
1: 0 2: 1033 3: 0 
1: 0 2: 1033 3: 0 
=== Logging started: 9/1/2022  3:28:18 ===
Message type: 0, Argument: 1033, 0
Message type: 1, Argument: Python 3.10.6 Add to Path (64-bit)
Action 3:28:18: INSTALL. 
Action start 3:28:18: INSTALL.
1: Python 3.10.6 Add to Path (64-bit) 2: {541B7582-6B11-4457-ACB7-AAC2058B3229} 
Action 3:28:18: FindRelatedProducts. Searching for related applications
Action start 3:28:18: FindRelatedProducts.
Action ended 3:28:18: FindRelatedProducts. Return value 1.
Action 3:28:18: AppSearch. Searching for installed applications
Action start 3:28:18: AppSearch.
Property: TARGETDIR, Signature: PythonExe_Directory
Action ended 3:28:18: AppSearch. Return value 1.
Action 3:28:18: LaunchConditions. Evaluating launch conditions
Action start 3:28:18: LaunchConditions.
Action ended 3:28:18: LaunchConditions. Return value 1.
Action 3:28:18: ValidateProductID. 
Action start 3:28:18: ValidateProductID.
Action ended 3:28:18: ValidateProductID. Return value 1.
Action 3:28:18: CostInitialize. Computing space requirements
Action start 3:28:18: CostInitialize.
Action ended 3:28:18: CostInitialize. Return value 1.
Action 3:28:18: FileCost. Computing space requirements
Action start 3:28:18: FileCost.
Action ended 3:28:18: FileCost. Return value 1.
Action 3:28:18: CostFinalize. Computing space requirements
Action start 3:28:18: CostFinalize.
Action ended 3:28:18: CostFinalize. Return value 1.
Action 3:28:18: InstallValidate. Validating install
Action start 3:28:18: InstallValidate.
Action ended 3:28:18: InstallValidate. Return value 1.
Action 3:28:18: InstallInitialize. 
Action start 3:28:18: InstallInitialize.
Action ended 3:28:18: InstallInitialize. Return value 1.
Action 3:28:18: ProcessComponents. Updating component registration
Action start 3:28:18: ProcessComponents.
Action ended 3:28:18: ProcessComponents. Return value 1.
Action 3:28:18: UnpublishFeatures. Unpublishing Product Features
Action start 3:28:18: UnpublishFeatures.
Action ended 3:28:18: UnpublishFeatures. Return value 1.
Action 3:28:18: RemoveRegistryValues. Removing system registry values
Action start 3:28:18: RemoveRegistryValues.
Action ended 3:28:18: RemoveRegistryValues. Return value 1.
Action 3:28:18: RemoveEnvironmentStrings. Updating environment strings
Action start 3:28:18: RemoveEnvironmentStrings.
Action ended 3:28:18: RemoveEnvironmentStrings. Return value 1.
Action 3:28:18: RemoveFiles. Removing files
Action start 3:28:18: RemoveFiles.
Action ended 3:28:18: RemoveFiles. Return value 1.
Action 3:28:18: RemoveFolders. Removing folders
Action start 3:28:18: RemoveFolders.
Action ended 3:28:18: RemoveFolders. Return value 1.
Action 3:28:18: CreateFolders. Creating folders
Action start 3:28:18: CreateFolders.
Action ended 3:28:18: CreateFolders. Return value 1.
Action 3:28:18: WriteRegistryValues. Writing system registry values
Action start 3:28:18: WriteRegistryValues.
Action ended 3:28:18: WriteRegistryValues. Return value 1.
Action 3:28:18: WriteEnvironmentStrings. Updating environment strings
Action start 3:28:18: WriteEnvironmentStrings.
Action ended 3:28:18: WriteEnvironmentStrings. Return value 1.
Action 3:28:18: RegisterUser. Registering user
Action start 3:28:18: RegisterUser.
Action ended 3:28:18: RegisterUser. Return value 1.
Action 3:28:18: RegisterProduct. Registering product
Action start 3:28:18: RegisterProduct.
Action ended 3:28:18: RegisterProduct. Return value 1.
Action 3:28:18: PublishFeatures. Publishing Product Features
Action start 3:28:18: PublishFeatures.
Action ended 3:28:18: PublishFeatures. Return value 1.
Action 3:28:18: PublishProduct. Publishing product information
Action start 3:28:18: PublishProduct.
Action ended 3:28:18: PublishProduct. Return value 1.
Action 3:28:18: InstallFinalize. 
Action start 3:28:18: InstallFinalize.
Action 3:28:18: ProcessComponents. Updating component registration
Action start 3:28:18: ProcessComponents.
1: {541B7582-6B11-4457-ACB7-AAC2058B3229} 2: {8A853F26-5529-5FFB-8FE7-DFF021D6993C} 3: 01:\Software\Python\PythonCore\3.10\InstalledFeatures\path 
1: {541B7582-6B11-4457-ACB7-AAC2058B3229} 2: {B0CB3757-0E9C-5E22-B236-C775E238EDAA} 3: 02:\Software\Python\PythonCore\3.10\InstalledFeatures\path 
Action ended 3:28:18: ProcessComponents. Return value 1.
Action 3:28:18: UnpublishFeatures. Unpublishing Product Features
Action start 3:28:18: UnpublishFeatures.
Action ended 3:28:18: UnpublishFeatures. Return value 1.
Action 3:28:18: RemoveRegistryValues. Removing system registry values
Action start 3:28:18: RemoveRegistryValues.
Action ended 3:28:18: RemoveRegistryValues. Return value 1.
Action 3:28:18: RemoveEnvironmentStrings. Updating environment strings
Action start 3:28:18: RemoveEnvironmentStrings.
Action ended 3:28:18: RemoveEnvironmentStrings. Return value 1.
Action 3:28:18: RemoveFiles. Removing files
Action start 3:28:18: RemoveFiles.
Action ended 3:28:18: RemoveFiles. Return value 1.
Action 3:28:18: RemoveFolders. Removing folders
Action start 3:28:18: RemoveFolders.
Action ended 3:28:18: RemoveFolders. Return value 1.
Action 3:28:18: CreateFolders. Creating folders
Action start 3:28:18: CreateFolders.
Folder: Scripts
Action ended 3:28:18: CreateFolders. Return value 1.
Action 3:28:18: WriteRegistryValues. Writing system registry values
Action start 3:28:18: WriteRegistryValues.
Key: HKEY_CURRENT_USER\Software\Python\PythonCore\3.10\InstalledFeatures, Name: path, Value: 3.10.6150.0
Action ended 3:28:18: WriteRegistryValues. Return value 1.
Action 3:28:18: WriteEnvironmentStrings. Updating environment strings
Action start 3:28:18: WriteEnvironmentStrings.
Name: PATH, Value: C:\users\root\AppData\Local\Programs\Python\Python310\;, Action 2
Name: PATH, Value: C:\users\root\AppData\Local\Programs\Python\Python310\Scripts\;C:\users\root\AppData\Local\Programs\Python\Python310\;, Action -2147483647
Action ended 3:28:18: WriteEnvironmentStrings. Return value 1.
Action 3:28:18: RegisterUser. Registering user
Action start 3:28:18: RegisterUser.
1:  
Action ended 3:28:18: RegisterUser. Return value 1.
Action 3:28:18: RegisterProduct. Registering product
Action start 3:28:18: RegisterProduct.
1: {541B7582-6B11-4457-ACB7-AAC2058B3229} 
Action ended 3:28:18: RegisterProduct. Return value 1.
Action 3:28:18: PublishFeatures. Publishing Product Features
Action start 3:28:18: PublishFeatures.
Feature: DefaultFeature
Action ended 3:28:18: PublishFeatures. Return value 1.
Action 3:28:18: PublishProduct. Publishing product information
Action start 3:28:18: PublishProduct.
1: {541B7582-6B11-4457-ACB7-AAC2058B3229} 
Action ended 3:28:18: PublishProduct. Return value 1.
Action ended 3:28:18: InstallFinalize. Return value 1.
Action ended 3:28:18: INSTALL. Return value 1.
1: Python 3.10.6 Add to Path (64-bit) 2: {541B7582-6B11-4457-ACB7-AAC2058B3229} 3: 1 
Property(S): UpgradeCode = {C4D5DD43-4841-5B26-8C1A-B25A853AA4F3}
Property(S): TARGETDIR = C:\users\root\AppData\Local\Programs\Python\Python310\
Property(S): InstallDirectory = C:\users\root\AppData\Local\Programs\Python\Python310\
Property(S): Scripts = C:\users\root\AppData\Local\Programs\Python\Python310\Scripts\
Property(S): SourceDir = C:\users\root\AppData\Local\Package Cache\{541B7582-6B11-4457-ACB7-AAC2058B3229}v3.10.6150.0\
Property(S): Manufacturer = Python Software Foundation
Property(S): ProductCode = {541B7582-6B11-4457-ACB7-AAC2058B3229}
Property(S): ProductLanguage = 1033
Property(S): ProductName = Python 3.10.6 Add to Path (64-bit)
Property(S): ProductVersion = 3.10.6150.0
Property(S): DetectTargetDir = 1
Property(S): UpgradeTable = 1
Property(S): REGISTRYKEY = Software\Python\PythonCore\3.10
Property(S): SecureCustomProperties = DOWNGRADE;MISSING_CORE;UPGRADE
Property(S): AdminUser = 1
Property(S): Privileged = 1
Property(S): MsiRunningElevated = 1
Property(S): CommonAppDataFolder = C:\ProgramData\
Property(S): FavoritesFolder = C:\users\root\Favorites\
Property(S): FontsFolder = C:\windows\Fonts\
Property(S): SendToFolder = C:\users\root\AppData\Roaming\Microsoft\Windows\SendTo\
Property(S): StartMenuFolder = C:\users\root\AppData\Roaming\Microsoft\Windows\Start Menu\
Property(S): StartupFolder = C:\users\root\AppData\Roaming\Microsoft\Windows\Start Menu\Programs\StartUp\
Property(S): TemplateFolder = C:\users\root\AppData\Roaming\Microsoft\Windows\Templates\
Property(S): DesktopFolder = C:\users\root\Desktop\
Property(S): ProgramMenuFolder = C:\users\root\AppData\Roaming\Microsoft\Windows\Start Menu\Programs\
Property(S): AdminToolsFolder = C:\users\root\AppData\Roaming\Microsoft\Windows\Start Menu\Programs\Administrative Tools\
Property(S): AppDataFolder = C:\users\root\AppData\Roaming\
Property(S): SystemFolder = C:\windows\syswow64\
Property(S): System16Folder = C:\windows\system32\
Property(S): LocalAppDataFolder = C:\users\root\AppData\Local\
Property(S): MyPicturesFolder = C:\users\root\Pictures\
Property(S): PersonalFolder = C:\users\root\Documents\
Property(S): WindowsFolder = C:\windows\
Property(S): PrintHoodFolder = C:\users\root\AppData\Roaming\Microsoft\Windows\Printer Shortcuts\
Property(S): NetHoodFolder = C:\users\root\AppData\Roaming\Microsoft\Windows\Network Shortcuts\
Property(S): RecentFolder = C:\users\root\AppData\Roaming\Microsoft\Windows\Recent\
Property(S): PhysicalMemory = 23941
Property(S): WindowsVolume = C:\
Property(S): TempFolder = C:\users\root\Temp\
Property(S): VersionNT = 603
Property(S): MsiNTProductType = 1
Property(S): WindowsBuild = 9600
Property(S): ServicePackLevel = 0
Property(S): VersionMsi = 4.5
Property(S): VersionDatabase = 400
Property(S): Intel = 6
Property(S): MsiAMD64 = 6
Property(S): Msix64 = 6
Property(S): VersionNT64 = 603
Property(S): System64Folder = C:\windows\system32\
Property(S): ProgramFiles64Folder = C:\Program Files\
Property(S): ProgramFilesFolder = C:\Program Files (x86)\
Property(S): CommonFiles64Folder = C:\Program Files\Common Files\
Property(S): CommonFilesFolder = C:\Program Files (x86)\Common Files\
Property(S): ScreenX = 2560
Property(S): ScreenY = 1440
Property(S): ColorBits = 32
Property(S): UserSID = S-1-5-21-0-0-0-1000
Property(S): MsiNetAssemblySupport = 2.0.50727.4016
Property(S): UserLanguageID = 1033
Property(S): SystemLanguageID = 1033
Property(S): ProductState = -1
Property(S): LogonUser = root
Property(S): ComputerName = 94CCA55DD973
Property(S): UILevel = 2
Property(S): PackageCode = {465D401D-5F02-4AAC-8A28-7D43992C47DE}
Property(S): DATABASE = C:\windows\Installer\a0e1.msi
Property(S): OriginalDatabase = C:\users\root\AppData\Local\Package Cache\{541B7582-6B11-4457-ACB7-AAC2058B3229}v3.10.6150.0\path.msi
Property(S): SOURCEDIR = C:\users\root\AppData\Local\Package Cache\{541B7582-6B11-4457-ACB7-AAC2058B3229}v3.10.6150.0\
Property(S): ARPSYSTEMCOMPONENT = 1
Property(S): MSIFASTINSTALL = 7
Property(S): OPTIONALFEATURESREGISTRYKEY = Software\Python\PythonCore\3.10\InstalledFeatures
Property(S): REBOOT = ReallySuppress
Property(S): ACTION = INSTALL
Property(S): EXECUTEACTION = INSTALL
Property(S): CostingComplete = 1
Property(S): ROOTDRIVE = C:\
Property(S): INSTALLLEVEL = 1
Property(S): OutOfDiskSpace = 0
Property(S): OutOfNoRbDiskSpace = 0
1: 2 2: 0 
1: 2 2: 1 
Action ended 3:28:18: INSTALL. Return value 1.
