1: 0 2: 1033 3: 0 
=== Logging started: 9/1/2022  3:28:06 ===
Message type: 0, Argument: 1033, 0
Message type: 1, Argument: Python 3.10.6 Documentation (64-bit)
Action 3:28:06: INSTALL. 
Action start 3:28:06: INSTALL.
1: 0 2: 1033 3: 0 
1: 0 2: 1033 3: 0 
=== Logging started: 9/1/2022  3:28:06 ===
Message type: 0, Argument: 1033, 0
Message type: 1, Argument: Python 3.10.6 Documentation (64-bit)
Action 3:28:06: INSTALL. 
Action start 3:28:06: INSTALL.
1: Python 3.10.6 Documentation (64-bit) 2: {4306E3B9-B285-4747-B84D-9FAF08AA412D} 
Action 3:28:06: FindRelatedProducts. Searching for related applications
Action start 3:28:06: FindRelatedProducts.
Action ended 3:28:06: FindRelatedProducts. Return value 1.
Action 3:28:06: AppSearch. Searching for installed applications
Action start 3:28:06: AppSearch.
Property: TARGETDIR, Signature: PythonExe_Directory
Action ended 3:28:06: AppSearch. Return value 1.
Action 3:28:06: LaunchConditions. Evaluating launch conditions
Action start 3:28:06: LaunchConditions.
Action ended 3:28:06: LaunchConditions. Return value 1.
Action 3:28:06: ValidateProductID. 
Action start 3:28:06: ValidateProductID.
Action ended 3:28:06: ValidateProductID. Return value 1.
Action 3:28:06: CostInitialize. Computing space requirements
Action start 3:28:06: CostInitialize.
Action ended 3:28:06: CostInitialize. Return value 1.
Action 3:28:06: FileCost. Computing space requirements
Action start 3:28:06: FileCost.
Action ended 3:28:06: FileCost. Return value 1.
Action 3:28:06: SetHHExe. 
Action start 3:28:06: SetHHExe.
Action ended 3:28:06: SetHHExe. Return value 1.
Action 3:28:06: CostFinalize. Computing space requirements
Action start 3:28:06: CostFinalize.
Action ended 3:28:06: CostFinalize. Return value 1.
Action 3:28:06: InstallValidate. Validating install
Action start 3:28:06: InstallValidate.
Action ended 3:28:06: InstallValidate. Return value 1.
Action 3:28:06: InstallInitialize. 
Action start 3:28:06: InstallInitialize.
Action ended 3:28:06: InstallInitialize. Return value 1.
Action 3:28:06: ProcessComponents. Updating component registration
Action start 3:28:06: ProcessComponents.
Action ended 3:28:06: ProcessComponents. Return value 1.
Action 3:28:06: UnpublishFeatures. Unpublishing Product Features
Action start 3:28:06: UnpublishFeatures.
Action ended 3:28:06: UnpublishFeatures. Return value 1.
Action 3:28:06: RemoveRegistryValues. Removing system registry values
Action start 3:28:06: RemoveRegistryValues.
Action ended 3:28:06: RemoveRegistryValues. Return value 1.
Action 3:28:06: RemoveShortcuts. Removing shortcuts
Action start 3:28:06: RemoveShortcuts.
Action ended 3:28:06: RemoveShortcuts. Return value 1.
Action 3:28:06: RemoveFiles. Removing files
Action start 3:28:06: RemoveFiles.
Action ended 3:28:06: RemoveFiles. Return value 1.
Action 3:28:06: InstallFiles. Copying new files
Action start 3:28:06: InstallFiles.
Action ended 3:28:06: InstallFiles. Return value 1.
Action 3:28:06: CreateShortcuts. Creating shortcuts
Action start 3:28:06: CreateShortcuts.
Action ended 3:28:06: CreateShortcuts. Return value 1.
Action 3:28:06: WriteRegistryValues. Writing system registry values
Action start 3:28:06: WriteRegistryValues.
Action ended 3:28:06: WriteRegistryValues. Return value 1.
Action 3:28:06: RegisterUser. Registering user
Action start 3:28:06: RegisterUser.
Action ended 3:28:06: RegisterUser. Return value 1.
Action 3:28:06: RegisterProduct. Registering product
Action start 3:28:06: RegisterProduct.
Action ended 3:28:06: RegisterProduct. Return value 1.
Action 3:28:06: PublishFeatures. Publishing Product Features
Action start 3:28:06: PublishFeatures.
Action ended 3:28:06: PublishFeatures. Return value 1.
Action 3:28:06: PublishProduct. Publishing product information
Action start 3:28:06: PublishProduct.
Action ended 3:28:06: PublishProduct. Return value 1.
Action 3:28:06: InstallFinalize. 
Action start 3:28:06: InstallFinalize.
Action 3:28:06: ProcessComponents. Updating component registration
Action start 3:28:06: ProcessComponents.
1: {4306E3B9-B285-4747-B84D-9FAF08AA412D} 2: {96BBB626-B14F-5CCA-A0F9-E7A43590C0AC} 3: -1:\Software\Python\PythonCore\3.10\InstalledFeatures\doc_shortcut 
1: {4306E3B9-B285-4747-B84D-9FAF08AA412D} 2: {1BF15A4D-B4CF-53F5-B2BD-3E936E27161D} 3: C:\users\root\AppData\Local\Programs\Python\Python310\Doc\python3106.chm 
1: {4306E3B9-B285-4747-B84D-9FAF08AA412D} 2: {42FAA310-A5F5-513B-89D5-32543C9B1071} 3: -1:\Software\Python\PythonCore\3.10\InstalledFeatures\doc 
Action ended 3:28:06: ProcessComponents. Return value 1.
Action 3:28:06: UnpublishFeatures. Unpublishing Product Features
Action start 3:28:06: UnpublishFeatures.
Action ended 3:28:06: UnpublishFeatures. Return value 1.
Action 3:28:06: RemoveRegistryValues. Removing system registry values
Action start 3:28:06: RemoveRegistryValues.
Action ended 3:28:06: RemoveRegistryValues. Return value 1.
Action 3:28:06: RemoveShortcuts. Removing shortcuts
Action start 3:28:06: RemoveShortcuts.
Action ended 3:28:06: RemoveShortcuts. Return value 1.
Action 3:28:06: RemoveFiles. Removing files
Action start 3:28:06: RemoveFiles.
File: python3106.chm, Directory: Doc
Action ended 3:28:06: RemoveFiles. Return value 1.
Action 3:28:06: InstallFiles. Copying new files
Action start 3:28:06: InstallFiles.
File: python3106.chm,  Directory: Doc,  Size: 9329034
Action ended 3:28:06: InstallFiles. Return value 1.
Action 3:28:06: CreateShortcuts. Creating shortcuts
Action start 3:28:06: CreateShortcuts.
Shortcut: python.chm
Action ended 3:28:06: CreateShortcuts. Return value 1.
Action 3:28:06: WriteRegistryValues. Writing system registry values
Action start 3:28:06: WriteRegistryValues.
Key: HKEY_CURRENT_USER\Software\Python\PythonCore\3.10\InstalledFeatures, Name: doc_shortcut, Value: 3.10.6150.0
Key: HKEY_CURRENT_USER\Software\Python\PythonCore\3.10\InstalledFeatures, Name: doc, Value: 3.10.6150.0
Key: HKEY_CURRENT_USER\Software\Python\PythonCore\3.10\Help\Main Python Documentation, Name: , Value: C:\users\root\AppData\Local\Programs\Python\Python310\Doc\python3106.chm
Action ended 3:28:06: WriteRegistryValues. Return value 1.
Action 3:28:06: RegisterUser. Registering user
Action start 3:28:06: RegisterUser.
1:  
Action ended 3:28:06: RegisterUser. Return value 1.
Action 3:28:06: RegisterProduct. Registering product
Action start 3:28:06: RegisterProduct.
1: {4306E3B9-B285-4747-B84D-9FAF08AA412D} 
Action ended 3:28:06: RegisterProduct. Return value 1.
Action 3:28:06: PublishFeatures. Publishing Product Features
Action start 3:28:06: PublishFeatures.
Feature: DefaultFeature
Feature: Shortcuts
Action ended 3:28:06: PublishFeatures. Return value 1.
Action 3:28:06: PublishProduct. Publishing product information
Action start 3:28:06: PublishProduct.
1: {4306E3B9-B285-4747-B84D-9FAF08AA412D} 
Action ended 3:28:06: PublishProduct. Return value 1.
Action ended 3:28:06: InstallFinalize. Return value 1.
Action ended 3:28:06: INSTALL. Return value 1.
1: Python 3.10.6 Documentation (64-bit) 2: {4306E3B9-B285-4747-B84D-9FAF08AA412D} 3: 1 
Property(S): UpgradeCode = {5A8DA4B6-8EDC-525A-991F-CF243517A7C5}
Property(S): TARGETDIR = C:\users\root\AppData\Local\Programs\Python\Python310\
Property(S): MenuDir = C:\users\root\AppData\Roaming\Microsoft\Windows\Start Menu\Programs\Python 3.10\
Property(S): Doc = C:\users\root\AppData\Local\Programs\Python\Python310\Doc\
Property(S): InstallDirectory = C:\users\root\AppData\Local\Programs\Python\Python310\
Property(S): OPTIONALFEATURESREGISTRYKEY = Software\Python\PythonCore\3.10\InstalledFeatures
Property(S): HHExe = C:\windows\\hh.exe
Property(S): SourceDir = C:\users\root\AppData\Local\Package Cache\{4306E3B9-B285-4747-B84D-9FAF08AA412D}v3.10.6150.0\
Property(S): ProgramMenuFolder = C:\users\root\AppData\Roaming\Microsoft\Windows\Start Menu\Programs\
Property(S): Manufacturer = Python Software Foundation
Property(S): ProductCode = {4306E3B9-B285-4747-B84D-9FAF08AA412D}
Property(S): ProductLanguage = 1033
Property(S): ProductName = Python 3.10.6 Documentation (64-bit)
Property(S): ProductVersion = 3.10.6150.0
Property(S): DetectTargetDir = 1
Property(S): UpgradeTable = 1
Property(S): REGISTRYKEY = Software\Python\PythonCore\3.10
Property(S): SecureCustomProperties = DOWNGRADE;MISSING_CORE;UPGRADE
Property(S): AdminUser = 1
Property(S): Privileged = 1
Property(S): MsiRunningElevated = 1
Property(S): CommonAppDataFolder = C:\ProgramData\
Property(S): FavoritesFolder = C:\users\root\Favorites\
Property(S): FontsFolder = C:\windows\Fonts\
Property(S): SendToFolder = C:\users\root\AppData\Roaming\Microsoft\Windows\SendTo\
Property(S): StartMenuFolder = C:\users\root\AppData\Roaming\Microsoft\Windows\Start Menu\
Property(S): StartupFolder = C:\users\root\AppData\Roaming\Microsoft\Windows\Start Menu\Programs\StartUp\
Property(S): TemplateFolder = C:\users\root\AppData\Roaming\Microsoft\Windows\Templates\
Property(S): DesktopFolder = C:\users\root\Desktop\
Property(S): AdminToolsFolder = C:\users\root\AppData\Roaming\Microsoft\Windows\Start Menu\Programs\Administrative Tools\
Property(S): AppDataFolder = C:\users\root\AppData\Roaming\
Property(S): SystemFolder = C:\windows\syswow64\
Property(S): System16Folder = C:\windows\system32\
Property(S): LocalAppDataFolder = C:\users\root\AppData\Local\
Property(S): MyPicturesFolder = C:\users\root\Pictures\
Property(S): PersonalFolder = C:\users\root\Documents\
Property(S): WindowsFolder = C:\windows\
Property(S): PrintHoodFolder = C:\users\root\AppData\Roaming\Microsoft\Windows\Printer Shortcuts\
Property(S): NetHoodFolder = C:\users\root\AppData\Roaming\Microsoft\Windows\Network Shortcuts\
Property(S): RecentFolder = C:\users\root\AppData\Roaming\Microsoft\Windows\Recent\
Property(S): PhysicalMemory = 23941
Property(S): WindowsVolume = C:\
Property(S): TempFolder = C:\users\root\Temp\
Property(S): VersionNT = 603
Property(S): MsiNTProductType = 1
Property(S): WindowsBuild = 9600
Property(S): ServicePackLevel = 0
Property(S): VersionMsi = 4.5
Property(S): VersionDatabase = 400
Property(S): Intel = 6
Property(S): MsiAMD64 = 6
Property(S): Msix64 = 6
Property(S): VersionNT64 = 603
Property(S): System64Folder = C:\windows\system32\
Property(S): ProgramFiles64Folder = C:\Program Files\
Property(S): ProgramFilesFolder = C:\Program Files (x86)\
Property(S): CommonFiles64Folder = C:\Program Files\Common Files\
Property(S): CommonFilesFolder = C:\Program Files (x86)\Common Files\
Property(S): ScreenX = 2560
Property(S): ScreenY = 1440
Property(S): ColorBits = 32
Property(S): UserSID = S-1-5-21-0-0-0-1000
Property(S): MsiNetAssemblySupport = 2.0.50727.4016
Property(S): UserLanguageID = 1033
Property(S): SystemLanguageID = 1033
Property(S): ProductState = -1
Property(S): LogonUser = root
Property(S): ComputerName = 94CCA55DD973
Property(S): UILevel = 2
Property(S): PackageCode = {894B0619-B0FA-4107-8B37-49C745053CA4}
Property(S): DATABASE = C:\windows\Installer\7338.msi
Property(S): OriginalDatabase = C:\users\root\AppData\Local\Package Cache\{4306E3B9-B285-4747-B84D-9FAF08AA412D}v3.10.6150.0\doc.msi
Property(S): SOURCEDIR = C:\users\root\AppData\Local\Package Cache\{4306E3B9-B285-4747-B84D-9FAF08AA412D}v3.10.6150.0\
Property(S): ARPSYSTEMCOMPONENT = 1
Property(S): MSIFASTINSTALL = 7
Property(S): ADDLOCAL = DefaultFeature,Shortcuts
Property(S): REBOOT = ReallySuppress
Property(S): ACTION = INSTALL
Property(S): EXECUTEACTION = INSTALL
Property(S): CostingComplete = 1
Property(S): ROOTDRIVE = C:\
Property(S): Preselected = 1
Property(S): INSTALLLEVEL = 1
Property(S): OutOfDiskSpace = 0
Property(S): OutOfNoRbDiskSpace = 0
1: 2 2: 0 
1: 2 2: 1 
Action ended 3:28:06: INSTALL. Return value 1.
