1: 0 2: 1033 3: 0 
=== Logging started: 9/1/2022  3:28:08 ===
Message type: 0, Argument: 1033, 0
Message type: 1, Argument: Python 3.10.6 pip Bootstrap (64-bit)
Action 3:28:08: INSTALL. 
Action start 3:28:08: INSTALL.
1: 0 2: 1033 3: 0 
1: 0 2: 1033 3: 0 
=== Logging started: 9/1/2022  3:28:08 ===
Message type: 0, Argument: 1033, 0
Message type: 1, Argument: Python 3.10.6 pip Bootstrap (64-bit)
Action 3:28:08: INSTALL. 
Action start 3:28:08: INSTALL.
1: Python 3.10.6 pip Bootstrap (64-bit) 2: {3983F17E-1088-46F9-BB00-53B888FF3835} 
Action 3:28:08: FindRelatedProducts. Searching for related applications
Action start 3:28:08: FindRelatedProducts.
Action ended 3:28:08: FindRelatedProducts. Return value 1.
Action 3:28:08: AppSearch. Searching for installed applications
Action start 3:28:08: AppSearch.
Property: PYTHON_EXE, Signature: PythonExe
Action ended 3:28:08: AppSearch. Return value 1.
Action 3:28:08: LaunchConditions. Evaluating launch conditions
Action start 3:28:08: LaunchConditions.
Action ended 3:28:08: LaunchConditions. Return value 1.
Action 3:28:08: ValidateProductID. 
Action start 3:28:08: ValidateProductID.
Action ended 3:28:08: ValidateProductID. Return value 1.
Action 3:28:08: CostInitialize. Computing space requirements
Action start 3:28:08: CostInitialize.
Action ended 3:28:08: CostInitialize. Return value 1.
Action 3:28:08: FileCost. Computing space requirements
Action start 3:28:08: FileCost.
Action ended 3:28:08: FileCost. Return value 1.
Action 3:28:08: CostFinalize. Computing space requirements
Action start 3:28:08: CostFinalize.
Action ended 3:28:08: CostFinalize. Return value 1.
Action 3:28:08: InstallValidate. Validating install
Action start 3:28:08: InstallValidate.
Action ended 3:28:08: InstallValidate. Return value 1.
Action 3:28:08: InstallInitialize. 
Action start 3:28:08: InstallInitialize.
Action ended 3:28:08: InstallInitialize. Return value 1.
Action 3:28:08: ProcessComponents. Updating component registration
Action start 3:28:08: ProcessComponents.
Action ended 3:28:08: ProcessComponents. Return value 1.
Action 3:28:08: UnpublishFeatures. Unpublishing Product Features
Action start 3:28:08: UnpublishFeatures.
Action ended 3:28:08: UnpublishFeatures. Return value 1.
Action 3:28:08: RemoveRegistryValues. Removing system registry values
Action start 3:28:08: RemoveRegistryValues.
Action ended 3:28:08: RemoveRegistryValues. Return value 1.
Action 3:28:08: WriteRegistryValues. Writing system registry values
Action start 3:28:08: WriteRegistryValues.
Action ended 3:28:08: WriteRegistryValues. Return value 1.
Action 3:28:08: RegisterUser. Registering user
Action start 3:28:08: RegisterUser.
Action ended 3:28:08: RegisterUser. Return value 1.
Action 3:28:08: RegisterProduct. Registering product
Action start 3:28:08: RegisterProduct.
Action ended 3:28:08: RegisterProduct. Return value 1.
Action 3:28:08: PublishFeatures. Publishing Product Features
Action start 3:28:08: PublishFeatures.
Action ended 3:28:08: PublishFeatures. Return value 1.
Action 3:28:08: PublishProduct. Publishing product information
Action start 3:28:08: PublishProduct.
Action ended 3:28:08: PublishProduct. Return value 1.
Action 3:28:08: SetUpdatePipCommandLine. 
Action start 3:28:08: SetUpdatePipCommandLine.
Action ended 3:28:08: SetUpdatePipCommandLine. Return value 1.
Action 3:28:08: UpdatePip. 
Action start 3:28:08: UpdatePip.
Action ended 3:28:08: UpdatePip. Return value 1.
Action 3:28:08: InstallFinalize. 
Action start 3:28:08: InstallFinalize.
Action 3:28:08: ProcessComponents. Updating component registration
Action start 3:28:08: ProcessComponents.
1: {3983F17E-1088-46F9-BB00-53B888FF3835} 2: {D90FAF54-7044-53BF-B818-5C2605F437DA} 3: -1:\Software\Python\PythonCore\3.10\InstalledFeatures\pip 
Action ended 3:28:08: ProcessComponents. Return value 1.
Action 3:28:08: UnpublishFeatures. Unpublishing Product Features
Action start 3:28:08: UnpublishFeatures.
Action ended 3:28:08: UnpublishFeatures. Return value 1.
Action 3:28:08: RemoveRegistryValues. Removing system registry values
Action start 3:28:08: RemoveRegistryValues.
Action ended 3:28:08: RemoveRegistryValues. Return value 1.
Action 3:28:08: WriteRegistryValues. Writing system registry values
Action start 3:28:08: WriteRegistryValues.
Key: HKEY_CURRENT_USER\Software\Python\PythonCore\3.10\InstalledFeatures, Name: pip, Value: 3.10.6150.0
Action ended 3:28:08: WriteRegistryValues. Return value 1.
Action 3:28:08: RegisterUser. Registering user
Action start 3:28:08: RegisterUser.
1:  
Action ended 3:28:08: RegisterUser. Return value 1.
Action 3:28:08: RegisterProduct. Registering product
Action start 3:28:08: RegisterProduct.
1: {3983F17E-1088-46F9-BB00-53B888FF3835} 
Action ended 3:28:08: RegisterProduct. Return value 1.
Action 3:28:08: PublishFeatures. Publishing Product Features
Action start 3:28:08: PublishFeatures.
Feature: DefaultFeature
Action ended 3:28:08: PublishFeatures. Return value 1.
Action 3:28:08: PublishProduct. Publishing product information
Action start 3:28:08: PublishProduct.
1: {3983F17E-1088-46F9-BB00-53B888FF3835} 
Action ended 3:28:08: PublishProduct. Return value 1.
Action 3:28:08: UpdatePip. 
Action start 3:28:08: UpdatePip.
CAQuietExec64:  Looking in links: c:\users\root\Temp\tmp8_j35ut1
CAQuietExec64:  Processing c:\users\root\temp\tmp8_j35ut1\setuptools-63.2.0-py3-none-any.whl
CAQuietExec64:  Processing c:\users\root\temp\tmp8_j35ut1\pip-22.2.1-py3-none-any.whl
CAQuietExec64:  Installing collected packages: setuptools, pip
CAQuietExec64:    WARNING: The scripts pip.exe, pip3.10.exe and pip3.exe are installed in 'C:\users\root\AppData\Local\Programs\Python\Python310\Scripts' which is not on PATH.
CAQuietExec64:    Consider adding this directory to PATH or, if you prefer to suppress this warning, use --no-warn-script-location.
CAQuietExec64:  Successfully installed pip-22.2.1 setuptools-63.2.0
Action ended 3:28:18: UpdatePip. Return value 1.
Action ended 3:28:18: InstallFinalize. Return value 1.
Action ended 3:28:18: INSTALL. Return value 1.
1: Python 3.10.6 pip Bootstrap (64-bit) 2: {3983F17E-1088-46F9-BB00-53B888FF3835} 3: 1 
Property(S): UpgradeCode = {23AFC639-CD69-5DF1-8FCC-C1F04CB8C3E8}
Property(S): PYTHON_EXE = C:\users\root\AppData\Local\Programs\Python\Python310\python.exe
Property(S): InstallDirectory = C:\users\root\AppData\Local\Programs\Python\Python310\
Property(S): OPTIONALFEATURESREGISTRYKEY = Software\Python\PythonCore\3.10\InstalledFeatures
Property(S): UpdatePip = "C:\users\root\AppData\Local\Programs\Python\Python310\python.exe" -E -s -m ensurepip -U --default-pip
Property(S): TARGETDIR = C:\users\root\AppData\Local\Programs\Python\Python310\
Property(S): SourceDir = C:\users\root\AppData\Local\Package Cache\{3983F17E-1088-46F9-BB00-53B888FF3835}v3.10.6150.0\
Property(S): Manufacturer = Python Software Foundation
Property(S): ProductCode = {3983F17E-1088-46F9-BB00-53B888FF3835}
Property(S): ProductLanguage = 1033
Property(S): ProductName = Python 3.10.6 pip Bootstrap (64-bit)
Property(S): ProductVersion = 3.10.6150.0
Property(S): UpgradeTable = 1
Property(S): REGISTRYKEY = Software\Python\PythonCore\3.10
Property(S): SecureCustomProperties = DOWNGRADE;MISSING_CORE;PYTHON_EXE;UPGRADE
Property(S): AdminUser = 1
Property(S): Privileged = 1
Property(S): MsiRunningElevated = 1
Property(S): CommonAppDataFolder = C:\ProgramData\
Property(S): FavoritesFolder = C:\users\root\Favorites\
Property(S): FontsFolder = C:\windows\Fonts\
Property(S): SendToFolder = C:\users\root\AppData\Roaming\Microsoft\Windows\SendTo\
Property(S): StartMenuFolder = C:\users\root\AppData\Roaming\Microsoft\Windows\Start Menu\
Property(S): StartupFolder = C:\users\root\AppData\Roaming\Microsoft\Windows\Start Menu\Programs\StartUp\
Property(S): TemplateFolder = C:\users\root\AppData\Roaming\Microsoft\Windows\Templates\
Property(S): DesktopFolder = C:\users\root\Desktop\
Property(S): ProgramMenuFolder = C:\users\root\AppData\Roaming\Microsoft\Windows\Start Menu\Programs\
Property(S): AdminToolsFolder = C:\users\root\AppData\Roaming\Microsoft\Windows\Start Menu\Programs\Administrative Tools\
Property(S): AppDataFolder = C:\users\root\AppData\Roaming\
Property(S): SystemFolder = C:\windows\syswow64\
Property(S): System16Folder = C:\windows\system32\
Property(S): LocalAppDataFolder = C:\users\root\AppData\Local\
Property(S): MyPicturesFolder = C:\users\root\Pictures\
Property(S): PersonalFolder = C:\users\root\Documents\
Property(S): WindowsFolder = C:\windows\
Property(S): PrintHoodFolder = C:\users\root\AppData\Roaming\Microsoft\Windows\Printer Shortcuts\
Property(S): NetHoodFolder = C:\users\root\AppData\Roaming\Microsoft\Windows\Network Shortcuts\
Property(S): RecentFolder = C:\users\root\AppData\Roaming\Microsoft\Windows\Recent\
Property(S): PhysicalMemory = 23941
Property(S): WindowsVolume = C:\
Property(S): TempFolder = C:\users\root\Temp\
Property(S): VersionNT = 603
Property(S): MsiNTProductType = 1
Property(S): WindowsBuild = 9600
Property(S): ServicePackLevel = 0
Property(S): VersionMsi = 4.5
Property(S): VersionDatabase = 400
Property(S): Intel = 6
Property(S): MsiAMD64 = 6
Property(S): Msix64 = 6
Property(S): VersionNT64 = 603
Property(S): System64Folder = C:\windows\system32\
Property(S): ProgramFiles64Folder = C:\Program Files\
Property(S): ProgramFilesFolder = C:\Program Files (x86)\
Property(S): CommonFiles64Folder = C:\Program Files\Common Files\
Property(S): CommonFilesFolder = C:\Program Files (x86)\Common Files\
Property(S): ScreenX = 2560
Property(S): ScreenY = 1440
Property(S): ColorBits = 32
Property(S): UserSID = S-1-5-21-0-0-0-1000
Property(S): MsiNetAssemblySupport = 2.0.50727.4016
Property(S): UserLanguageID = 1033
Property(S): SystemLanguageID = 1033
Property(S): ProductState = -1
Property(S): LogonUser = root
Property(S): ComputerName = 94CCA55DD973
Property(S): UILevel = 2
Property(S): PackageCode = {A8EE0EAC-4F73-4D31-8E19-876DB3551713}
Property(S): DATABASE = C:\windows\Installer\7cd7.msi
Property(S): OriginalDatabase = C:\users\root\AppData\Local\Package Cache\{3983F17E-1088-46F9-BB00-53B888FF3835}v3.10.6150.0\pip.msi
Property(S): SOURCEDIR = C:\users\root\AppData\Local\Package Cache\{3983F17E-1088-46F9-BB00-53B888FF3835}v3.10.6150.0\
Property(S): ARPSYSTEMCOMPONENT = 1
Property(S): MSIFASTINSTALL = 7
Property(S): REBOOT = ReallySuppress
Property(S): ACTION = INSTALL
Property(S): EXECUTEACTION = INSTALL
Property(S): CostingComplete = 1
Property(S): ROOTDRIVE = C:\
Property(S): INSTALLLEVEL = 1
Property(S): OutOfDiskSpace = 0
Property(S): OutOfNoRbDiskSpace = 0
Property(S): CustomActionData = "C:\users\root\AppData\Local\Programs\Python\Python310\python.exe" -E -s -m ensurepip -U --default-pip
1: 2 2: 0 
1: 2 2: 1 
Action ended 3:28:18: INSTALL. Return value 1.
