1: 0 2: 1033 3: 0 
=== Logging started: 9/1/2022  3:28:02 ===
Message type: 0, Argument: 1033, 0
Message type: 1, Argument: Python 3.10.6 Core Interpreter (64-bit)
Action 3:28:02: INSTALL. 
Action start 3:28:02: INSTALL.
1: 0 2: 1033 3: 0 
1: 0 2: 1033 3: 0 
=== Logging started: 9/1/2022  3:28:02 ===
Message type: 0, Argument: 1033, 0
Message type: 1, Argument: Python 3.10.6 Core Interpreter (64-bit)
Action 3:28:02: INSTALL. 
Action start 3:28:02: INSTALL.
1: Python 3.10.6 Core Interpreter (64-bit) 2: {C91F8E4B-F9C1-4FD1-BCF3-4A91CDAD4B72} 
Action 3:28:02: FindRelatedProducts. Searching for related applications
Action start 3:28:02: FindRelatedProducts.
Action ended 3:28:02: FindRelatedProducts. Return value 1.
Action 3:28:02: LaunchConditions. Evaluating launch conditions
Action start 3:28:02: LaunchConditions.
Action ended 3:28:02: LaunchConditions. Return value 1.
Action 3:28:02: ValidateProductID. 
Action start 3:28:02: ValidateProductID.
Action ended 3:28:02: ValidateProductID. Return value 1.
Action 3:28:02: CostInitialize. Computing space requirements
Action start 3:28:02: CostInitialize.
Action ended 3:28:02: CostInitialize. Return value 1.
Action 3:28:02: FileCost. Computing space requirements
Action start 3:28:02: FileCost.
Action ended 3:28:02: FileCost. Return value 1.
Action 3:28:02: CostFinalize. Computing space requirements
Action start 3:28:02: CostFinalize.
Action ended 3:28:02: CostFinalize. Return value 1.
Action 3:28:02: InstallValidate. Validating install
Action start 3:28:02: InstallValidate.
Action ended 3:28:02: InstallValidate. Return value 1.
Action 3:28:02: InstallInitialize. 
Action start 3:28:02: InstallInitialize.
Action ended 3:28:02: InstallInitialize. Return value 1.
Action 3:28:02: ProcessComponents. Updating component registration
Action start 3:28:02: ProcessComponents.
Action ended 3:28:02: ProcessComponents. Return value 1.
Action 3:28:02: UnpublishFeatures. Unpublishing Product Features
Action start 3:28:02: UnpublishFeatures.
Action ended 3:28:02: UnpublishFeatures. Return value 1.
Action 3:28:02: RemoveFiles. Removing files
Action start 3:28:02: RemoveFiles.
Action ended 3:28:02: RemoveFiles. Return value 1.
Action 3:28:02: InstallFiles. Copying new files
Action start 3:28:02: InstallFiles.
Action ended 3:28:02: InstallFiles. Return value 1.
Action 3:28:02: RegisterUser. Registering user
Action start 3:28:02: RegisterUser.
Action ended 3:28:02: RegisterUser. Return value 1.
Action 3:28:02: RegisterProduct. Registering product
Action start 3:28:02: RegisterProduct.
Action ended 3:28:02: RegisterProduct. Return value 1.
Action 3:28:02: PublishFeatures. Publishing Product Features
Action start 3:28:02: PublishFeatures.
Action ended 3:28:02: PublishFeatures. Return value 1.
Action 3:28:02: PublishProduct. Publishing product information
Action start 3:28:02: PublishProduct.
Action ended 3:28:02: PublishProduct. Return value 1.
Action 3:28:02: InstallFinalize. 
Action start 3:28:02: InstallFinalize.
Action 3:28:02: ProcessComponents. Updating component registration
Action start 3:28:02: ProcessComponents.
1: {C91F8E4B-F9C1-4FD1-BCF3-4A91CDAD4B72} 2: {941B7416-AACE-5566-856C-F255AECA2480} 3: C:\users\root\AppData\Local\Programs\Python\Python310\python3.dll 
1: {C91F8E4B-F9C1-4FD1-BCF3-4A91CDAD4B72} 2: {6E97F22D-1069-5A68-8002-2F49D22193BD} 3: C:\users\root\AppData\Local\Programs\Python\Python310\python310.dll 
Action ended 3:28:02: ProcessComponents. Return value 1.
Action 3:28:02: UnpublishFeatures. Unpublishing Product Features
Action start 3:28:02: UnpublishFeatures.
Action ended 3:28:02: UnpublishFeatures. Return value 1.
Action 3:28:02: RemoveFiles. Removing files
Action start 3:28:02: RemoveFiles.
File: python310.dll, Directory: InstallDirectory
File: python3.dll, Directory: InstallDirectory
Action ended 3:28:02: RemoveFiles. Return value 1.
Action 3:28:02: InstallFiles. Copying new files
Action start 3:28:02: InstallFiles.
File: python310.dll,  Directory: InstallDirectory,  Size: 4493736
File: python3.dll,  Directory: InstallDirectory,  Size: 64936
Action ended 3:28:02: InstallFiles. Return value 1.
Action 3:28:02: RegisterUser. Registering user
Action start 3:28:02: RegisterUser.
1:  
Action ended 3:28:02: RegisterUser. Return value 1.
Action 3:28:02: RegisterProduct. Registering product
Action start 3:28:02: RegisterProduct.
1: {C91F8E4B-F9C1-4FD1-BCF3-4A91CDAD4B72} 
Action ended 3:28:02: RegisterProduct. Return value 1.
Action 3:28:02: PublishFeatures. Publishing Product Features
Action start 3:28:02: PublishFeatures.
Feature: DefaultFeature
Action ended 3:28:02: PublishFeatures. Return value 1.
Action 3:28:02: PublishProduct. Publishing product information
Action start 3:28:02: PublishProduct.
1: {C91F8E4B-F9C1-4FD1-BCF3-4A91CDAD4B72} 
Action ended 3:28:02: PublishProduct. Return value 1.
Action ended 3:28:02: InstallFinalize. Return value 1.
Action ended 3:28:02: INSTALL. Return value 1.
1: Python 3.10.6 Core Interpreter (64-bit) 2: {C91F8E4B-F9C1-4FD1-BCF3-4A91CDAD4B72} 3: 1 
Property(S): UpgradeCode = {BEBDFFF9-1AE3-52B1-8005-FBB053D3F9A4}
Property(S): InstallDirectory = C:\users\root\AppData\Local\Programs\Python\Python310\
Property(S): TARGETDIR = C:\users\root\AppData\Local\Programs\Python\Python310\
Property(S): SourceDir = C:\users\root\AppData\Local\Package Cache\{C91F8E4B-F9C1-4FD1-BCF3-4A91CDAD4B72}v3.10.6150.0\
Property(S): Manufacturer = Python Software Foundation
Property(S): ProductCode = {C91F8E4B-F9C1-4FD1-BCF3-4A91CDAD4B72}
Property(S): ProductLanguage = 1033
Property(S): ProductName = Python 3.10.6 Core Interpreter (64-bit)
Property(S): ProductVersion = 3.10.6150.0
Property(S): UpgradeTable = 1
Property(S): SecureCustomProperties = DOWNGRADE;MISSING_CORE;UPGRADE
Property(S): AdminUser = 1
Property(S): Privileged = 1
Property(S): MsiRunningElevated = 1
Property(S): CommonAppDataFolder = C:\ProgramData\
Property(S): FavoritesFolder = C:\users\root\Favorites\
Property(S): FontsFolder = C:\windows\Fonts\
Property(S): SendToFolder = C:\users\root\AppData\Roaming\Microsoft\Windows\SendTo\
Property(S): StartMenuFolder = C:\users\root\AppData\Roaming\Microsoft\Windows\Start Menu\
Property(S): StartupFolder = C:\users\root\AppData\Roaming\Microsoft\Windows\Start Menu\Programs\StartUp\
Property(S): TemplateFolder = C:\users\root\AppData\Roaming\Microsoft\Windows\Templates\
Property(S): DesktopFolder = C:\users\root\Desktop\
Property(S): ProgramMenuFolder = C:\users\root\AppData\Roaming\Microsoft\Windows\Start Menu\Programs\
Property(S): AdminToolsFolder = C:\users\root\AppData\Roaming\Microsoft\Windows\Start Menu\Programs\Administrative Tools\
Property(S): AppDataFolder = C:\users\root\AppData\Roaming\
Property(S): SystemFolder = C:\windows\syswow64\
Property(S): System16Folder = C:\windows\system32\
Property(S): LocalAppDataFolder = C:\users\root\AppData\Local\
Property(S): MyPicturesFolder = C:\users\root\Pictures\
Property(S): PersonalFolder = C:\users\root\Documents\
Property(S): WindowsFolder = C:\windows\
Property(S): PrintHoodFolder = C:\users\root\AppData\Roaming\Microsoft\Windows\Printer Shortcuts\
Property(S): NetHoodFolder = C:\users\root\AppData\Roaming\Microsoft\Windows\Network Shortcuts\
Property(S): RecentFolder = C:\users\root\AppData\Roaming\Microsoft\Windows\Recent\
Property(S): PhysicalMemory = 23941
Property(S): WindowsVolume = C:\
Property(S): TempFolder = C:\users\root\Temp\
Property(S): VersionNT = 603
Property(S): MsiNTProductType = 1
Property(S): WindowsBuild = 9600
Property(S): ServicePackLevel = 0
Property(S): VersionMsi = 4.5
Property(S): VersionDatabase = 400
Property(S): Intel = 6
Property(S): MsiAMD64 = 6
Property(S): Msix64 = 6
Property(S): VersionNT64 = 603
Property(S): System64Folder = C:\windows\system32\
Property(S): ProgramFiles64Folder = C:\Program Files\
Property(S): ProgramFilesFolder = C:\Program Files (x86)\
Property(S): CommonFiles64Folder = C:\Program Files\Common Files\
Property(S): CommonFilesFolder = C:\Program Files (x86)\Common Files\
Property(S): ScreenX = 2560
Property(S): ScreenY = 1440
Property(S): ColorBits = 32
Property(S): UserSID = S-1-5-21-0-0-0-1000
Property(S): MsiNetAssemblySupport = 2.0.50727.4016
Property(S): UserLanguageID = 1033
Property(S): SystemLanguageID = 1033
Property(S): ProductState = -1
Property(S): LogonUser = root
Property(S): ComputerName = 94CCA55DD973
Property(S): UILevel = 2
Property(S): PackageCode = {B0A1A2F3-011D-489F-A215-DC460D788509}
Property(S): DATABASE = C:\windows\Installer\658e.msi
Property(S): OriginalDatabase = C:\users\root\AppData\Local\Package Cache\{C91F8E4B-F9C1-4FD1-BCF3-4A91CDAD4B72}v3.10.6150.0\core.msi
Property(S): SOURCEDIR = C:\users\root\AppData\Local\Package Cache\{C91F8E4B-F9C1-4FD1-BCF3-4A91CDAD4B72}v3.10.6150.0\
Property(S): ARPSYSTEMCOMPONENT = 1
Property(S): MSIFASTINSTALL = 7
Property(S): OPTIONALFEATURESREGISTRYKEY = Software\Python\PythonCore\3.10\InstalledFeatures
Property(S): REBOOT = ReallySuppress
Property(S): ACTION = INSTALL
Property(S): EXECUTEACTION = INSTALL
Property(S): CostingComplete = 1
Property(S): ROOTDRIVE = C:\
Property(S): INSTALLLEVEL = 1
Property(S): OutOfDiskSpace = 0
Property(S): OutOfNoRbDiskSpace = 0
1: 2 2: 0 
1: 2 2: 1 
Action ended 3:28:02: INSTALL. Return value 1.
